2018-03-14 14:57:43,570 INFO org.apache.hadoop.nfs.nfs3.Nfs3Base: STARTUP_MSG: 
/************************************************************
STARTUP_MSG: Starting Nfs3
STARTUP_MSG:   host = singlenode.ustc.edu/192.168.3.60
STARTUP_MSG:   args = []
STARTUP_MSG:   version = 2.7.2
STARTUP_MSG:   classpath = /opt/hadoop-2.7.2/etc/hadoop:/opt/hadoop-2.7.2/share/hadoop/common/lib/commons-math3-3.1.1.jar:/opt/hadoop-2.7.2/share/hadoop/common/lib/commons-beanutils-core-1.8.0.jar:/opt/hadoop-2.7.2/share/hadoop/common/lib/commons-net-3.1.jar:/opt/hadoop-2.7.2/share/hadoop/common/lib/jersey-server-1.9.jar:/opt/hadoop-2.7.2/share/hadoop/common/lib/commons-codec-1.4.jar:/opt/hadoop-2.7.2/share/hadoop/common/lib/jackson-core-asl-1.9.13.jar:/opt/hadoop-2.7.2/share/hadoop/common/lib/jackson-jaxrs-1.9.13.jar:/opt/hadoop-2.7.2/share/hadoop/common/lib/jersey-json-1.9.jar:/opt/hadoop-2.7.2/share/hadoop/common/lib/jackson-xc-1.9.13.jar:/opt/hadoop-2.7.2/share/hadoop/common/lib/commons-digester-1.8.jar:/opt/hadoop-2.7.2/share/hadoop/common/lib/netty-3.6.2.Final.jar:/opt/hadoop-2.7.2/share/hadoop/common/lib/jaxb-impl-2.2.3-1.jar:/opt/hadoop-2.7.2/share/hadoop/common/lib/commons-collections-3.2.2.jar:/opt/hadoop-2.7.2/share/hadoop/common/lib/jsch-0.1.42.jar:/opt/hadoop-2.7.2/share/hadoop/common/lib/commons-beanutils-1.7.0.jar:/opt/hadoop-2.7.2/share/hadoop/common/lib/snappy-java-1.0.4.1.jar:/opt/hadoop-2.7.2/share/hadoop/common/lib/gson-2.2.4.jar:/opt/hadoop-2.7.2/share/hadoop/common/lib/curator-recipes-2.7.1.jar:/opt/hadoop-2.7.2/share/hadoop/common/lib/jsr305-3.0.0.jar:/opt/hadoop-2.7.2/share/hadoop/common/lib/servlet-api-2.5.jar:/opt/hadoop-2.7.2/share/hadoop/common/lib/curator-client-2.7.1.jar:/opt/hadoop-2.7.2/share/hadoop/common/lib/commons-logging-1.1.3.jar:/opt/hadoop-2.7.2/share/hadoop/common/lib/junit-4.11.jar:/opt/hadoop-2.7.2/share/hadoop/common/lib/jsp-api-2.1.jar:/opt/hadoop-2.7.2/share/hadoop/common/lib/jaxb-api-2.2.2.jar:/opt/hadoop-2.7.2/share/hadoop/common/lib/stax-api-1.0-2.jar:/opt/hadoop-2.7.2/share/hadoop/common/lib/commons-io-2.4.jar:/opt/hadoop-2.7.2/share/hadoop/common/lib/avro-1.7.4.jar:/opt/hadoop-2.7.2/share/hadoop/common/lib/jersey-core-1.9.jar:/opt/hadoop-2.7.2/share/hadoop/common/lib/jetty-6.1.26.jar:/opt/hadoop-2.7.2/share/hadoop/common/lib/hadoop-annotations-2.7.2.jar:/opt/hadoop-2.7.2/share/hadoop/common/lib/slf4j-log4j12-1.7.10.jar:/opt/hadoop-2.7.2/share/hadoop/common/lib/htrace-core-3.1.0-incubating.jar:/opt/hadoop-2.7.2/share/hadoop/common/lib/commons-compress-1.4.1.jar:/opt/hadoop-2.7.2/share/hadoop/common/lib/jackson-mapper-asl-1.9.13.jar:/opt/hadoop-2.7.2/share/hadoop/common/lib/apacheds-kerberos-codec-2.0.0-M15.jar:/opt/hadoop-2.7.2/share/hadoop/common/lib/slf4j-api-1.7.10.jar:/opt/hadoop-2.7.2/share/hadoop/common/lib/hamcrest-core-1.3.jar:/opt/hadoop-2.7.2/share/hadoop/common/lib/xz-1.0.jar:/opt/hadoop-2.7.2/share/hadoop/common/lib/httpclient-4.2.5.jar:/opt/hadoop-2.7.2/share/hadoop/common/lib/activation-1.1.jar:/opt/hadoop-2.7.2/share/hadoop/common/lib/guava-11.0.2.jar:/opt/hadoop-2.7.2/share/hadoop/common/lib/protobuf-java-2.5.0.jar:/opt/hadoop-2.7.2/share/hadoop/common/lib/commons-httpclient-3.1.jar:/opt/hadoop-2.7.2/share/hadoop/common/lib/jets3t-0.9.0.jar:/opt/hadoop-2.7.2/share/hadoop/common/lib/api-util-1.0.0-M20.jar:/opt/hadoop-2.7.2/share/hadoop/common/lib/mockito-all-1.8.5.jar:/opt/hadoop-2.7.2/share/hadoop/common/lib/commons-lang-2.6.jar:/opt/hadoop-2.7.2/share/hadoop/common/lib/zookeeper-3.4.6.jar:/opt/hadoop-2.7.2/share/hadoop/common/lib/jetty-util-6.1.26.jar:/opt/hadoop-2.7.2/share/hadoop/common/lib/commons-configuration-1.6.jar:/opt/hadoop-2.7.2/share/hadoop/common/lib/jettison-1.1.jar:/opt/hadoop-2.7.2/share/hadoop/common/lib/api-asn1-api-1.0.0-M20.jar:/opt/hadoop-2.7.2/share/hadoop/common/lib/xmlenc-0.52.jar:/opt/hadoop-2.7.2/share/hadoop/common/lib/hadoop-auth-2.7.2.jar:/opt/hadoop-2.7.2/share/hadoop/common/lib/httpcore-4.2.5.jar:/opt/hadoop-2.7.2/share/hadoop/common/lib/log4j-1.2.17.jar:/opt/hadoop-2.7.2/share/hadoop/common/lib/commons-cli-1.2.jar:/opt/hadoop-2.7.2/share/hadoop/common/lib/asm-3.2.jar:/opt/hadoop-2.7.2/share/hadoop/common/lib/apacheds-i18n-2.0.0-M15.jar:/opt/hadoop-2.7.2/share/hadoop/common/lib/paranamer-2.3.jar:/opt/hadoop-2.7.2/share/hadoop/common/lib/curator-framework-2.7.1.jar:/opt/hadoop-2.7.2/share/hadoop/common/lib/java-xmlbuilder-0.4.jar:/opt/hadoop-2.7.2/share/hadoop/common/hadoop-nfs-2.7.2.jar:/opt/hadoop-2.7.2/share/hadoop/common/hadoop-common-2.7.2.jar:/opt/hadoop-2.7.2/share/hadoop/common/hadoop-common-2.7.2-tests.jar:/opt/hadoop-2.7.2/share/hadoop/hdfs:/opt/hadoop-2.7.2/share/hadoop/hdfs/lib/jersey-server-1.9.jar:/opt/hadoop-2.7.2/share/hadoop/hdfs/lib/commons-codec-1.4.jar:/opt/hadoop-2.7.2/share/hadoop/hdfs/lib/jackson-core-asl-1.9.13.jar:/opt/hadoop-2.7.2/share/hadoop/hdfs/lib/netty-all-4.0.23.Final.jar:/opt/hadoop-2.7.2/share/hadoop/hdfs/lib/netty-3.6.2.Final.jar:/opt/hadoop-2.7.2/share/hadoop/hdfs/lib/jsr305-3.0.0.jar:/opt/hadoop-2.7.2/share/hadoop/hdfs/lib/servlet-api-2.5.jar:/opt/hadoop-2.7.2/share/hadoop/hdfs/lib/leveldbjni-all-1.8.jar:/opt/hadoop-2.7.2/share/hadoop/hdfs/lib/commons-logging-1.1.3.jar:/opt/hadoop-2.7.2/share/hadoop/hdfs/lib/xml-apis-1.3.04.jar:/opt/hadoop-2.7.2/share/hadoop/hdfs/lib/commons-io-2.4.jar:/opt/hadoop-2.7.2/share/hadoop/hdfs/lib/jersey-core-1.9.jar:/opt/hadoop-2.7.2/share/hadoop/hdfs/lib/jetty-6.1.26.jar:/opt/hadoop-2.7.2/share/hadoop/hdfs/lib/htrace-core-3.1.0-incubating.jar:/opt/hadoop-2.7.2/share/hadoop/hdfs/lib/jackson-mapper-asl-1.9.13.jar:/opt/hadoop-2.7.2/share/hadoop/hdfs/lib/guava-11.0.2.jar:/opt/hadoop-2.7.2/share/hadoop/hdfs/lib/commons-daemon-1.0.13.jar:/opt/hadoop-2.7.2/share/hadoop/hdfs/lib/protobuf-java-2.5.0.jar:/opt/hadoop-2.7.2/share/hadoop/hdfs/lib/xercesImpl-2.9.1.jar:/opt/hadoop-2.7.2/share/hadoop/hdfs/lib/commons-lang-2.6.jar:/opt/hadoop-2.7.2/share/hadoop/hdfs/lib/jetty-util-6.1.26.jar:/opt/hadoop-2.7.2/share/hadoop/hdfs/lib/xmlenc-0.52.jar:/opt/hadoop-2.7.2/share/hadoop/hdfs/lib/log4j-1.2.17.jar:/opt/hadoop-2.7.2/share/hadoop/hdfs/lib/commons-cli-1.2.jar:/opt/hadoop-2.7.2/share/hadoop/hdfs/lib/asm-3.2.jar:/opt/hadoop-2.7.2/share/hadoop/hdfs/hadoop-hdfs-2.7.2.jar:/opt/hadoop-2.7.2/share/hadoop/hdfs/hadoop-hdfs-2.7.2-tests.jar:/opt/hadoop-2.7.2/share/hadoop/hdfs/hadoop-hdfs-nfs-2.7.2.jar:/opt/hadoop-2.7.2/share/hadoop/yarn/lib/jersey-server-1.9.jar:/opt/hadoop-2.7.2/share/hadoop/yarn/lib/commons-codec-1.4.jar:/opt/hadoop-2.7.2/share/hadoop/yarn/lib/jackson-core-asl-1.9.13.jar:/opt/hadoop-2.7.2/share/hadoop/yarn/lib/jackson-jaxrs-1.9.13.jar:/opt/hadoop-2.7.2/share/hadoop/yarn/lib/jersey-json-1.9.jar:/opt/hadoop-2.7.2/share/hadoop/yarn/lib/jersey-client-1.9.jar:/opt/hadoop-2.7.2/share/hadoop/yarn/lib/jackson-xc-1.9.13.jar:/opt/hadoop-2.7.2/share/hadoop/yarn/lib/netty-3.6.2.Final.jar:/opt/hadoop-2.7.2/share/hadoop/yarn/lib/jaxb-impl-2.2.3-1.jar:/opt/hadoop-2.7.2/share/hadoop/yarn/lib/commons-collections-3.2.2.jar:/opt/hadoop-2.7.2/share/hadoop/yarn/lib/jsr305-3.0.0.jar:/opt/hadoop-2.7.2/share/hadoop/yarn/lib/servlet-api-2.5.jar:/opt/hadoop-2.7.2/share/hadoop/yarn/lib/leveldbjni-all-1.8.jar:/opt/hadoop-2.7.2/share/hadoop/yarn/lib/commons-logging-1.1.3.jar:/opt/hadoop-2.7.2/share/hadoop/yarn/lib/guice-3.0.jar:/opt/hadoop-2.7.2/share/hadoop/yarn/lib/jaxb-api-2.2.2.jar:/opt/hadoop-2.7.2/share/hadoop/yarn/lib/stax-api-1.0-2.jar:/opt/hadoop-2.7.2/share/hadoop/yarn/lib/jersey-guice-1.9.jar:/opt/hadoop-2.7.2/share/hadoop/yarn/lib/commons-io-2.4.jar:/opt/hadoop-2.7.2/share/hadoop/yarn/lib/jersey-core-1.9.jar:/opt/hadoop-2.7.2/share/hadoop/yarn/lib/jetty-6.1.26.jar:/opt/hadoop-2.7.2/share/hadoop/yarn/lib/aopalliance-1.0.jar:/opt/hadoop-2.7.2/share/hadoop/yarn/lib/commons-compress-1.4.1.jar:/opt/hadoop-2.7.2/share/hadoop/yarn/lib/jackson-mapper-asl-1.9.13.jar:/opt/hadoop-2.7.2/share/hadoop/yarn/lib/javax.inject-1.jar:/opt/hadoop-2.7.2/share/hadoop/yarn/lib/xz-1.0.jar:/opt/hadoop-2.7.2/share/hadoop/yarn/lib/activation-1.1.jar:/opt/hadoop-2.7.2/share/hadoop/yarn/lib/guava-11.0.2.jar:/opt/hadoop-2.7.2/share/hadoop/yarn/lib/protobuf-java-2.5.0.jar:/opt/hadoop-2.7.2/share/hadoop/yarn/lib/commons-lang-2.6.jar:/opt/hadoop-2.7.2/share/hadoop/yarn/lib/zookeeper-3.4.6.jar:/opt/hadoop-2.7.2/share/hadoop/yarn/lib/guice-servlet-3.0.jar:/opt/hadoop-2.7.2/share/hadoop/yarn/lib/jetty-util-6.1.26.jar:/opt/hadoop-2.7.2/share/hadoop/yarn/lib/jettison-1.1.jar:/opt/hadoop-2.7.2/share/hadoop/yarn/lib/zookeeper-3.4.6-tests.jar:/opt/hadoop-2.7.2/share/hadoop/yarn/lib/log4j-1.2.17.jar:/opt/hadoop-2.7.2/share/hadoop/yarn/lib/commons-cli-1.2.jar:/opt/hadoop-2.7.2/share/hadoop/yarn/lib/asm-3.2.jar:/opt/hadoop-2.7.2/share/hadoop/yarn/hadoop-yarn-common-2.7.2.jar:/opt/hadoop-2.7.2/share/hadoop/yarn/hadoop-yarn-server-tests-2.7.2.jar:/opt/hadoop-2.7.2/share/hadoop/yarn/hadoop-yarn-api-2.7.2.jar:/opt/hadoop-2.7.2/share/hadoop/yarn/hadoop-yarn-server-sharedcachemanager-2.7.2.jar:/opt/hadoop-2.7.2/share/hadoop/yarn/hadoop-yarn-applications-unmanaged-am-launcher-2.7.2.jar:/opt/hadoop-2.7.2/share/hadoop/yarn/hadoop-yarn-client-2.7.2.jar:/opt/hadoop-2.7.2/share/hadoop/yarn/hadoop-yarn-registry-2.7.2.jar:/opt/hadoop-2.7.2/share/hadoop/yarn/hadoop-yarn-applications-distributedshell-2.7.2.jar:/opt/hadoop-2.7.2/share/hadoop/yarn/hadoop-yarn-server-nodemanager-2.7.2.jar:/opt/hadoop-2.7.2/share/hadoop/yarn/hadoop-yarn-server-resourcemanager-2.7.2.jar:/opt/hadoop-2.7.2/share/hadoop/yarn/hadoop-yarn-server-common-2.7.2.jar:/opt/hadoop-2.7.2/share/hadoop/yarn/hadoop-yarn-server-web-proxy-2.7.2.jar:/opt/hadoop-2.7.2/share/hadoop/yarn/hadoop-yarn-server-applicationhistoryservice-2.7.2.jar:/opt/hadoop-2.7.2/share/hadoop/mapreduce/lib/jersey-server-1.9.jar:/opt/hadoop-2.7.2/share/hadoop/mapreduce/lib/jackson-core-asl-1.9.13.jar:/opt/hadoop-2.7.2/share/hadoop/mapreduce/lib/netty-3.6.2.Final.jar:/opt/hadoop-2.7.2/share/hadoop/mapreduce/lib/snappy-java-1.0.4.1.jar:/opt/hadoop-2.7.2/share/hadoop/mapreduce/lib/leveldbjni-all-1.8.jar:/opt/hadoop-2.7.2/share/hadoop/mapreduce/lib/junit-4.11.jar:/opt/hadoop-2.7.2/share/hadoop/mapreduce/lib/guice-3.0.jar:/opt/hadoop-2.7.2/share/hadoop/mapreduce/lib/jersey-guice-1.9.jar:/opt/hadoop-2.7.2/share/hadoop/mapreduce/lib/commons-io-2.4.jar:/opt/hadoop-2.7.2/share/hadoop/mapreduce/lib/avro-1.7.4.jar:/opt/hadoop-2.7.2/share/hadoop/mapreduce/lib/jersey-core-1.9.jar:/opt/hadoop-2.7.2/share/hadoop/mapreduce/lib/hadoop-annotations-2.7.2.jar:/opt/hadoop-2.7.2/share/hadoop/mapreduce/lib/aopalliance-1.0.jar:/opt/hadoop-2.7.2/share/hadoop/mapreduce/lib/commons-compress-1.4.1.jar:/opt/hadoop-2.7.2/share/hadoop/mapreduce/lib/jackson-mapper-asl-1.9.13.jar:/opt/hadoop-2.7.2/share/hadoop/mapreduce/lib/hamcrest-core-1.3.jar:/opt/hadoop-2.7.2/share/hadoop/mapreduce/lib/javax.inject-1.jar:/opt/hadoop-2.7.2/share/hadoop/mapreduce/lib/xz-1.0.jar:/opt/hadoop-2.7.2/share/hadoop/mapreduce/lib/protobuf-java-2.5.0.jar:/opt/hadoop-2.7.2/share/hadoop/mapreduce/lib/guice-servlet-3.0.jar:/opt/hadoop-2.7.2/share/hadoop/mapreduce/lib/log4j-1.2.17.jar:/opt/hadoop-2.7.2/share/hadoop/mapreduce/lib/asm-3.2.jar:/opt/hadoop-2.7.2/share/hadoop/mapreduce/lib/paranamer-2.3.jar:/opt/hadoop-2.7.2/share/hadoop/mapreduce/hadoop-mapreduce-client-hs-2.7.2.jar:/opt/hadoop-2.7.2/share/hadoop/mapreduce/hadoop-mapreduce-client-core-2.7.2.jar:/opt/hadoop-2.7.2/share/hadoop/mapreduce/hadoop-mapreduce-client-shuffle-2.7.2.jar:/opt/hadoop-2.7.2/share/hadoop/mapreduce/hadoop-mapreduce-examples-2.7.2.jar:/opt/hadoop-2.7.2/share/hadoop/mapreduce/hadoop-mapreduce-client-hs-plugins-2.7.2.jar:/opt/hadoop-2.7.2/share/hadoop/mapreduce/hadoop-mapreduce-client-common-2.7.2.jar:/opt/hadoop-2.7.2/share/hadoop/mapreduce/hadoop-mapreduce-client-app-2.7.2.jar:/opt/hadoop-2.7.2/share/hadoop/mapreduce/hadoop-mapreduce-client-jobclient-2.7.2-tests.jar:/opt/hadoop-2.7.2/share/hadoop/mapreduce/hadoop-mapreduce-client-jobclient-2.7.2.jar:/contrib/capacity-scheduler/*.jar:/contrib/capacity-scheduler/*.jar:/contrib/capacity-scheduler/*.jar
STARTUP_MSG:   build = https://git-wip-us.apache.org/repos/asf/hadoop.git -r b165c4fe8a74265c792ce23f546c64604acf0e41; compiled by 'jenkins' on 2016-01-26T00:08Z
STARTUP_MSG:   java = 1.8.0_161
************************************************************/
2018-03-14 14:57:43,577 INFO org.apache.hadoop.nfs.nfs3.Nfs3Base: registered UNIX signal handlers for [TERM, HUP, INT]
2018-03-14 14:57:43,768 INFO org.apache.hadoop.metrics2.impl.MetricsConfig: loaded properties from hadoop-metrics2.properties
2018-03-14 14:57:43,814 INFO org.apache.hadoop.metrics2.impl.MetricsSystemImpl: Scheduled snapshot period at 10 second(s).
2018-03-14 14:57:43,814 INFO org.apache.hadoop.metrics2.impl.MetricsSystemImpl: Nfs3 metrics system started
2018-03-14 14:57:43,822 INFO org.apache.hadoop.oncrpc.RpcProgram: Will accept client connections from unprivileged ports
2018-03-14 14:57:43,846 INFO org.apache.hadoop.security.ShellBasedIdMapping: Not doing static UID/GID mapping because '/etc/nfs.map' does not exist.
2018-03-14 14:57:43,855 INFO org.apache.hadoop.hdfs.nfs.nfs3.WriteManager: Stream timeout is 600000ms.
2018-03-14 14:57:43,856 INFO org.apache.hadoop.hdfs.nfs.nfs3.WriteManager: Maximum open streams is 256
2018-03-14 14:57:43,857 INFO org.apache.hadoop.hdfs.nfs.nfs3.OpenFileCtxCache: Maximum open streams is 256
2018-03-14 14:57:44,111 INFO org.apache.hadoop.security.UserGroupInformation: Login successful for user hdfs/singlenode.ustc.edu@SINGLENODE.COM using keytab file /etc/security/keytab/hdfs.keytab
2018-03-14 14:57:44,111 INFO org.apache.hadoop.hdfs.nfs.nfs3.RpcProgramNfs3: Configured HDFS superuser is 
2018-03-14 14:57:44,112 INFO org.apache.hadoop.hdfs.nfs.nfs3.RpcProgramNfs3: Create new dump directory /tmp/.hdfs-nfs
2018-03-14 14:57:44,113 INFO org.apache.hadoop.nfs.nfs3.Nfs3Base: NFS server port set to: 2049
2018-03-14 14:57:44,113 INFO org.apache.hadoop.oncrpc.RpcProgram: Will accept client connections from unprivileged ports
2018-03-14 14:57:44,116 INFO org.apache.hadoop.security.UserGroupInformation: Login successful for user hdfs/singlenode.ustc.edu@SINGLENODE.COM using keytab file /etc/security/keytab/hdfs.keytab
2018-03-14 14:57:44,390 INFO org.apache.hadoop.oncrpc.SimpleUdpServer: Started listening to UDP requests at port 4242 for Rpc program: mountd at localhost:4242 with workerCount 1
2018-03-14 14:57:44,396 INFO org.apache.hadoop.oncrpc.SimpleTcpServer: Started listening to TCP requests at port 4242 for Rpc program: mountd at localhost:4242 with workerCount 1
2018-03-14 14:57:44,423 INFO org.apache.hadoop.hdfs.DFSUtil: Starting web server as: hdfs/singlenode.ustc.edu@SINGLENODE.COM
2018-03-14 14:57:44,423 INFO org.apache.hadoop.hdfs.DFSUtil: Starting Web-server for nfs3 at: http://0.0.0.0:50079
2018-03-14 14:57:44,460 INFO org.mortbay.log: Logging to org.slf4j.impl.Log4jLoggerAdapter(org.mortbay.log) via org.mortbay.log.Slf4jLog
2018-03-14 14:57:44,468 INFO org.apache.hadoop.http.HttpRequestLog: Http request log for http.requests.nfs3 is not defined
2018-03-14 14:57:44,471 INFO org.apache.hadoop.http.HttpServer2: Added global filter 'safety' (class=org.apache.hadoop.http.HttpServer2$QuotingInputFilter)
2018-03-14 14:57:44,472 INFO org.apache.hadoop.http.HttpServer2: Added filter authentication (class=org.apache.hadoop.security.authentication.server.AuthenticationFilter) to context nfs3
2018-03-14 14:57:44,472 INFO org.apache.hadoop.http.HttpServer2: Added filter authentication (class=org.apache.hadoop.security.authentication.server.AuthenticationFilter) to context logs
2018-03-14 14:57:44,472 INFO org.apache.hadoop.http.HttpServer2: Added filter authentication (class=org.apache.hadoop.security.authentication.server.AuthenticationFilter) to context static
2018-03-14 14:57:44,479 INFO org.apache.hadoop.http.HttpServer2: Jetty bound to port 50079
2018-03-14 14:57:44,479 INFO org.mortbay.log: jetty-6.1.26
2018-03-14 14:57:44,566 INFO org.apache.hadoop.security.authentication.server.KerberosAuthenticationHandler: Login using keytab /etc/security/keytab/spnego.service.keytab, for principal HTTP/singlenode.ustc.edu@SINGLENODE.COM
2018-03-14 14:57:44,569 INFO org.apache.hadoop.security.authentication.server.KerberosAuthenticationHandler: Login using keytab /etc/security/keytab/spnego.service.keytab, for principal hdfs/singlenode.ustc.edu@SINGLENODE.COM
2018-03-14 14:57:44,573 INFO org.mortbay.log: Started HttpServer2$SelectChannelConnectorWithSafeStartup@0.0.0.0:50079
2018-03-14 14:57:44,602 INFO org.apache.hadoop.oncrpc.SimpleTcpServer: Started listening to TCP requests at port 2049 for Rpc program: NFS3 at localhost:2049 with workerCount 0
2018-03-14 15:05:58,735 INFO org.apache.hadoop.hdfs.nfs.mount.RpcProgramMountd: Giving handle (fileId:16385) to client for export /
2018-03-14 15:05:58,806 WARN org.apache.hadoop.hdfs.nfs.nfs3.RpcProgramNfs3: Exception 
org.apache.hadoop.ipc.RemoteException(org.apache.hadoop.security.authorize.AuthorizationException): User: hdfs/singlenode.ustc.edu@SINGLENODE.COM is not allowed to impersonate root
	at org.apache.hadoop.ipc.Client.call(Client.java:1475)
	at org.apache.hadoop.ipc.Client.call(Client.java:1412)
	at org.apache.hadoop.ipc.ProtobufRpcEngine$Invoker.invoke(ProtobufRpcEngine.java:229)
	at com.sun.proxy.$Proxy12.getFileLinkInfo(Unknown Source)
	at org.apache.hadoop.hdfs.protocolPB.ClientNamenodeProtocolTranslatorPB.getFileLinkInfo(ClientNamenodeProtocolTranslatorPB.java:784)
	at sun.reflect.NativeMethodAccessorImpl.invoke0(Native Method)
	at sun.reflect.NativeMethodAccessorImpl.invoke(NativeMethodAccessorImpl.java:62)
	at sun.reflect.DelegatingMethodAccessorImpl.invoke(DelegatingMethodAccessorImpl.java:43)
	at java.lang.reflect.Method.invoke(Method.java:498)
	at org.apache.hadoop.io.retry.RetryInvocationHandler.invokeMethod(RetryInvocationHandler.java:191)
	at org.apache.hadoop.io.retry.RetryInvocationHandler.invoke(RetryInvocationHandler.java:102)
	at com.sun.proxy.$Proxy13.getFileLinkInfo(Unknown Source)
	at org.apache.hadoop.hdfs.DFSClient.getFileLinkInfo(DFSClient.java:2148)
	at org.apache.hadoop.hdfs.nfs.nfs3.Nfs3Utils.getFileStatus(Nfs3Utils.java:58)
	at org.apache.hadoop.hdfs.nfs.nfs3.Nfs3Utils.getFileAttr(Nfs3Utils.java:82)
	at org.apache.hadoop.hdfs.nfs.nfs3.RpcProgramNfs3.fsinfo(RpcProgramNfs3.java:1969)
	at org.apache.hadoop.hdfs.nfs.nfs3.RpcProgramNfs3.fsinfo(RpcProgramNfs3.java:1925)
	at org.apache.hadoop.hdfs.nfs.nfs3.RpcProgramNfs3.handleInternal(RpcProgramNfs3.java:2251)
	at org.apache.hadoop.oncrpc.RpcProgram.messageReceived(RpcProgram.java:167)
	at org.jboss.netty.channel.SimpleChannelUpstreamHandler.handleUpstream(SimpleChannelUpstreamHandler.java:70)
	at org.jboss.netty.channel.DefaultChannelPipeline.sendUpstream(DefaultChannelPipeline.java:560)
	at org.jboss.netty.channel.DefaultChannelPipeline$DefaultChannelHandlerContext.sendUpstream(DefaultChannelPipeline.java:787)
	at org.jboss.netty.channel.Channels.fireMessageReceived(Channels.java:281)
	at org.apache.hadoop.oncrpc.RpcUtil$RpcMessageParserStage.messageReceived(RpcUtil.java:132)
	at org.jboss.netty.channel.SimpleChannelUpstreamHandler.handleUpstream(SimpleChannelUpstreamHandler.java:70)
	at org.jboss.netty.channel.DefaultChannelPipeline.sendUpstream(DefaultChannelPipeline.java:560)
	at org.jboss.netty.channel.DefaultChannelPipeline$DefaultChannelHandlerContext.sendUpstream(DefaultChannelPipeline.java:787)
	at org.jboss.netty.channel.Channels.fireMessageReceived(Channels.java:296)
	at org.jboss.netty.handler.codec.frame.FrameDecoder.unfoldAndFireMessageReceived(FrameDecoder.java:462)
	at org.jboss.netty.handler.codec.frame.FrameDecoder.callDecode(FrameDecoder.java:443)
	at org.jboss.netty.handler.codec.frame.FrameDecoder.messageReceived(FrameDecoder.java:303)
	at org.jboss.netty.channel.SimpleChannelUpstreamHandler.handleUpstream(SimpleChannelUpstreamHandler.java:70)
	at org.jboss.netty.channel.DefaultChannelPipeline.sendUpstream(DefaultChannelPipeline.java:560)
	at org.jboss.netty.channel.DefaultChannelPipeline.sendUpstream(DefaultChannelPipeline.java:555)
	at org.jboss.netty.channel.Channels.fireMessageReceived(Channels.java:268)
	at org.jboss.netty.channel.Channels.fireMessageReceived(Channels.java:255)
	at org.jboss.netty.channel.socket.nio.NioWorker.read(NioWorker.java:88)
	at org.jboss.netty.channel.socket.nio.AbstractNioWorker.process(AbstractNioWorker.java:107)
	at org.jboss.netty.channel.socket.nio.AbstractNioSelector.run(AbstractNioSelector.java:312)
	at org.jboss.netty.channel.socket.nio.AbstractNioWorker.run(AbstractNioWorker.java:88)
	at org.jboss.netty.channel.socket.nio.NioWorker.run(NioWorker.java:178)
	at org.jboss.netty.util.ThreadRenamingRunnable.run(ThreadRenamingRunnable.java:108)
	at org.jboss.netty.util.internal.DeadLockProofWorker$1.run(DeadLockProofWorker.java:42)
	at java.util.concurrent.ThreadPoolExecutor.runWorker(ThreadPoolExecutor.java:1149)
	at java.util.concurrent.ThreadPoolExecutor$Worker.run(ThreadPoolExecutor.java:624)
	at java.lang.Thread.run(Thread.java:748)
2018-03-14 15:05:58,815 WARN org.apache.hadoop.hdfs.nfs.nfs3.RpcProgramNfs3: Exception 
org.apache.hadoop.ipc.RemoteException(org.apache.hadoop.security.authorize.AuthorizationException): User: hdfs/singlenode.ustc.edu@SINGLENODE.COM is not allowed to impersonate root
	at org.apache.hadoop.ipc.Client.call(Client.java:1475)
	at org.apache.hadoop.ipc.Client.call(Client.java:1412)
	at org.apache.hadoop.ipc.ProtobufRpcEngine$Invoker.invoke(ProtobufRpcEngine.java:229)
	at com.sun.proxy.$Proxy12.getFileLinkInfo(Unknown Source)
	at org.apache.hadoop.hdfs.protocolPB.ClientNamenodeProtocolTranslatorPB.getFileLinkInfo(ClientNamenodeProtocolTranslatorPB.java:784)
	at sun.reflect.NativeMethodAccessorImpl.invoke0(Native Method)
	at sun.reflect.NativeMethodAccessorImpl.invoke(NativeMethodAccessorImpl.java:62)
	at sun.reflect.DelegatingMethodAccessorImpl.invoke(DelegatingMethodAccessorImpl.java:43)
	at java.lang.reflect.Method.invoke(Method.java:498)
	at org.apache.hadoop.io.retry.RetryInvocationHandler.invokeMethod(RetryInvocationHandler.java:191)
	at org.apache.hadoop.io.retry.RetryInvocationHandler.invoke(RetryInvocationHandler.java:102)
	at com.sun.proxy.$Proxy13.getFileLinkInfo(Unknown Source)
	at org.apache.hadoop.hdfs.DFSClient.getFileLinkInfo(DFSClient.java:2148)
	at org.apache.hadoop.hdfs.nfs.nfs3.Nfs3Utils.getFileStatus(Nfs3Utils.java:58)
	at org.apache.hadoop.hdfs.nfs.nfs3.Nfs3Utils.getFileAttr(Nfs3Utils.java:82)
	at org.apache.hadoop.hdfs.nfs.nfs3.RpcProgramNfs3.fsinfo(RpcProgramNfs3.java:1969)
	at org.apache.hadoop.hdfs.nfs.nfs3.RpcProgramNfs3.fsinfo(RpcProgramNfs3.java:1925)
	at org.apache.hadoop.hdfs.nfs.nfs3.RpcProgramNfs3.handleInternal(RpcProgramNfs3.java:2251)
	at org.apache.hadoop.oncrpc.RpcProgram.messageReceived(RpcProgram.java:167)
	at org.jboss.netty.channel.SimpleChannelUpstreamHandler.handleUpstream(SimpleChannelUpstreamHandler.java:70)
	at org.jboss.netty.channel.DefaultChannelPipeline.sendUpstream(DefaultChannelPipeline.java:560)
	at org.jboss.netty.channel.DefaultChannelPipeline$DefaultChannelHandlerContext.sendUpstream(DefaultChannelPipeline.java:787)
	at org.jboss.netty.channel.Channels.fireMessageReceived(Channels.java:281)
	at org.apache.hadoop.oncrpc.RpcUtil$RpcMessageParserStage.messageReceived(RpcUtil.java:132)
	at org.jboss.netty.channel.SimpleChannelUpstreamHandler.handleUpstream(SimpleChannelUpstreamHandler.java:70)
	at org.jboss.netty.channel.DefaultChannelPipeline.sendUpstream(DefaultChannelPipeline.java:560)
	at org.jboss.netty.channel.DefaultChannelPipeline$DefaultChannelHandlerContext.sendUpstream(DefaultChannelPipeline.java:787)
	at org.jboss.netty.channel.Channels.fireMessageReceived(Channels.java:296)
	at org.jboss.netty.handler.codec.frame.FrameDecoder.unfoldAndFireMessageReceived(FrameDecoder.java:462)
	at org.jboss.netty.handler.codec.frame.FrameDecoder.callDecode(FrameDecoder.java:443)
	at org.jboss.netty.handler.codec.frame.FrameDecoder.messageReceived(FrameDecoder.java:303)
	at org.jboss.netty.channel.SimpleChannelUpstreamHandler.handleUpstream(SimpleChannelUpstreamHandler.java:70)
	at org.jboss.netty.channel.DefaultChannelPipeline.sendUpstream(DefaultChannelPipeline.java:560)
	at org.jboss.netty.channel.DefaultChannelPipeline.sendUpstream(DefaultChannelPipeline.java:555)
	at org.jboss.netty.channel.Channels.fireMessageReceived(Channels.java:268)
	at org.jboss.netty.channel.Channels.fireMessageReceived(Channels.java:255)
	at org.jboss.netty.channel.socket.nio.NioWorker.read(NioWorker.java:88)
	at org.jboss.netty.channel.socket.nio.AbstractNioWorker.process(AbstractNioWorker.java:107)
	at org.jboss.netty.channel.socket.nio.AbstractNioSelector.run(AbstractNioSelector.java:312)
	at org.jboss.netty.channel.socket.nio.AbstractNioWorker.run(AbstractNioWorker.java:88)
	at org.jboss.netty.channel.socket.nio.NioWorker.run(NioWorker.java:178)
	at org.jboss.netty.util.ThreadRenamingRunnable.run(ThreadRenamingRunnable.java:108)
	at org.jboss.netty.util.internal.DeadLockProofWorker$1.run(DeadLockProofWorker.java:42)
	at java.util.concurrent.ThreadPoolExecutor.runWorker(ThreadPoolExecutor.java:1149)
	at java.util.concurrent.ThreadPoolExecutor$Worker.run(ThreadPoolExecutor.java:624)
	at java.lang.Thread.run(Thread.java:748)
2018-03-14 15:06:32,757 INFO org.apache.hadoop.hdfs.nfs.mount.RpcProgramMountd: Giving handle (fileId:16385) to client for export /
2018-03-14 15:06:32,811 WARN org.apache.hadoop.hdfs.nfs.nfs3.RpcProgramNfs3: Exception 
org.apache.hadoop.ipc.RemoteException(org.apache.hadoop.security.authorize.AuthorizationException): User: hdfs/singlenode.ustc.edu@SINGLENODE.COM is not allowed to impersonate root
	at org.apache.hadoop.ipc.Client.call(Client.java:1475)
	at org.apache.hadoop.ipc.Client.call(Client.java:1412)
	at org.apache.hadoop.ipc.ProtobufRpcEngine$Invoker.invoke(ProtobufRpcEngine.java:229)
	at com.sun.proxy.$Proxy12.getFileLinkInfo(Unknown Source)
	at org.apache.hadoop.hdfs.protocolPB.ClientNamenodeProtocolTranslatorPB.getFileLinkInfo(ClientNamenodeProtocolTranslatorPB.java:784)
	at sun.reflect.NativeMethodAccessorImpl.invoke0(Native Method)
	at sun.reflect.NativeMethodAccessorImpl.invoke(NativeMethodAccessorImpl.java:62)
	at sun.reflect.DelegatingMethodAccessorImpl.invoke(DelegatingMethodAccessorImpl.java:43)
	at java.lang.reflect.Method.invoke(Method.java:498)
	at org.apache.hadoop.io.retry.RetryInvocationHandler.invokeMethod(RetryInvocationHandler.java:191)
	at org.apache.hadoop.io.retry.RetryInvocationHandler.invoke(RetryInvocationHandler.java:102)
	at com.sun.proxy.$Proxy13.getFileLinkInfo(Unknown Source)
	at org.apache.hadoop.hdfs.DFSClient.getFileLinkInfo(DFSClient.java:2148)
	at org.apache.hadoop.hdfs.nfs.nfs3.Nfs3Utils.getFileStatus(Nfs3Utils.java:58)
	at org.apache.hadoop.hdfs.nfs.nfs3.Nfs3Utils.getFileAttr(Nfs3Utils.java:82)
	at org.apache.hadoop.hdfs.nfs.nfs3.RpcProgramNfs3.fsinfo(RpcProgramNfs3.java:1969)
	at org.apache.hadoop.hdfs.nfs.nfs3.RpcProgramNfs3.fsinfo(RpcProgramNfs3.java:1925)
	at org.apache.hadoop.hdfs.nfs.nfs3.RpcProgramNfs3.handleInternal(RpcProgramNfs3.java:2251)
	at org.apache.hadoop.oncrpc.RpcProgram.messageReceived(RpcProgram.java:167)
	at org.jboss.netty.channel.SimpleChannelUpstreamHandler.handleUpstream(SimpleChannelUpstreamHandler.java:70)
	at org.jboss.netty.channel.DefaultChannelPipeline.sendUpstream(DefaultChannelPipeline.java:560)
	at org.jboss.netty.channel.DefaultChannelPipeline$DefaultChannelHandlerContext.sendUpstream(DefaultChannelPipeline.java:787)
	at org.jboss.netty.channel.Channels.fireMessageReceived(Channels.java:281)
	at org.apache.hadoop.oncrpc.RpcUtil$RpcMessageParserStage.messageReceived(RpcUtil.java:132)
	at org.jboss.netty.channel.SimpleChannelUpstreamHandler.handleUpstream(SimpleChannelUpstreamHandler.java:70)
	at org.jboss.netty.channel.DefaultChannelPipeline.sendUpstream(DefaultChannelPipeline.java:560)
	at org.jboss.netty.channel.DefaultChannelPipeline$DefaultChannelHandlerContext.sendUpstream(DefaultChannelPipeline.java:787)
	at org.jboss.netty.channel.Channels.fireMessageReceived(Channels.java:296)
	at org.jboss.netty.handler.codec.frame.FrameDecoder.unfoldAndFireMessageReceived(FrameDecoder.java:462)
	at org.jboss.netty.handler.codec.frame.FrameDecoder.callDecode(FrameDecoder.java:443)
	at org.jboss.netty.handler.codec.frame.FrameDecoder.messageReceived(FrameDecoder.java:303)
	at org.jboss.netty.channel.SimpleChannelUpstreamHandler.handleUpstream(SimpleChannelUpstreamHandler.java:70)
	at org.jboss.netty.channel.DefaultChannelPipeline.sendUpstream(DefaultChannelPipeline.java:560)
	at org.jboss.netty.channel.DefaultChannelPipeline.sendUpstream(DefaultChannelPipeline.java:555)
	at org.jboss.netty.channel.Channels.fireMessageReceived(Channels.java:268)
	at org.jboss.netty.channel.Channels.fireMessageReceived(Channels.java:255)
	at org.jboss.netty.channel.socket.nio.NioWorker.read(NioWorker.java:88)
	at org.jboss.netty.channel.socket.nio.AbstractNioWorker.process(AbstractNioWorker.java:107)
	at org.jboss.netty.channel.socket.nio.AbstractNioSelector.run(AbstractNioSelector.java:312)
	at org.jboss.netty.channel.socket.nio.AbstractNioWorker.run(AbstractNioWorker.java:88)
	at org.jboss.netty.channel.socket.nio.NioWorker.run(NioWorker.java:178)
	at org.jboss.netty.util.ThreadRenamingRunnable.run(ThreadRenamingRunnable.java:108)
	at org.jboss.netty.util.internal.DeadLockProofWorker$1.run(DeadLockProofWorker.java:42)
	at java.util.concurrent.ThreadPoolExecutor.runWorker(ThreadPoolExecutor.java:1149)
	at java.util.concurrent.ThreadPoolExecutor$Worker.run(ThreadPoolExecutor.java:624)
	at java.lang.Thread.run(Thread.java:748)
2018-03-14 15:06:32,830 WARN org.apache.hadoop.hdfs.nfs.nfs3.RpcProgramNfs3: Exception 
org.apache.hadoop.ipc.RemoteException(org.apache.hadoop.security.authorize.AuthorizationException): User: hdfs/singlenode.ustc.edu@SINGLENODE.COM is not allowed to impersonate root
	at org.apache.hadoop.ipc.Client.call(Client.java:1475)
	at org.apache.hadoop.ipc.Client.call(Client.java:1412)
	at org.apache.hadoop.ipc.ProtobufRpcEngine$Invoker.invoke(ProtobufRpcEngine.java:229)
	at com.sun.proxy.$Proxy12.getFileLinkInfo(Unknown Source)
	at org.apache.hadoop.hdfs.protocolPB.ClientNamenodeProtocolTranslatorPB.getFileLinkInfo(ClientNamenodeProtocolTranslatorPB.java:784)
	at sun.reflect.NativeMethodAccessorImpl.invoke0(Native Method)
	at sun.reflect.NativeMethodAccessorImpl.invoke(NativeMethodAccessorImpl.java:62)
	at sun.reflect.DelegatingMethodAccessorImpl.invoke(DelegatingMethodAccessorImpl.java:43)
	at java.lang.reflect.Method.invoke(Method.java:498)
	at org.apache.hadoop.io.retry.RetryInvocationHandler.invokeMethod(RetryInvocationHandler.java:191)
	at org.apache.hadoop.io.retry.RetryInvocationHandler.invoke(RetryInvocationHandler.java:102)
	at com.sun.proxy.$Proxy13.getFileLinkInfo(Unknown Source)
	at org.apache.hadoop.hdfs.DFSClient.getFileLinkInfo(DFSClient.java:2148)
	at org.apache.hadoop.hdfs.nfs.nfs3.Nfs3Utils.getFileStatus(Nfs3Utils.java:58)
	at org.apache.hadoop.hdfs.nfs.nfs3.Nfs3Utils.getFileAttr(Nfs3Utils.java:82)
	at org.apache.hadoop.hdfs.nfs.nfs3.RpcProgramNfs3.fsinfo(RpcProgramNfs3.java:1969)
	at org.apache.hadoop.hdfs.nfs.nfs3.RpcProgramNfs3.fsinfo(RpcProgramNfs3.java:1925)
	at org.apache.hadoop.hdfs.nfs.nfs3.RpcProgramNfs3.handleInternal(RpcProgramNfs3.java:2251)
	at org.apache.hadoop.oncrpc.RpcProgram.messageReceived(RpcProgram.java:167)
	at org.jboss.netty.channel.SimpleChannelUpstreamHandler.handleUpstream(SimpleChannelUpstreamHandler.java:70)
	at org.jboss.netty.channel.DefaultChannelPipeline.sendUpstream(DefaultChannelPipeline.java:560)
	at org.jboss.netty.channel.DefaultChannelPipeline$DefaultChannelHandlerContext.sendUpstream(DefaultChannelPipeline.java:787)
	at org.jboss.netty.channel.Channels.fireMessageReceived(Channels.java:281)
	at org.apache.hadoop.oncrpc.RpcUtil$RpcMessageParserStage.messageReceived(RpcUtil.java:132)
	at org.jboss.netty.channel.SimpleChannelUpstreamHandler.handleUpstream(SimpleChannelUpstreamHandler.java:70)
	at org.jboss.netty.channel.DefaultChannelPipeline.sendUpstream(DefaultChannelPipeline.java:560)
	at org.jboss.netty.channel.DefaultChannelPipeline$DefaultChannelHandlerContext.sendUpstream(DefaultChannelPipeline.java:787)
	at org.jboss.netty.channel.Channels.fireMessageReceived(Channels.java:296)
	at org.jboss.netty.handler.codec.frame.FrameDecoder.unfoldAndFireMessageReceived(FrameDecoder.java:462)
	at org.jboss.netty.handler.codec.frame.FrameDecoder.callDecode(FrameDecoder.java:443)
	at org.jboss.netty.handler.codec.frame.FrameDecoder.messageReceived(FrameDecoder.java:303)
	at org.jboss.netty.channel.SimpleChannelUpstreamHandler.handleUpstream(SimpleChannelUpstreamHandler.java:70)
	at org.jboss.netty.channel.DefaultChannelPipeline.sendUpstream(DefaultChannelPipeline.java:560)
	at org.jboss.netty.channel.DefaultChannelPipeline.sendUpstream(DefaultChannelPipeline.java:555)
	at org.jboss.netty.channel.Channels.fireMessageReceived(Channels.java:268)
	at org.jboss.netty.channel.Channels.fireMessageReceived(Channels.java:255)
	at org.jboss.netty.channel.socket.nio.NioWorker.read(NioWorker.java:88)
	at org.jboss.netty.channel.socket.nio.AbstractNioWorker.process(AbstractNioWorker.java:107)
	at org.jboss.netty.channel.socket.nio.AbstractNioSelector.run(AbstractNioSelector.java:312)
	at org.jboss.netty.channel.socket.nio.AbstractNioWorker.run(AbstractNioWorker.java:88)
	at org.jboss.netty.channel.socket.nio.NioWorker.run(NioWorker.java:178)
	at org.jboss.netty.util.ThreadRenamingRunnable.run(ThreadRenamingRunnable.java:108)
	at org.jboss.netty.util.internal.DeadLockProofWorker$1.run(DeadLockProofWorker.java:42)
	at java.util.concurrent.ThreadPoolExecutor.runWorker(ThreadPoolExecutor.java:1149)
	at java.util.concurrent.ThreadPoolExecutor$Worker.run(ThreadPoolExecutor.java:624)
	at java.lang.Thread.run(Thread.java:748)
2018-03-14 15:11:36,709 INFO org.apache.hadoop.hdfs.nfs.mount.RpcProgramMountd: Giving handle (fileId:16385) to client for export /
2018-03-14 15:11:36,737 WARN org.apache.hadoop.hdfs.nfs.nfs3.RpcProgramNfs3: Exception 
org.apache.hadoop.ipc.RemoteException(org.apache.hadoop.security.authorize.AuthorizationException): User: hdfs/singlenode.ustc.edu@SINGLENODE.COM is not allowed to impersonate root
	at org.apache.hadoop.ipc.Client.call(Client.java:1475)
	at org.apache.hadoop.ipc.Client.call(Client.java:1412)
	at org.apache.hadoop.ipc.ProtobufRpcEngine$Invoker.invoke(ProtobufRpcEngine.java:229)
	at com.sun.proxy.$Proxy12.getFileLinkInfo(Unknown Source)
	at org.apache.hadoop.hdfs.protocolPB.ClientNamenodeProtocolTranslatorPB.getFileLinkInfo(ClientNamenodeProtocolTranslatorPB.java:784)
	at sun.reflect.NativeMethodAccessorImpl.invoke0(Native Method)
	at sun.reflect.NativeMethodAccessorImpl.invoke(NativeMethodAccessorImpl.java:62)
	at sun.reflect.DelegatingMethodAccessorImpl.invoke(DelegatingMethodAccessorImpl.java:43)
	at java.lang.reflect.Method.invoke(Method.java:498)
	at org.apache.hadoop.io.retry.RetryInvocationHandler.invokeMethod(RetryInvocationHandler.java:191)
	at org.apache.hadoop.io.retry.RetryInvocationHandler.invoke(RetryInvocationHandler.java:102)
	at com.sun.proxy.$Proxy13.getFileLinkInfo(Unknown Source)
	at org.apache.hadoop.hdfs.DFSClient.getFileLinkInfo(DFSClient.java:2148)
	at org.apache.hadoop.hdfs.nfs.nfs3.Nfs3Utils.getFileStatus(Nfs3Utils.java:58)
	at org.apache.hadoop.hdfs.nfs.nfs3.Nfs3Utils.getFileAttr(Nfs3Utils.java:82)
	at org.apache.hadoop.hdfs.nfs.nfs3.RpcProgramNfs3.fsinfo(RpcProgramNfs3.java:1969)
	at org.apache.hadoop.hdfs.nfs.nfs3.RpcProgramNfs3.fsinfo(RpcProgramNfs3.java:1925)
	at org.apache.hadoop.hdfs.nfs.nfs3.RpcProgramNfs3.handleInternal(RpcProgramNfs3.java:2251)
	at org.apache.hadoop.oncrpc.RpcProgram.messageReceived(RpcProgram.java:167)
	at org.jboss.netty.channel.SimpleChannelUpstreamHandler.handleUpstream(SimpleChannelUpstreamHandler.java:70)
	at org.jboss.netty.channel.DefaultChannelPipeline.sendUpstream(DefaultChannelPipeline.java:560)
	at org.jboss.netty.channel.DefaultChannelPipeline$DefaultChannelHandlerContext.sendUpstream(DefaultChannelPipeline.java:787)
	at org.jboss.netty.channel.Channels.fireMessageReceived(Channels.java:281)
	at org.apache.hadoop.oncrpc.RpcUtil$RpcMessageParserStage.messageReceived(RpcUtil.java:132)
	at org.jboss.netty.channel.SimpleChannelUpstreamHandler.handleUpstream(SimpleChannelUpstreamHandler.java:70)
	at org.jboss.netty.channel.DefaultChannelPipeline.sendUpstream(DefaultChannelPipeline.java:560)
	at org.jboss.netty.channel.DefaultChannelPipeline$DefaultChannelHandlerContext.sendUpstream(DefaultChannelPipeline.java:787)
	at org.jboss.netty.channel.Channels.fireMessageReceived(Channels.java:296)
	at org.jboss.netty.handler.codec.frame.FrameDecoder.unfoldAndFireMessageReceived(FrameDecoder.java:462)
	at org.jboss.netty.handler.codec.frame.FrameDecoder.callDecode(FrameDecoder.java:443)
	at org.jboss.netty.handler.codec.frame.FrameDecoder.messageReceived(FrameDecoder.java:303)
	at org.jboss.netty.channel.SimpleChannelUpstreamHandler.handleUpstream(SimpleChannelUpstreamHandler.java:70)
	at org.jboss.netty.channel.DefaultChannelPipeline.sendUpstream(DefaultChannelPipeline.java:560)
	at org.jboss.netty.channel.DefaultChannelPipeline.sendUpstream(DefaultChannelPipeline.java:555)
	at org.jboss.netty.channel.Channels.fireMessageReceived(Channels.java:268)
	at org.jboss.netty.channel.Channels.fireMessageReceived(Channels.java:255)
	at org.jboss.netty.channel.socket.nio.NioWorker.read(NioWorker.java:88)
	at org.jboss.netty.channel.socket.nio.AbstractNioWorker.process(AbstractNioWorker.java:107)
	at org.jboss.netty.channel.socket.nio.AbstractNioSelector.run(AbstractNioSelector.java:312)
	at org.jboss.netty.channel.socket.nio.AbstractNioWorker.run(AbstractNioWorker.java:88)
	at org.jboss.netty.channel.socket.nio.NioWorker.run(NioWorker.java:178)
	at org.jboss.netty.util.ThreadRenamingRunnable.run(ThreadRenamingRunnable.java:108)
	at org.jboss.netty.util.internal.DeadLockProofWorker$1.run(DeadLockProofWorker.java:42)
	at java.util.concurrent.ThreadPoolExecutor.runWorker(ThreadPoolExecutor.java:1149)
	at java.util.concurrent.ThreadPoolExecutor$Worker.run(ThreadPoolExecutor.java:624)
	at java.lang.Thread.run(Thread.java:748)
2018-03-14 15:11:36,743 WARN org.apache.hadoop.hdfs.nfs.nfs3.RpcProgramNfs3: Exception 
org.apache.hadoop.ipc.RemoteException(org.apache.hadoop.security.authorize.AuthorizationException): User: hdfs/singlenode.ustc.edu@SINGLENODE.COM is not allowed to impersonate root
	at org.apache.hadoop.ipc.Client.call(Client.java:1475)
	at org.apache.hadoop.ipc.Client.call(Client.java:1412)
	at org.apache.hadoop.ipc.ProtobufRpcEngine$Invoker.invoke(ProtobufRpcEngine.java:229)
	at com.sun.proxy.$Proxy12.getFileLinkInfo(Unknown Source)
	at org.apache.hadoop.hdfs.protocolPB.ClientNamenodeProtocolTranslatorPB.getFileLinkInfo(ClientNamenodeProtocolTranslatorPB.java:784)
	at sun.reflect.NativeMethodAccessorImpl.invoke0(Native Method)
	at sun.reflect.NativeMethodAccessorImpl.invoke(NativeMethodAccessorImpl.java:62)
	at sun.reflect.DelegatingMethodAccessorImpl.invoke(DelegatingMethodAccessorImpl.java:43)
	at java.lang.reflect.Method.invoke(Method.java:498)
	at org.apache.hadoop.io.retry.RetryInvocationHandler.invokeMethod(RetryInvocationHandler.java:191)
	at org.apache.hadoop.io.retry.RetryInvocationHandler.invoke(RetryInvocationHandler.java:102)
	at com.sun.proxy.$Proxy13.getFileLinkInfo(Unknown Source)
	at org.apache.hadoop.hdfs.DFSClient.getFileLinkInfo(DFSClient.java:2148)
	at org.apache.hadoop.hdfs.nfs.nfs3.Nfs3Utils.getFileStatus(Nfs3Utils.java:58)
	at org.apache.hadoop.hdfs.nfs.nfs3.Nfs3Utils.getFileAttr(Nfs3Utils.java:82)
	at org.apache.hadoop.hdfs.nfs.nfs3.RpcProgramNfs3.fsinfo(RpcProgramNfs3.java:1969)
	at org.apache.hadoop.hdfs.nfs.nfs3.RpcProgramNfs3.fsinfo(RpcProgramNfs3.java:1925)
	at org.apache.hadoop.hdfs.nfs.nfs3.RpcProgramNfs3.handleInternal(RpcProgramNfs3.java:2251)
	at org.apache.hadoop.oncrpc.RpcProgram.messageReceived(RpcProgram.java:167)
	at org.jboss.netty.channel.SimpleChannelUpstreamHandler.handleUpstream(SimpleChannelUpstreamHandler.java:70)
	at org.jboss.netty.channel.DefaultChannelPipeline.sendUpstream(DefaultChannelPipeline.java:560)
	at org.jboss.netty.channel.DefaultChannelPipeline$DefaultChannelHandlerContext.sendUpstream(DefaultChannelPipeline.java:787)
	at org.jboss.netty.channel.Channels.fireMessageReceived(Channels.java:281)
	at org.apache.hadoop.oncrpc.RpcUtil$RpcMessageParserStage.messageReceived(RpcUtil.java:132)
	at org.jboss.netty.channel.SimpleChannelUpstreamHandler.handleUpstream(SimpleChannelUpstreamHandler.java:70)
	at org.jboss.netty.channel.DefaultChannelPipeline.sendUpstream(DefaultChannelPipeline.java:560)
	at org.jboss.netty.channel.DefaultChannelPipeline$DefaultChannelHandlerContext.sendUpstream(DefaultChannelPipeline.java:787)
	at org.jboss.netty.channel.Channels.fireMessageReceived(Channels.java:296)
	at org.jboss.netty.handler.codec.frame.FrameDecoder.unfoldAndFireMessageReceived(FrameDecoder.java:462)
	at org.jboss.netty.handler.codec.frame.FrameDecoder.callDecode(FrameDecoder.java:443)
	at org.jboss.netty.handler.codec.frame.FrameDecoder.messageReceived(FrameDecoder.java:303)
	at org.jboss.netty.channel.SimpleChannelUpstreamHandler.handleUpstream(SimpleChannelUpstreamHandler.java:70)
	at org.jboss.netty.channel.DefaultChannelPipeline.sendUpstream(DefaultChannelPipeline.java:560)
	at org.jboss.netty.channel.DefaultChannelPipeline.sendUpstream(DefaultChannelPipeline.java:555)
	at org.jboss.netty.channel.Channels.fireMessageReceived(Channels.java:268)
	at org.jboss.netty.channel.Channels.fireMessageReceived(Channels.java:255)
	at org.jboss.netty.channel.socket.nio.NioWorker.read(NioWorker.java:88)
	at org.jboss.netty.channel.socket.nio.AbstractNioWorker.process(AbstractNioWorker.java:107)
	at org.jboss.netty.channel.socket.nio.AbstractNioSelector.run(AbstractNioSelector.java:312)
	at org.jboss.netty.channel.socket.nio.AbstractNioWorker.run(AbstractNioWorker.java:88)
	at org.jboss.netty.channel.socket.nio.NioWorker.run(NioWorker.java:178)
	at org.jboss.netty.util.ThreadRenamingRunnable.run(ThreadRenamingRunnable.java:108)
	at org.jboss.netty.util.internal.DeadLockProofWorker$1.run(DeadLockProofWorker.java:42)
	at java.util.concurrent.ThreadPoolExecutor.runWorker(ThreadPoolExecutor.java:1149)
	at java.util.concurrent.ThreadPoolExecutor$Worker.run(ThreadPoolExecutor.java:624)
	at java.lang.Thread.run(Thread.java:748)
2018-03-14 15:14:54,887 INFO org.apache.hadoop.hdfs.nfs.mount.RpcProgramMountd: Giving handle (fileId:16385) to client for export /
2018-03-14 15:14:54,915 WARN org.apache.hadoop.hdfs.nfs.nfs3.RpcProgramNfs3: Exception 
org.apache.hadoop.ipc.RemoteException(org.apache.hadoop.security.authorize.AuthorizationException): User: hdfs/singlenode.ustc.edu@SINGLENODE.COM is not allowed to impersonate root
	at org.apache.hadoop.ipc.Client.call(Client.java:1475)
	at org.apache.hadoop.ipc.Client.call(Client.java:1412)
	at org.apache.hadoop.ipc.ProtobufRpcEngine$Invoker.invoke(ProtobufRpcEngine.java:229)
	at com.sun.proxy.$Proxy12.getFileLinkInfo(Unknown Source)
	at org.apache.hadoop.hdfs.protocolPB.ClientNamenodeProtocolTranslatorPB.getFileLinkInfo(ClientNamenodeProtocolTranslatorPB.java:784)
	at sun.reflect.NativeMethodAccessorImpl.invoke0(Native Method)
	at sun.reflect.NativeMethodAccessorImpl.invoke(NativeMethodAccessorImpl.java:62)
	at sun.reflect.DelegatingMethodAccessorImpl.invoke(DelegatingMethodAccessorImpl.java:43)
	at java.lang.reflect.Method.invoke(Method.java:498)
	at org.apache.hadoop.io.retry.RetryInvocationHandler.invokeMethod(RetryInvocationHandler.java:191)
	at org.apache.hadoop.io.retry.RetryInvocationHandler.invoke(RetryInvocationHandler.java:102)
	at com.sun.proxy.$Proxy13.getFileLinkInfo(Unknown Source)
	at org.apache.hadoop.hdfs.DFSClient.getFileLinkInfo(DFSClient.java:2148)
	at org.apache.hadoop.hdfs.nfs.nfs3.Nfs3Utils.getFileStatus(Nfs3Utils.java:58)
	at org.apache.hadoop.hdfs.nfs.nfs3.Nfs3Utils.getFileAttr(Nfs3Utils.java:82)
	at org.apache.hadoop.hdfs.nfs.nfs3.RpcProgramNfs3.fsinfo(RpcProgramNfs3.java:1969)
	at org.apache.hadoop.hdfs.nfs.nfs3.RpcProgramNfs3.fsinfo(RpcProgramNfs3.java:1925)
	at org.apache.hadoop.hdfs.nfs.nfs3.RpcProgramNfs3.handleInternal(RpcProgramNfs3.java:2251)
	at org.apache.hadoop.oncrpc.RpcProgram.messageReceived(RpcProgram.java:167)
	at org.jboss.netty.channel.SimpleChannelUpstreamHandler.handleUpstream(SimpleChannelUpstreamHandler.java:70)
	at org.jboss.netty.channel.DefaultChannelPipeline.sendUpstream(DefaultChannelPipeline.java:560)
	at org.jboss.netty.channel.DefaultChannelPipeline$DefaultChannelHandlerContext.sendUpstream(DefaultChannelPipeline.java:787)
	at org.jboss.netty.channel.Channels.fireMessageReceived(Channels.java:281)
	at org.apache.hadoop.oncrpc.RpcUtil$RpcMessageParserStage.messageReceived(RpcUtil.java:132)
	at org.jboss.netty.channel.SimpleChannelUpstreamHandler.handleUpstream(SimpleChannelUpstreamHandler.java:70)
	at org.jboss.netty.channel.DefaultChannelPipeline.sendUpstream(DefaultChannelPipeline.java:560)
	at org.jboss.netty.channel.DefaultChannelPipeline$DefaultChannelHandlerContext.sendUpstream(DefaultChannelPipeline.java:787)
	at org.jboss.netty.channel.Channels.fireMessageReceived(Channels.java:296)
	at org.jboss.netty.handler.codec.frame.FrameDecoder.unfoldAndFireMessageReceived(FrameDecoder.java:462)
	at org.jboss.netty.handler.codec.frame.FrameDecoder.callDecode(FrameDecoder.java:443)
	at org.jboss.netty.handler.codec.frame.FrameDecoder.messageReceived(FrameDecoder.java:303)
	at org.jboss.netty.channel.SimpleChannelUpstreamHandler.handleUpstream(SimpleChannelUpstreamHandler.java:70)
	at org.jboss.netty.channel.DefaultChannelPipeline.sendUpstream(DefaultChannelPipeline.java:560)
	at org.jboss.netty.channel.DefaultChannelPipeline.sendUpstream(DefaultChannelPipeline.java:555)
	at org.jboss.netty.channel.Channels.fireMessageReceived(Channels.java:268)
	at org.jboss.netty.channel.Channels.fireMessageReceived(Channels.java:255)
	at org.jboss.netty.channel.socket.nio.NioWorker.read(NioWorker.java:88)
	at org.jboss.netty.channel.socket.nio.AbstractNioWorker.process(AbstractNioWorker.java:107)
	at org.jboss.netty.channel.socket.nio.AbstractNioSelector.run(AbstractNioSelector.java:312)
	at org.jboss.netty.channel.socket.nio.AbstractNioWorker.run(AbstractNioWorker.java:88)
	at org.jboss.netty.channel.socket.nio.NioWorker.run(NioWorker.java:178)
	at org.jboss.netty.util.ThreadRenamingRunnable.run(ThreadRenamingRunnable.java:108)
	at org.jboss.netty.util.internal.DeadLockProofWorker$1.run(DeadLockProofWorker.java:42)
	at java.util.concurrent.ThreadPoolExecutor.runWorker(ThreadPoolExecutor.java:1149)
	at java.util.concurrent.ThreadPoolExecutor$Worker.run(ThreadPoolExecutor.java:624)
	at java.lang.Thread.run(Thread.java:748)
2018-03-14 15:14:54,924 WARN org.apache.hadoop.hdfs.nfs.nfs3.RpcProgramNfs3: Exception 
org.apache.hadoop.ipc.RemoteException(org.apache.hadoop.security.authorize.AuthorizationException): User: hdfs/singlenode.ustc.edu@SINGLENODE.COM is not allowed to impersonate root
	at org.apache.hadoop.ipc.Client.call(Client.java:1475)
	at org.apache.hadoop.ipc.Client.call(Client.java:1412)
	at org.apache.hadoop.ipc.ProtobufRpcEngine$Invoker.invoke(ProtobufRpcEngine.java:229)
	at com.sun.proxy.$Proxy12.getFileLinkInfo(Unknown Source)
	at org.apache.hadoop.hdfs.protocolPB.ClientNamenodeProtocolTranslatorPB.getFileLinkInfo(ClientNamenodeProtocolTranslatorPB.java:784)
	at sun.reflect.NativeMethodAccessorImpl.invoke0(Native Method)
	at sun.reflect.NativeMethodAccessorImpl.invoke(NativeMethodAccessorImpl.java:62)
	at sun.reflect.DelegatingMethodAccessorImpl.invoke(DelegatingMethodAccessorImpl.java:43)
	at java.lang.reflect.Method.invoke(Method.java:498)
	at org.apache.hadoop.io.retry.RetryInvocationHandler.invokeMethod(RetryInvocationHandler.java:191)
	at org.apache.hadoop.io.retry.RetryInvocationHandler.invoke(RetryInvocationHandler.java:102)
	at com.sun.proxy.$Proxy13.getFileLinkInfo(Unknown Source)
	at org.apache.hadoop.hdfs.DFSClient.getFileLinkInfo(DFSClient.java:2148)
	at org.apache.hadoop.hdfs.nfs.nfs3.Nfs3Utils.getFileStatus(Nfs3Utils.java:58)
	at org.apache.hadoop.hdfs.nfs.nfs3.Nfs3Utils.getFileAttr(Nfs3Utils.java:82)
	at org.apache.hadoop.hdfs.nfs.nfs3.RpcProgramNfs3.fsinfo(RpcProgramNfs3.java:1969)
	at org.apache.hadoop.hdfs.nfs.nfs3.RpcProgramNfs3.fsinfo(RpcProgramNfs3.java:1925)
	at org.apache.hadoop.hdfs.nfs.nfs3.RpcProgramNfs3.handleInternal(RpcProgramNfs3.java:2251)
	at org.apache.hadoop.oncrpc.RpcProgram.messageReceived(RpcProgram.java:167)
	at org.jboss.netty.channel.SimpleChannelUpstreamHandler.handleUpstream(SimpleChannelUpstreamHandler.java:70)
	at org.jboss.netty.channel.DefaultChannelPipeline.sendUpstream(DefaultChannelPipeline.java:560)
	at org.jboss.netty.channel.DefaultChannelPipeline$DefaultChannelHandlerContext.sendUpstream(DefaultChannelPipeline.java:787)
	at org.jboss.netty.channel.Channels.fireMessageReceived(Channels.java:281)
	at org.apache.hadoop.oncrpc.RpcUtil$RpcMessageParserStage.messageReceived(RpcUtil.java:132)
	at org.jboss.netty.channel.SimpleChannelUpstreamHandler.handleUpstream(SimpleChannelUpstreamHandler.java:70)
	at org.jboss.netty.channel.DefaultChannelPipeline.sendUpstream(DefaultChannelPipeline.java:560)
	at org.jboss.netty.channel.DefaultChannelPipeline$DefaultChannelHandlerContext.sendUpstream(DefaultChannelPipeline.java:787)
	at org.jboss.netty.channel.Channels.fireMessageReceived(Channels.java:296)
	at org.jboss.netty.handler.codec.frame.FrameDecoder.unfoldAndFireMessageReceived(FrameDecoder.java:462)
	at org.jboss.netty.handler.codec.frame.FrameDecoder.callDecode(FrameDecoder.java:443)
	at org.jboss.netty.handler.codec.frame.FrameDecoder.messageReceived(FrameDecoder.java:303)
	at org.jboss.netty.channel.SimpleChannelUpstreamHandler.handleUpstream(SimpleChannelUpstreamHandler.java:70)
	at org.jboss.netty.channel.DefaultChannelPipeline.sendUpstream(DefaultChannelPipeline.java:560)
	at org.jboss.netty.channel.DefaultChannelPipeline.sendUpstream(DefaultChannelPipeline.java:555)
	at org.jboss.netty.channel.Channels.fireMessageReceived(Channels.java:268)
	at org.jboss.netty.channel.Channels.fireMessageReceived(Channels.java:255)
	at org.jboss.netty.channel.socket.nio.NioWorker.read(NioWorker.java:88)
	at org.jboss.netty.channel.socket.nio.AbstractNioWorker.process(AbstractNioWorker.java:107)
	at org.jboss.netty.channel.socket.nio.AbstractNioSelector.run(AbstractNioSelector.java:312)
	at org.jboss.netty.channel.socket.nio.AbstractNioWorker.run(AbstractNioWorker.java:88)
	at org.jboss.netty.channel.socket.nio.NioWorker.run(NioWorker.java:178)
	at org.jboss.netty.util.ThreadRenamingRunnable.run(ThreadRenamingRunnable.java:108)
	at org.jboss.netty.util.internal.DeadLockProofWorker$1.run(DeadLockProofWorker.java:42)
	at java.util.concurrent.ThreadPoolExecutor.runWorker(ThreadPoolExecutor.java:1149)
	at java.util.concurrent.ThreadPoolExecutor$Worker.run(ThreadPoolExecutor.java:624)
	at java.lang.Thread.run(Thread.java:748)
2018-03-14 15:20:12,875 ERROR org.apache.hadoop.nfs.nfs3.Nfs3Base: RECEIVED SIGNAL 15: SIGTERM
2018-03-14 15:20:12,901 INFO org.apache.hadoop.hdfs.nfs.nfs3.AsyncDataService: Shutting down all async data service threads...
2018-03-14 15:20:12,901 INFO org.apache.hadoop.hdfs.nfs.nfs3.AsyncDataService: All async data service threads have been shut down
2018-03-14 15:20:12,901 INFO org.apache.hadoop.hdfs.nfs.nfs3.OpenFileCtxCache: StreamMonitor got interrupted
2018-03-14 15:20:12,903 INFO org.mortbay.log: Stopped HttpServer2$SelectChannelConnectorWithSafeStartup@0.0.0.0:50079
2018-03-14 15:20:13,009 INFO org.apache.hadoop.nfs.nfs3.Nfs3Base: SHUTDOWN_MSG: 
/************************************************************
SHUTDOWN_MSG: Shutting down Nfs3 at singlenode.ustc.edu/192.168.3.60
************************************************************/
