2018-05-02 11:22:24,589 INFO org.apache.hadoop.yarn.server.resourcemanager.ResourceManager: STARTUP_MSG: 
/************************************************************
STARTUP_MSG: Starting ResourceManager
STARTUP_MSG:   host = singlenode/192.168.1.117
STARTUP_MSG:   args = []
STARTUP_MSG:   version = 2.7.2
STARTUP_MSG:   classpath = /opt/hadoop-2.7.2/etc/hadoop:/opt/hadoop-2.7.2/etc/hadoop:/opt/hadoop-2.7.2/etc/hadoop:/opt/hadoop-2.7.2/share/hadoop/common/lib/commons-math3-3.1.1.jar:/opt/hadoop-2.7.2/share/hadoop/common/lib/commons-beanutils-core-1.8.0.jar:/opt/hadoop-2.7.2/share/hadoop/common/lib/commons-net-3.1.jar:/opt/hadoop-2.7.2/share/hadoop/common/lib/jersey-server-1.9.jar:/opt/hadoop-2.7.2/share/hadoop/common/lib/commons-codec-1.4.jar:/opt/hadoop-2.7.2/share/hadoop/common/lib/jackson-core-asl-1.9.13.jar:/opt/hadoop-2.7.2/share/hadoop/common/lib/jackson-jaxrs-1.9.13.jar:/opt/hadoop-2.7.2/share/hadoop/common/lib/jersey-json-1.9.jar:/opt/hadoop-2.7.2/share/hadoop/common/lib/jackson-xc-1.9.13.jar:/opt/hadoop-2.7.2/share/hadoop/common/lib/commons-digester-1.8.jar:/opt/hadoop-2.7.2/share/hadoop/common/lib/netty-3.6.2.Final.jar:/opt/hadoop-2.7.2/share/hadoop/common/lib/jaxb-impl-2.2.3-1.jar:/opt/hadoop-2.7.2/share/hadoop/common/lib/commons-collections-3.2.2.jar:/opt/hadoop-2.7.2/share/hadoop/common/lib/jsch-0.1.42.jar:/opt/hadoop-2.7.2/share/hadoop/common/lib/commons-beanutils-1.7.0.jar:/opt/hadoop-2.7.2/share/hadoop/common/lib/snappy-java-1.0.4.1.jar:/opt/hadoop-2.7.2/share/hadoop/common/lib/gson-2.2.4.jar:/opt/hadoop-2.7.2/share/hadoop/common/lib/curator-recipes-2.7.1.jar:/opt/hadoop-2.7.2/share/hadoop/common/lib/jsr305-3.0.0.jar:/opt/hadoop-2.7.2/share/hadoop/common/lib/servlet-api-2.5.jar:/opt/hadoop-2.7.2/share/hadoop/common/lib/curator-client-2.7.1.jar:/opt/hadoop-2.7.2/share/hadoop/common/lib/commons-logging-1.1.3.jar:/opt/hadoop-2.7.2/share/hadoop/common/lib/junit-4.11.jar:/opt/hadoop-2.7.2/share/hadoop/common/lib/jsp-api-2.1.jar:/opt/hadoop-2.7.2/share/hadoop/common/lib/jaxb-api-2.2.2.jar:/opt/hadoop-2.7.2/share/hadoop/common/lib/stax-api-1.0-2.jar:/opt/hadoop-2.7.2/share/hadoop/common/lib/commons-io-2.4.jar:/opt/hadoop-2.7.2/share/hadoop/common/lib/avro-1.7.4.jar:/opt/hadoop-2.7.2/share/hadoop/common/lib/jersey-core-1.9.jar:/opt/hadoop-2.7.2/share/hadoop/common/lib/jetty-6.1.26.jar:/opt/hadoop-2.7.2/share/hadoop/common/lib/hadoop-annotations-2.7.2.jar:/opt/hadoop-2.7.2/share/hadoop/common/lib/slf4j-log4j12-1.7.10.jar:/opt/hadoop-2.7.2/share/hadoop/common/lib/htrace-core-3.1.0-incubating.jar:/opt/hadoop-2.7.2/share/hadoop/common/lib/commons-compress-1.4.1.jar:/opt/hadoop-2.7.2/share/hadoop/common/lib/jackson-mapper-asl-1.9.13.jar:/opt/hadoop-2.7.2/share/hadoop/common/lib/apacheds-kerberos-codec-2.0.0-M15.jar:/opt/hadoop-2.7.2/share/hadoop/common/lib/slf4j-api-1.7.10.jar:/opt/hadoop-2.7.2/share/hadoop/common/lib/hamcrest-core-1.3.jar:/opt/hadoop-2.7.2/share/hadoop/common/lib/xz-1.0.jar:/opt/hadoop-2.7.2/share/hadoop/common/lib/httpclient-4.2.5.jar:/opt/hadoop-2.7.2/share/hadoop/common/lib/activation-1.1.jar:/opt/hadoop-2.7.2/share/hadoop/common/lib/guava-11.0.2.jar:/opt/hadoop-2.7.2/share/hadoop/common/lib/protobuf-java-2.5.0.jar:/opt/hadoop-2.7.2/share/hadoop/common/lib/commons-httpclient-3.1.jar:/opt/hadoop-2.7.2/share/hadoop/common/lib/jets3t-0.9.0.jar:/opt/hadoop-2.7.2/share/hadoop/common/lib/api-util-1.0.0-M20.jar:/opt/hadoop-2.7.2/share/hadoop/common/lib/mockito-all-1.8.5.jar:/opt/hadoop-2.7.2/share/hadoop/common/lib/commons-lang-2.6.jar:/opt/hadoop-2.7.2/share/hadoop/common/lib/zookeeper-3.4.6.jar:/opt/hadoop-2.7.2/share/hadoop/common/lib/jetty-util-6.1.26.jar:/opt/hadoop-2.7.2/share/hadoop/common/lib/commons-configuration-1.6.jar:/opt/hadoop-2.7.2/share/hadoop/common/lib/jettison-1.1.jar:/opt/hadoop-2.7.2/share/hadoop/common/lib/api-asn1-api-1.0.0-M20.jar:/opt/hadoop-2.7.2/share/hadoop/common/lib/xmlenc-0.52.jar:/opt/hadoop-2.7.2/share/hadoop/common/lib/hadoop-auth-2.7.2.jar:/opt/hadoop-2.7.2/share/hadoop/common/lib/httpcore-4.2.5.jar:/opt/hadoop-2.7.2/share/hadoop/common/lib/log4j-1.2.17.jar:/opt/hadoop-2.7.2/share/hadoop/common/lib/commons-cli-1.2.jar:/opt/hadoop-2.7.2/share/hadoop/common/lib/asm-3.2.jar:/opt/hadoop-2.7.2/share/hadoop/common/lib/apacheds-i18n-2.0.0-M15.jar:/opt/hadoop-2.7.2/share/hadoop/common/lib/paranamer-2.3.jar:/opt/hadoop-2.7.2/share/hadoop/common/lib/curator-framework-2.7.1.jar:/opt/hadoop-2.7.2/share/hadoop/common/lib/java-xmlbuilder-0.4.jar:/opt/hadoop-2.7.2/share/hadoop/common/hadoop-nfs-2.7.2.jar:/opt/hadoop-2.7.2/share/hadoop/common/hadoop-common-2.7.2.jar:/opt/hadoop-2.7.2/share/hadoop/common/hadoop-common-2.7.2-tests.jar:/opt/hadoop-2.7.2/share/hadoop/hdfs:/opt/hadoop-2.7.2/share/hadoop/hdfs/lib/jersey-server-1.9.jar:/opt/hadoop-2.7.2/share/hadoop/hdfs/lib/commons-codec-1.4.jar:/opt/hadoop-2.7.2/share/hadoop/hdfs/lib/jackson-core-asl-1.9.13.jar:/opt/hadoop-2.7.2/share/hadoop/hdfs/lib/netty-all-4.0.23.Final.jar:/opt/hadoop-2.7.2/share/hadoop/hdfs/lib/netty-3.6.2.Final.jar:/opt/hadoop-2.7.2/share/hadoop/hdfs/lib/jsr305-3.0.0.jar:/opt/hadoop-2.7.2/share/hadoop/hdfs/lib/servlet-api-2.5.jar:/opt/hadoop-2.7.2/share/hadoop/hdfs/lib/leveldbjni-all-1.8.jar:/opt/hadoop-2.7.2/share/hadoop/hdfs/lib/commons-logging-1.1.3.jar:/opt/hadoop-2.7.2/share/hadoop/hdfs/lib/xml-apis-1.3.04.jar:/opt/hadoop-2.7.2/share/hadoop/hdfs/lib/commons-io-2.4.jar:/opt/hadoop-2.7.2/share/hadoop/hdfs/lib/jersey-core-1.9.jar:/opt/hadoop-2.7.2/share/hadoop/hdfs/lib/jetty-6.1.26.jar:/opt/hadoop-2.7.2/share/hadoop/hdfs/lib/htrace-core-3.1.0-incubating.jar:/opt/hadoop-2.7.2/share/hadoop/hdfs/lib/jackson-mapper-asl-1.9.13.jar:/opt/hadoop-2.7.2/share/hadoop/hdfs/lib/guava-11.0.2.jar:/opt/hadoop-2.7.2/share/hadoop/hdfs/lib/commons-daemon-1.0.13.jar:/opt/hadoop-2.7.2/share/hadoop/hdfs/lib/protobuf-java-2.5.0.jar:/opt/hadoop-2.7.2/share/hadoop/hdfs/lib/xercesImpl-2.9.1.jar:/opt/hadoop-2.7.2/share/hadoop/hdfs/lib/commons-lang-2.6.jar:/opt/hadoop-2.7.2/share/hadoop/hdfs/lib/jetty-util-6.1.26.jar:/opt/hadoop-2.7.2/share/hadoop/hdfs/lib/xmlenc-0.52.jar:/opt/hadoop-2.7.2/share/hadoop/hdfs/lib/log4j-1.2.17.jar:/opt/hadoop-2.7.2/share/hadoop/hdfs/lib/commons-cli-1.2.jar:/opt/hadoop-2.7.2/share/hadoop/hdfs/lib/asm-3.2.jar:/opt/hadoop-2.7.2/share/hadoop/hdfs/hadoop-hdfs-2.7.2.jar:/opt/hadoop-2.7.2/share/hadoop/hdfs/hadoop-hdfs-2.7.2-tests.jar:/opt/hadoop-2.7.2/share/hadoop/hdfs/hadoop-hdfs-nfs-2.7.2.jar:/opt/hadoop-2.7.2/share/hadoop/yarn/lib/jersey-server-1.9.jar:/opt/hadoop-2.7.2/share/hadoop/yarn/lib/commons-codec-1.4.jar:/opt/hadoop-2.7.2/share/hadoop/yarn/lib/jackson-core-asl-1.9.13.jar:/opt/hadoop-2.7.2/share/hadoop/yarn/lib/jackson-jaxrs-1.9.13.jar:/opt/hadoop-2.7.2/share/hadoop/yarn/lib/jersey-json-1.9.jar:/opt/hadoop-2.7.2/share/hadoop/yarn/lib/jersey-client-1.9.jar:/opt/hadoop-2.7.2/share/hadoop/yarn/lib/jackson-xc-1.9.13.jar:/opt/hadoop-2.7.2/share/hadoop/yarn/lib/netty-3.6.2.Final.jar:/opt/hadoop-2.7.2/share/hadoop/yarn/lib/jaxb-impl-2.2.3-1.jar:/opt/hadoop-2.7.2/share/hadoop/yarn/lib/commons-collections-3.2.2.jar:/opt/hadoop-2.7.2/share/hadoop/yarn/lib/jsr305-3.0.0.jar:/opt/hadoop-2.7.2/share/hadoop/yarn/lib/servlet-api-2.5.jar:/opt/hadoop-2.7.2/share/hadoop/yarn/lib/leveldbjni-all-1.8.jar:/opt/hadoop-2.7.2/share/hadoop/yarn/lib/commons-logging-1.1.3.jar:/opt/hadoop-2.7.2/share/hadoop/yarn/lib/guice-3.0.jar:/opt/hadoop-2.7.2/share/hadoop/yarn/lib/jaxb-api-2.2.2.jar:/opt/hadoop-2.7.2/share/hadoop/yarn/lib/stax-api-1.0-2.jar:/opt/hadoop-2.7.2/share/hadoop/yarn/lib/jersey-guice-1.9.jar:/opt/hadoop-2.7.2/share/hadoop/yarn/lib/commons-io-2.4.jar:/opt/hadoop-2.7.2/share/hadoop/yarn/lib/jersey-core-1.9.jar:/opt/hadoop-2.7.2/share/hadoop/yarn/lib/jetty-6.1.26.jar:/opt/hadoop-2.7.2/share/hadoop/yarn/lib/aopalliance-1.0.jar:/opt/hadoop-2.7.2/share/hadoop/yarn/lib/commons-compress-1.4.1.jar:/opt/hadoop-2.7.2/share/hadoop/yarn/lib/jackson-mapper-asl-1.9.13.jar:/opt/hadoop-2.7.2/share/hadoop/yarn/lib/javax.inject-1.jar:/opt/hadoop-2.7.2/share/hadoop/yarn/lib/xz-1.0.jar:/opt/hadoop-2.7.2/share/hadoop/yarn/lib/activation-1.1.jar:/opt/hadoop-2.7.2/share/hadoop/yarn/lib/guava-11.0.2.jar:/opt/hadoop-2.7.2/share/hadoop/yarn/lib/protobuf-java-2.5.0.jar:/opt/hadoop-2.7.2/share/hadoop/yarn/lib/commons-lang-2.6.jar:/opt/hadoop-2.7.2/share/hadoop/yarn/lib/zookeeper-3.4.6.jar:/opt/hadoop-2.7.2/share/hadoop/yarn/lib/guice-servlet-3.0.jar:/opt/hadoop-2.7.2/share/hadoop/yarn/lib/jetty-util-6.1.26.jar:/opt/hadoop-2.7.2/share/hadoop/yarn/lib/jettison-1.1.jar:/opt/hadoop-2.7.2/share/hadoop/yarn/lib/zookeeper-3.4.6-tests.jar:/opt/hadoop-2.7.2/share/hadoop/yarn/lib/log4j-1.2.17.jar:/opt/hadoop-2.7.2/share/hadoop/yarn/lib/commons-cli-1.2.jar:/opt/hadoop-2.7.2/share/hadoop/yarn/lib/asm-3.2.jar:/opt/hadoop-2.7.2/share/hadoop/yarn/hadoop-yarn-common-2.7.2.jar:/opt/hadoop-2.7.2/share/hadoop/yarn/hadoop-yarn-server-tests-2.7.2.jar:/opt/hadoop-2.7.2/share/hadoop/yarn/hadoop-yarn-api-2.7.2.jar:/opt/hadoop-2.7.2/share/hadoop/yarn/hadoop-yarn-server-sharedcachemanager-2.7.2.jar:/opt/hadoop-2.7.2/share/hadoop/yarn/hadoop-yarn-applications-unmanaged-am-launcher-2.7.2.jar:/opt/hadoop-2.7.2/share/hadoop/yarn/hadoop-yarn-client-2.7.2.jar:/opt/hadoop-2.7.2/share/hadoop/yarn/hadoop-yarn-registry-2.7.2.jar:/opt/hadoop-2.7.2/share/hadoop/yarn/hadoop-yarn-applications-distributedshell-2.7.2.jar:/opt/hadoop-2.7.2/share/hadoop/yarn/hadoop-yarn-server-nodemanager-2.7.2.jar:/opt/hadoop-2.7.2/share/hadoop/yarn/hadoop-yarn-server-resourcemanager-2.7.2.jar:/opt/hadoop-2.7.2/share/hadoop/yarn/hadoop-yarn-server-common-2.7.2.jar:/opt/hadoop-2.7.2/share/hadoop/yarn/hadoop-yarn-server-web-proxy-2.7.2.jar:/opt/hadoop-2.7.2/share/hadoop/yarn/hadoop-yarn-server-applicationhistoryservice-2.7.2.jar:/opt/hadoop-2.7.2/share/hadoop/mapreduce/lib/jersey-server-1.9.jar:/opt/hadoop-2.7.2/share/hadoop/mapreduce/lib/jackson-core-asl-1.9.13.jar:/opt/hadoop-2.7.2/share/hadoop/mapreduce/lib/netty-3.6.2.Final.jar:/opt/hadoop-2.7.2/share/hadoop/mapreduce/lib/snappy-java-1.0.4.1.jar:/opt/hadoop-2.7.2/share/hadoop/mapreduce/lib/leveldbjni-all-1.8.jar:/opt/hadoop-2.7.2/share/hadoop/mapreduce/lib/junit-4.11.jar:/opt/hadoop-2.7.2/share/hadoop/mapreduce/lib/guice-3.0.jar:/opt/hadoop-2.7.2/share/hadoop/mapreduce/lib/jersey-guice-1.9.jar:/opt/hadoop-2.7.2/share/hadoop/mapreduce/lib/commons-io-2.4.jar:/opt/hadoop-2.7.2/share/hadoop/mapreduce/lib/avro-1.7.4.jar:/opt/hadoop-2.7.2/share/hadoop/mapreduce/lib/jersey-core-1.9.jar:/opt/hadoop-2.7.2/share/hadoop/mapreduce/lib/hadoop-annotations-2.7.2.jar:/opt/hadoop-2.7.2/share/hadoop/mapreduce/lib/aopalliance-1.0.jar:/opt/hadoop-2.7.2/share/hadoop/mapreduce/lib/commons-compress-1.4.1.jar:/opt/hadoop-2.7.2/share/hadoop/mapreduce/lib/jackson-mapper-asl-1.9.13.jar:/opt/hadoop-2.7.2/share/hadoop/mapreduce/lib/hamcrest-core-1.3.jar:/opt/hadoop-2.7.2/share/hadoop/mapreduce/lib/javax.inject-1.jar:/opt/hadoop-2.7.2/share/hadoop/mapreduce/lib/xz-1.0.jar:/opt/hadoop-2.7.2/share/hadoop/mapreduce/lib/protobuf-java-2.5.0.jar:/opt/hadoop-2.7.2/share/hadoop/mapreduce/lib/guice-servlet-3.0.jar:/opt/hadoop-2.7.2/share/hadoop/mapreduce/lib/log4j-1.2.17.jar:/opt/hadoop-2.7.2/share/hadoop/mapreduce/lib/asm-3.2.jar:/opt/hadoop-2.7.2/share/hadoop/mapreduce/lib/paranamer-2.3.jar:/opt/hadoop-2.7.2/share/hadoop/mapreduce/hadoop-mapreduce-client-hs-2.7.2.jar:/opt/hadoop-2.7.2/share/hadoop/mapreduce/hadoop-mapreduce-client-core-2.7.2.jar:/opt/hadoop-2.7.2/share/hadoop/mapreduce/hadoop-mapreduce-client-shuffle-2.7.2.jar:/opt/hadoop-2.7.2/share/hadoop/mapreduce/hadoop-mapreduce-examples-2.7.2.jar:/opt/hadoop-2.7.2/share/hadoop/mapreduce/hadoop-mapreduce-client-hs-plugins-2.7.2.jar:/opt/hadoop-2.7.2/share/hadoop/mapreduce/hadoop-mapreduce-client-common-2.7.2.jar:/opt/hadoop-2.7.2/share/hadoop/mapreduce/hadoop-mapreduce-client-app-2.7.2.jar:/opt/hadoop-2.7.2/share/hadoop/mapreduce/hadoop-mapreduce-client-jobclient-2.7.2-tests.jar:/opt/hadoop-2.7.2/share/hadoop/mapreduce/hadoop-mapreduce-client-jobclient-2.7.2.jar:/opt/hadoop-2.7.2/contrib/capacity-scheduler/*.jar:/opt/hadoop-2.7.2/contrib/capacity-scheduler/*.jar:/opt/hadoop-2.7.2/contrib/capacity-scheduler/*.jar:/opt/hadoop-2.7.2/share/hadoop/yarn/hadoop-yarn-common-2.7.2.jar:/opt/hadoop-2.7.2/share/hadoop/yarn/hadoop-yarn-server-tests-2.7.2.jar:/opt/hadoop-2.7.2/share/hadoop/yarn/hadoop-yarn-api-2.7.2.jar:/opt/hadoop-2.7.2/share/hadoop/yarn/hadoop-yarn-server-sharedcachemanager-2.7.2.jar:/opt/hadoop-2.7.2/share/hadoop/yarn/hadoop-yarn-applications-unmanaged-am-launcher-2.7.2.jar:/opt/hadoop-2.7.2/share/hadoop/yarn/hadoop-yarn-client-2.7.2.jar:/opt/hadoop-2.7.2/share/hadoop/yarn/hadoop-yarn-registry-2.7.2.jar:/opt/hadoop-2.7.2/share/hadoop/yarn/hadoop-yarn-applications-distributedshell-2.7.2.jar:/opt/hadoop-2.7.2/share/hadoop/yarn/hadoop-yarn-server-nodemanager-2.7.2.jar:/opt/hadoop-2.7.2/share/hadoop/yarn/hadoop-yarn-server-resourcemanager-2.7.2.jar:/opt/hadoop-2.7.2/share/hadoop/yarn/hadoop-yarn-server-common-2.7.2.jar:/opt/hadoop-2.7.2/share/hadoop/yarn/hadoop-yarn-server-web-proxy-2.7.2.jar:/opt/hadoop-2.7.2/share/hadoop/yarn/hadoop-yarn-server-applicationhistoryservice-2.7.2.jar:/opt/hadoop-2.7.2/share/hadoop/yarn/lib/jersey-server-1.9.jar:/opt/hadoop-2.7.2/share/hadoop/yarn/lib/commons-codec-1.4.jar:/opt/hadoop-2.7.2/share/hadoop/yarn/lib/jackson-core-asl-1.9.13.jar:/opt/hadoop-2.7.2/share/hadoop/yarn/lib/jackson-jaxrs-1.9.13.jar:/opt/hadoop-2.7.2/share/hadoop/yarn/lib/jersey-json-1.9.jar:/opt/hadoop-2.7.2/share/hadoop/yarn/lib/jersey-client-1.9.jar:/opt/hadoop-2.7.2/share/hadoop/yarn/lib/jackson-xc-1.9.13.jar:/opt/hadoop-2.7.2/share/hadoop/yarn/lib/netty-3.6.2.Final.jar:/opt/hadoop-2.7.2/share/hadoop/yarn/lib/jaxb-impl-2.2.3-1.jar:/opt/hadoop-2.7.2/share/hadoop/yarn/lib/commons-collections-3.2.2.jar:/opt/hadoop-2.7.2/share/hadoop/yarn/lib/jsr305-3.0.0.jar:/opt/hadoop-2.7.2/share/hadoop/yarn/lib/servlet-api-2.5.jar:/opt/hadoop-2.7.2/share/hadoop/yarn/lib/leveldbjni-all-1.8.jar:/opt/hadoop-2.7.2/share/hadoop/yarn/lib/commons-logging-1.1.3.jar:/opt/hadoop-2.7.2/share/hadoop/yarn/lib/guice-3.0.jar:/opt/hadoop-2.7.2/share/hadoop/yarn/lib/jaxb-api-2.2.2.jar:/opt/hadoop-2.7.2/share/hadoop/yarn/lib/stax-api-1.0-2.jar:/opt/hadoop-2.7.2/share/hadoop/yarn/lib/jersey-guice-1.9.jar:/opt/hadoop-2.7.2/share/hadoop/yarn/lib/commons-io-2.4.jar:/opt/hadoop-2.7.2/share/hadoop/yarn/lib/jersey-core-1.9.jar:/opt/hadoop-2.7.2/share/hadoop/yarn/lib/jetty-6.1.26.jar:/opt/hadoop-2.7.2/share/hadoop/yarn/lib/aopalliance-1.0.jar:/opt/hadoop-2.7.2/share/hadoop/yarn/lib/commons-compress-1.4.1.jar:/opt/hadoop-2.7.2/share/hadoop/yarn/lib/jackson-mapper-asl-1.9.13.jar:/opt/hadoop-2.7.2/share/hadoop/yarn/lib/javax.inject-1.jar:/opt/hadoop-2.7.2/share/hadoop/yarn/lib/xz-1.0.jar:/opt/hadoop-2.7.2/share/hadoop/yarn/lib/activation-1.1.jar:/opt/hadoop-2.7.2/share/hadoop/yarn/lib/guava-11.0.2.jar:/opt/hadoop-2.7.2/share/hadoop/yarn/lib/protobuf-java-2.5.0.jar:/opt/hadoop-2.7.2/share/hadoop/yarn/lib/commons-lang-2.6.jar:/opt/hadoop-2.7.2/share/hadoop/yarn/lib/zookeeper-3.4.6.jar:/opt/hadoop-2.7.2/share/hadoop/yarn/lib/guice-servlet-3.0.jar:/opt/hadoop-2.7.2/share/hadoop/yarn/lib/jetty-util-6.1.26.jar:/opt/hadoop-2.7.2/share/hadoop/yarn/lib/jettison-1.1.jar:/opt/hadoop-2.7.2/share/hadoop/yarn/lib/zookeeper-3.4.6-tests.jar:/opt/hadoop-2.7.2/share/hadoop/yarn/lib/log4j-1.2.17.jar:/opt/hadoop-2.7.2/share/hadoop/yarn/lib/commons-cli-1.2.jar:/opt/hadoop-2.7.2/share/hadoop/yarn/lib/asm-3.2.jar:/opt/hadoop-2.7.2/etc/hadoop/rm-config/log4j.properties
STARTUP_MSG:   build = https://git-wip-us.apache.org/repos/asf/hadoop.git -r b165c4fe8a74265c792ce23f546c64604acf0e41; compiled by 'jenkins' on 2016-01-26T00:08Z
STARTUP_MSG:   java = 1.8.0_161
************************************************************/
2018-05-02 11:22:24,594 INFO org.apache.hadoop.yarn.server.resourcemanager.ResourceManager: registered UNIX signal handlers for [TERM, HUP, INT]
2018-05-02 11:22:24,754 INFO org.apache.hadoop.conf.Configuration: found resource core-site.xml at file:/opt/hadoop-2.7.2/etc/hadoop/core-site.xml
2018-05-02 11:22:24,793 INFO org.apache.hadoop.security.Groups: clearing userToGroupsMap cache
2018-05-02 11:22:24,836 INFO org.apache.hadoop.conf.Configuration: found resource yarn-site.xml at file:/opt/hadoop-2.7.2/etc/hadoop/yarn-site.xml
2018-05-02 11:22:25,062 INFO org.apache.hadoop.security.UserGroupInformation: Login successful for user rm/resourcemanager.ustc.edu@SINGLENODE.COM using keytab file /etc/security/keytab/rm.service.keytab
2018-05-02 11:22:25,077 INFO org.apache.hadoop.yarn.event.AsyncDispatcher: Registering class org.apache.hadoop.yarn.server.resourcemanager.RMFatalEventType for class org.apache.hadoop.yarn.server.resourcemanager.ResourceManager$RMFatalEventDispatcher
2018-05-02 11:22:25,085 INFO org.apache.hadoop.yarn.server.resourcemanager.security.NMTokenSecretManagerInRM: NMTokenKeyRollingInterval: 86400000ms and NMTokenKeyActivationDelay: 900000ms
2018-05-02 11:22:25,086 INFO org.apache.hadoop.yarn.server.resourcemanager.security.RMContainerTokenSecretManager: ContainerTokenKeyRollingInterval: 86400000ms and ContainerTokenKeyActivationDelay: 900000ms
2018-05-02 11:22:25,088 INFO org.apache.hadoop.yarn.server.resourcemanager.security.AMRMTokenSecretManager: AMRMTokenKeyRollingInterval: 86400000ms and AMRMTokenKeyActivationDelay: 900000 ms
2018-05-02 11:22:25,103 INFO org.apache.hadoop.yarn.event.AsyncDispatcher: Registering class org.apache.hadoop.yarn.server.resourcemanager.recovery.RMStateStoreEventType for class org.apache.hadoop.yarn.server.resourcemanager.recovery.RMStateStore$ForwardingEventHandler
2018-05-02 11:22:25,106 INFO org.apache.hadoop.yarn.event.AsyncDispatcher: Registering class org.apache.hadoop.yarn.server.resourcemanager.NodesListManagerEventType for class org.apache.hadoop.yarn.server.resourcemanager.NodesListManager
2018-05-02 11:22:25,106 INFO org.apache.hadoop.yarn.server.resourcemanager.ResourceManager: Using Scheduler: org.apache.hadoop.yarn.server.resourcemanager.scheduler.capacity.CapacityScheduler
2018-05-02 11:22:25,120 INFO org.apache.hadoop.yarn.event.AsyncDispatcher: Registering class org.apache.hadoop.yarn.server.resourcemanager.scheduler.event.SchedulerEventType for class org.apache.hadoop.yarn.server.resourcemanager.ResourceManager$SchedulerEventDispatcher
2018-05-02 11:22:25,120 INFO org.apache.hadoop.yarn.event.AsyncDispatcher: Registering class org.apache.hadoop.yarn.server.resourcemanager.rmapp.RMAppEventType for class org.apache.hadoop.yarn.server.resourcemanager.ResourceManager$ApplicationEventDispatcher
2018-05-02 11:22:25,121 INFO org.apache.hadoop.yarn.event.AsyncDispatcher: Registering class org.apache.hadoop.yarn.server.resourcemanager.rmapp.attempt.RMAppAttemptEventType for class org.apache.hadoop.yarn.server.resourcemanager.ResourceManager$ApplicationAttemptEventDispatcher
2018-05-02 11:22:25,121 INFO org.apache.hadoop.yarn.event.AsyncDispatcher: Registering class org.apache.hadoop.yarn.server.resourcemanager.rmnode.RMNodeEventType for class org.apache.hadoop.yarn.server.resourcemanager.ResourceManager$NodeEventDispatcher
2018-05-02 11:22:25,159 INFO org.apache.hadoop.metrics2.impl.MetricsConfig: loaded properties from hadoop-metrics2.properties
2018-05-02 11:22:25,192 INFO org.apache.hadoop.metrics2.impl.MetricsSystemImpl: Scheduled snapshot period at 10 second(s).
2018-05-02 11:22:25,192 INFO org.apache.hadoop.metrics2.impl.MetricsSystemImpl: ResourceManager metrics system started
2018-05-02 11:22:25,198 INFO org.apache.hadoop.yarn.event.AsyncDispatcher: Registering class org.apache.hadoop.yarn.server.resourcemanager.RMAppManagerEventType for class org.apache.hadoop.yarn.server.resourcemanager.RMAppManager
2018-05-02 11:22:25,203 INFO org.apache.hadoop.yarn.event.AsyncDispatcher: Registering class org.apache.hadoop.yarn.server.resourcemanager.amlauncher.AMLauncherEventType for class org.apache.hadoop.yarn.server.resourcemanager.amlauncher.ApplicationMasterLauncher
2018-05-02 11:22:25,204 INFO org.apache.hadoop.yarn.server.resourcemanager.RMNMInfo: Registered RMNMInfo MBean
2018-05-02 11:22:25,206 INFO org.apache.hadoop.yarn.security.YarnAuthorizationProvider: org.apache.hadoop.yarn.security.ConfiguredYarnAuthorizer is instiantiated.
2018-05-02 11:22:25,206 INFO org.apache.hadoop.util.HostsFileReader: Refreshing hosts (include/exclude) list
2018-05-02 11:22:25,209 INFO org.apache.hadoop.conf.Configuration: found resource capacity-scheduler.xml at file:/opt/hadoop-2.7.2/etc/hadoop/capacity-scheduler.xml
2018-05-02 11:22:25,238 INFO org.apache.hadoop.yarn.server.resourcemanager.scheduler.capacity.CapacitySchedulerConfiguration: max alloc mb per queue for root is undefined
2018-05-02 11:22:25,238 INFO org.apache.hadoop.yarn.server.resourcemanager.scheduler.capacity.CapacitySchedulerConfiguration: max alloc vcore per queue for root is undefined
2018-05-02 11:22:25,240 INFO org.apache.hadoop.yarn.server.resourcemanager.scheduler.capacity.ParentQueue: root, capacity=1.0, asboluteCapacity=1.0, maxCapacity=1.0, asboluteMaxCapacity=1.0, state=RUNNING, acls=ADMINISTER_QUEUE:*SUBMIT_APP:*, labels=*,
, reservationsContinueLooking=true
2018-05-02 11:22:25,240 INFO org.apache.hadoop.yarn.server.resourcemanager.scheduler.capacity.ParentQueue: Initialized parent-queue root name=root, fullname=root
2018-05-02 11:22:25,245 INFO org.apache.hadoop.yarn.server.resourcemanager.scheduler.capacity.CapacitySchedulerConfiguration: max alloc mb per queue for root.default is undefined
2018-05-02 11:22:25,245 INFO org.apache.hadoop.yarn.server.resourcemanager.scheduler.capacity.CapacitySchedulerConfiguration: max alloc vcore per queue for root.default is undefined
2018-05-02 11:22:25,246 INFO org.apache.hadoop.yarn.server.resourcemanager.scheduler.capacity.LeafQueue: Initializing default
capacity = 1.0 [= (float) configuredCapacity / 100 ]
asboluteCapacity = 1.0 [= parentAbsoluteCapacity * capacity ]
maxCapacity = 1.0 [= configuredMaxCapacity ]
absoluteMaxCapacity = 1.0 [= 1.0 maximumCapacity undefined, (parentAbsoluteMaxCapacity * maximumCapacity) / 100 otherwise ]
userLimit = 100 [= configuredUserLimit ]
userLimitFactor = 1.0 [= configuredUserLimitFactor ]
maxApplications = 10000 [= configuredMaximumSystemApplicationsPerQueue or (int)(configuredMaximumSystemApplications * absoluteCapacity)]
maxApplicationsPerUser = 10000 [= (int)(maxApplications * (userLimit / 100.0f) * userLimitFactor) ]
usedCapacity = 0.0 [= usedResourcesMemory / (clusterResourceMemory * absoluteCapacity)]
absoluteUsedCapacity = 0.0 [= usedResourcesMemory / clusterResourceMemory]
maxAMResourcePerQueuePercent = 0.1 [= configuredMaximumAMResourcePercent ]
minimumAllocationFactor = 0.875 [= (float)(maximumAllocationMemory - minimumAllocationMemory) / maximumAllocationMemory ]
maximumAllocation = <memory:8192, vCores:32> [= configuredMaxAllocation ]
numContainers = 0 [= currentNumContainers ]
state = RUNNING [= configuredState ]
acls = ADMINISTER_QUEUE:*SUBMIT_APP:* [= configuredAcls ]
nodeLocalityDelay = 40
labels=*,
nodeLocalityDelay = 40
reservationsContinueLooking = true
preemptionDisabled = true

2018-05-02 11:22:25,246 INFO org.apache.hadoop.yarn.server.resourcemanager.scheduler.capacity.CapacityScheduler: Initialized queue: default: capacity=1.0, absoluteCapacity=1.0, usedResources=<memory:0, vCores:0>, usedCapacity=0.0, absoluteUsedCapacity=0.0, numApps=0, numContainers=0
2018-05-02 11:22:25,246 INFO org.apache.hadoop.yarn.server.resourcemanager.scheduler.capacity.CapacityScheduler: Initialized queue: root: numChildQueue= 1, capacity=1.0, absoluteCapacity=1.0, usedResources=<memory:0, vCores:0>usedCapacity=0.0, numApps=0, numContainers=0
2018-05-02 11:22:25,246 INFO org.apache.hadoop.yarn.server.resourcemanager.scheduler.capacity.CapacityScheduler: Initialized root queue root: numChildQueue= 1, capacity=1.0, absoluteCapacity=1.0, usedResources=<memory:0, vCores:0>usedCapacity=0.0, numApps=0, numContainers=0
2018-05-02 11:22:25,246 INFO org.apache.hadoop.yarn.server.resourcemanager.scheduler.capacity.CapacityScheduler: Initialized queue mappings, override: false
2018-05-02 11:22:25,246 INFO org.apache.hadoop.yarn.server.resourcemanager.scheduler.capacity.CapacityScheduler: Initialized CapacityScheduler with calculator=class org.apache.hadoop.yarn.util.resource.DefaultResourceCalculator, minimumAllocation=<<memory:1024, vCores:1>>, maximumAllocation=<<memory:8192, vCores:32>>, asynchronousScheduling=false, asyncScheduleInterval=5ms
2018-05-02 11:22:25,259 INFO org.apache.hadoop.yarn.server.resourcemanager.metrics.SystemMetricsPublisher: YARN system metrics publishing service is not enabled
2018-05-02 11:22:25,259 INFO org.apache.hadoop.yarn.server.resourcemanager.ResourceManager: Transitioning to active state
2018-05-02 11:22:25,265 INFO org.apache.hadoop.yarn.server.resourcemanager.recovery.RMStateStore: Updating AMRMToken
2018-05-02 11:22:25,265 INFO org.apache.hadoop.yarn.server.resourcemanager.security.RMContainerTokenSecretManager: Rolling master-key for container-tokens
2018-05-02 11:22:25,265 INFO org.apache.hadoop.yarn.server.resourcemanager.security.NMTokenSecretManagerInRM: Rolling master-key for nm-tokens
2018-05-02 11:22:25,265 INFO org.apache.hadoop.security.token.delegation.AbstractDelegationTokenSecretManager: Updating the current master key for generating delegation tokens
2018-05-02 11:22:25,265 INFO org.apache.hadoop.yarn.server.resourcemanager.security.RMDelegationTokenSecretManager: storing master key with keyID 1
2018-05-02 11:22:25,265 INFO org.apache.hadoop.yarn.server.resourcemanager.recovery.RMStateStore: Storing RMDTMasterKey.
2018-05-02 11:22:25,266 INFO org.apache.hadoop.security.token.delegation.AbstractDelegationTokenSecretManager: Starting expired delegation token remover thread, tokenRemoverScanInterval=60 min(s)
2018-05-02 11:22:25,266 INFO org.apache.hadoop.security.token.delegation.AbstractDelegationTokenSecretManager: Updating the current master key for generating delegation tokens
2018-05-02 11:22:25,266 INFO org.apache.hadoop.yarn.server.resourcemanager.security.RMDelegationTokenSecretManager: storing master key with keyID 2
2018-05-02 11:22:25,266 INFO org.apache.hadoop.yarn.server.resourcemanager.recovery.RMStateStore: Storing RMDTMasterKey.
2018-05-02 11:22:25,267 INFO org.apache.hadoop.yarn.event.AsyncDispatcher: Registering class org.apache.hadoop.yarn.nodelabels.event.NodeLabelsStoreEventType for class org.apache.hadoop.yarn.nodelabels.CommonNodeLabelsManager$ForwardingEventHandler
2018-05-02 11:22:25,280 INFO org.apache.hadoop.ipc.CallQueueManager: Using callQueue class java.util.concurrent.LinkedBlockingQueue
2018-05-02 11:22:25,288 INFO org.apache.hadoop.service.AbstractService: Service org.apache.hadoop.yarn.server.resourcemanager.ResourceTrackerService failed in state STARTED; cause: org.apache.hadoop.yarn.exceptions.YarnRuntimeException: java.net.BindException: Problem binding to [resourcemanager.ustc.edu:8031] java.net.BindException: 无法指定被请求的地址; For more details see:  http://wiki.apache.org/hadoop/BindException
org.apache.hadoop.yarn.exceptions.YarnRuntimeException: java.net.BindException: Problem binding to [resourcemanager.ustc.edu:8031] java.net.BindException: 无法指定被请求的地址; For more details see:  http://wiki.apache.org/hadoop/BindException
	at org.apache.hadoop.yarn.factories.impl.pb.RpcServerFactoryPBImpl.getServer(RpcServerFactoryPBImpl.java:139)
	at org.apache.hadoop.yarn.ipc.HadoopYarnProtoRPC.getServer(HadoopYarnProtoRPC.java:65)
	at org.apache.hadoop.yarn.ipc.YarnRPC.getServer(YarnRPC.java:54)
	at org.apache.hadoop.yarn.server.resourcemanager.ResourceTrackerService.serviceStart(ResourceTrackerService.java:162)
	at org.apache.hadoop.service.AbstractService.start(AbstractService.java:193)
	at org.apache.hadoop.service.CompositeService.serviceStart(CompositeService.java:120)
	at org.apache.hadoop.yarn.server.resourcemanager.ResourceManager$RMActiveServices.serviceStart(ResourceManager.java:579)
	at org.apache.hadoop.service.AbstractService.start(AbstractService.java:193)
	at org.apache.hadoop.yarn.server.resourcemanager.ResourceManager.startActiveServices(ResourceManager.java:964)
	at org.apache.hadoop.yarn.server.resourcemanager.ResourceManager$1.run(ResourceManager.java:1005)
	at org.apache.hadoop.yarn.server.resourcemanager.ResourceManager$1.run(ResourceManager.java:1001)
	at java.security.AccessController.doPrivileged(Native Method)
	at javax.security.auth.Subject.doAs(Subject.java:422)
	at org.apache.hadoop.security.UserGroupInformation.doAs(UserGroupInformation.java:1657)
	at org.apache.hadoop.yarn.server.resourcemanager.ResourceManager.transitionToActive(ResourceManager.java:1001)
	at org.apache.hadoop.yarn.server.resourcemanager.ResourceManager.serviceStart(ResourceManager.java:1041)
	at org.apache.hadoop.service.AbstractService.start(AbstractService.java:193)
	at org.apache.hadoop.yarn.server.resourcemanager.ResourceManager.main(ResourceManager.java:1178)
Caused by: java.net.BindException: Problem binding to [resourcemanager.ustc.edu:8031] java.net.BindException: 无法指定被请求的地址; For more details see:  http://wiki.apache.org/hadoop/BindException
	at sun.reflect.NativeConstructorAccessorImpl.newInstance0(Native Method)
	at sun.reflect.NativeConstructorAccessorImpl.newInstance(NativeConstructorAccessorImpl.java:62)
	at sun.reflect.DelegatingConstructorAccessorImpl.newInstance(DelegatingConstructorAccessorImpl.java:45)
	at java.lang.reflect.Constructor.newInstance(Constructor.java:423)
	at org.apache.hadoop.net.NetUtils.wrapWithMessage(NetUtils.java:792)
	at org.apache.hadoop.net.NetUtils.wrapException(NetUtils.java:721)
	at org.apache.hadoop.ipc.Server.bind(Server.java:425)
	at org.apache.hadoop.ipc.Server$Listener.<init>(Server.java:574)
	at org.apache.hadoop.ipc.Server.<init>(Server.java:2215)
	at org.apache.hadoop.ipc.RPC$Server.<init>(RPC.java:938)
	at org.apache.hadoop.ipc.ProtobufRpcEngine$Server.<init>(ProtobufRpcEngine.java:534)
	at org.apache.hadoop.ipc.ProtobufRpcEngine.getServer(ProtobufRpcEngine.java:509)
	at org.apache.hadoop.ipc.RPC$Builder.build(RPC.java:783)
	at org.apache.hadoop.yarn.factories.impl.pb.RpcServerFactoryPBImpl.createServer(RpcServerFactoryPBImpl.java:169)
	at org.apache.hadoop.yarn.factories.impl.pb.RpcServerFactoryPBImpl.getServer(RpcServerFactoryPBImpl.java:132)
	... 17 more
Caused by: java.net.BindException: 无法指定被请求的地址
	at sun.nio.ch.Net.bind0(Native Method)
	at sun.nio.ch.Net.bind(Net.java:433)
	at sun.nio.ch.Net.bind(Net.java:425)
	at sun.nio.ch.ServerSocketChannelImpl.bind(ServerSocketChannelImpl.java:223)
	at sun.nio.ch.ServerSocketAdaptor.bind(ServerSocketAdaptor.java:74)
	at org.apache.hadoop.ipc.Server.bind(Server.java:408)
	... 25 more
2018-05-02 11:22:25,290 INFO org.apache.hadoop.service.AbstractService: Service RMActiveServices failed in state STARTED; cause: org.apache.hadoop.yarn.exceptions.YarnRuntimeException: java.net.BindException: Problem binding to [resourcemanager.ustc.edu:8031] java.net.BindException: 无法指定被请求的地址; For more details see:  http://wiki.apache.org/hadoop/BindException
org.apache.hadoop.yarn.exceptions.YarnRuntimeException: java.net.BindException: Problem binding to [resourcemanager.ustc.edu:8031] java.net.BindException: 无法指定被请求的地址; For more details see:  http://wiki.apache.org/hadoop/BindException
	at org.apache.hadoop.yarn.factories.impl.pb.RpcServerFactoryPBImpl.getServer(RpcServerFactoryPBImpl.java:139)
	at org.apache.hadoop.yarn.ipc.HadoopYarnProtoRPC.getServer(HadoopYarnProtoRPC.java:65)
	at org.apache.hadoop.yarn.ipc.YarnRPC.getServer(YarnRPC.java:54)
	at org.apache.hadoop.yarn.server.resourcemanager.ResourceTrackerService.serviceStart(ResourceTrackerService.java:162)
	at org.apache.hadoop.service.AbstractService.start(AbstractService.java:193)
	at org.apache.hadoop.service.CompositeService.serviceStart(CompositeService.java:120)
	at org.apache.hadoop.yarn.server.resourcemanager.ResourceManager$RMActiveServices.serviceStart(ResourceManager.java:579)
	at org.apache.hadoop.service.AbstractService.start(AbstractService.java:193)
	at org.apache.hadoop.yarn.server.resourcemanager.ResourceManager.startActiveServices(ResourceManager.java:964)
	at org.apache.hadoop.yarn.server.resourcemanager.ResourceManager$1.run(ResourceManager.java:1005)
	at org.apache.hadoop.yarn.server.resourcemanager.ResourceManager$1.run(ResourceManager.java:1001)
	at java.security.AccessController.doPrivileged(Native Method)
	at javax.security.auth.Subject.doAs(Subject.java:422)
	at org.apache.hadoop.security.UserGroupInformation.doAs(UserGroupInformation.java:1657)
	at org.apache.hadoop.yarn.server.resourcemanager.ResourceManager.transitionToActive(ResourceManager.java:1001)
	at org.apache.hadoop.yarn.server.resourcemanager.ResourceManager.serviceStart(ResourceManager.java:1041)
	at org.apache.hadoop.service.AbstractService.start(AbstractService.java:193)
	at org.apache.hadoop.yarn.server.resourcemanager.ResourceManager.main(ResourceManager.java:1178)
Caused by: java.net.BindException: Problem binding to [resourcemanager.ustc.edu:8031] java.net.BindException: 无法指定被请求的地址; For more details see:  http://wiki.apache.org/hadoop/BindException
	at sun.reflect.NativeConstructorAccessorImpl.newInstance0(Native Method)
	at sun.reflect.NativeConstructorAccessorImpl.newInstance(NativeConstructorAccessorImpl.java:62)
	at sun.reflect.DelegatingConstructorAccessorImpl.newInstance(DelegatingConstructorAccessorImpl.java:45)
	at java.lang.reflect.Constructor.newInstance(Constructor.java:423)
	at org.apache.hadoop.net.NetUtils.wrapWithMessage(NetUtils.java:792)
	at org.apache.hadoop.net.NetUtils.wrapException(NetUtils.java:721)
	at org.apache.hadoop.ipc.Server.bind(Server.java:425)
	at org.apache.hadoop.ipc.Server$Listener.<init>(Server.java:574)
	at org.apache.hadoop.ipc.Server.<init>(Server.java:2215)
	at org.apache.hadoop.ipc.RPC$Server.<init>(RPC.java:938)
	at org.apache.hadoop.ipc.ProtobufRpcEngine$Server.<init>(ProtobufRpcEngine.java:534)
	at org.apache.hadoop.ipc.ProtobufRpcEngine.getServer(ProtobufRpcEngine.java:509)
	at org.apache.hadoop.ipc.RPC$Builder.build(RPC.java:783)
	at org.apache.hadoop.yarn.factories.impl.pb.RpcServerFactoryPBImpl.createServer(RpcServerFactoryPBImpl.java:169)
	at org.apache.hadoop.yarn.factories.impl.pb.RpcServerFactoryPBImpl.getServer(RpcServerFactoryPBImpl.java:132)
	... 17 more
Caused by: java.net.BindException: 无法指定被请求的地址
	at sun.nio.ch.Net.bind0(Native Method)
	at sun.nio.ch.Net.bind(Net.java:433)
	at sun.nio.ch.Net.bind(Net.java:425)
	at sun.nio.ch.ServerSocketChannelImpl.bind(ServerSocketChannelImpl.java:223)
	at sun.nio.ch.ServerSocketAdaptor.bind(ServerSocketAdaptor.java:74)
	at org.apache.hadoop.ipc.Server.bind(Server.java:408)
	... 25 more
2018-05-02 11:22:25,295 INFO org.apache.hadoop.yarn.util.AbstractLivelinessMonitor: NMLivelinessMonitor thread interrupted
2018-05-02 11:22:25,295 ERROR org.apache.hadoop.yarn.server.resourcemanager.ResourceManager: Returning, interrupted : java.lang.InterruptedException
2018-05-02 11:22:25,295 INFO org.apache.hadoop.yarn.event.AsyncDispatcher: AsyncDispatcher is draining to stop, igonring any new events.
2018-05-02 11:22:25,296 INFO org.apache.hadoop.yarn.util.AbstractLivelinessMonitor: AMLivelinessMonitor thread interrupted
2018-05-02 11:22:25,296 INFO org.apache.hadoop.yarn.util.AbstractLivelinessMonitor: AMLivelinessMonitor thread interrupted
2018-05-02 11:22:25,296 ERROR org.apache.hadoop.security.token.delegation.AbstractDelegationTokenSecretManager: ExpiredTokenRemover received java.lang.InterruptedException: sleep interrupted
2018-05-02 11:22:25,296 INFO org.apache.hadoop.yarn.util.AbstractLivelinessMonitor: org.apache.hadoop.yarn.server.resourcemanager.rmcontainer.ContainerAllocationExpirer thread interrupted
2018-05-02 11:22:25,296 INFO org.apache.hadoop.metrics2.impl.MetricsSystemImpl: Stopping ResourceManager metrics system...
2018-05-02 11:22:25,296 INFO org.apache.hadoop.metrics2.impl.MetricsSystemImpl: ResourceManager metrics system stopped.
2018-05-02 11:22:25,296 INFO org.apache.hadoop.metrics2.impl.MetricsSystemImpl: ResourceManager metrics system shutdown complete.
2018-05-02 11:22:25,296 INFO org.apache.hadoop.yarn.event.AsyncDispatcher: AsyncDispatcher is draining to stop, igonring any new events.
2018-05-02 11:22:25,296 INFO org.apache.hadoop.yarn.event.AsyncDispatcher: Registering class org.apache.hadoop.yarn.server.resourcemanager.RMFatalEventType for class org.apache.hadoop.yarn.server.resourcemanager.ResourceManager$RMFatalEventDispatcher
2018-05-02 11:22:25,298 INFO org.apache.hadoop.yarn.server.resourcemanager.security.NMTokenSecretManagerInRM: NMTokenKeyRollingInterval: 86400000ms and NMTokenKeyActivationDelay: 900000ms
2018-05-02 11:22:25,298 INFO org.apache.hadoop.yarn.server.resourcemanager.security.RMContainerTokenSecretManager: ContainerTokenKeyRollingInterval: 86400000ms and ContainerTokenKeyActivationDelay: 900000ms
2018-05-02 11:22:25,298 INFO org.apache.hadoop.yarn.server.resourcemanager.security.AMRMTokenSecretManager: AMRMTokenKeyRollingInterval: 86400000ms and AMRMTokenKeyActivationDelay: 900000 ms
2018-05-02 11:22:25,298 INFO org.apache.hadoop.yarn.event.AsyncDispatcher: Registering class org.apache.hadoop.yarn.server.resourcemanager.recovery.RMStateStoreEventType for class org.apache.hadoop.yarn.server.resourcemanager.recovery.RMStateStore$ForwardingEventHandler
2018-05-02 11:22:25,298 INFO org.apache.hadoop.yarn.event.AsyncDispatcher: Registering class org.apache.hadoop.yarn.server.resourcemanager.NodesListManagerEventType for class org.apache.hadoop.yarn.server.resourcemanager.NodesListManager
2018-05-02 11:22:25,298 INFO org.apache.hadoop.yarn.server.resourcemanager.ResourceManager: Using Scheduler: org.apache.hadoop.yarn.server.resourcemanager.scheduler.capacity.CapacityScheduler
2018-05-02 11:22:25,298 INFO org.apache.hadoop.yarn.event.AsyncDispatcher: Registering class org.apache.hadoop.yarn.server.resourcemanager.scheduler.event.SchedulerEventType for class org.apache.hadoop.yarn.server.resourcemanager.ResourceManager$SchedulerEventDispatcher
2018-05-02 11:22:25,299 INFO org.apache.hadoop.yarn.event.AsyncDispatcher: Registering class org.apache.hadoop.yarn.server.resourcemanager.rmapp.RMAppEventType for class org.apache.hadoop.yarn.server.resourcemanager.ResourceManager$ApplicationEventDispatcher
2018-05-02 11:22:25,299 INFO org.apache.hadoop.yarn.event.AsyncDispatcher: Registering class org.apache.hadoop.yarn.server.resourcemanager.rmapp.attempt.RMAppAttemptEventType for class org.apache.hadoop.yarn.server.resourcemanager.ResourceManager$ApplicationAttemptEventDispatcher
2018-05-02 11:22:25,299 INFO org.apache.hadoop.yarn.event.AsyncDispatcher: Registering class org.apache.hadoop.yarn.server.resourcemanager.rmnode.RMNodeEventType for class org.apache.hadoop.yarn.server.resourcemanager.ResourceManager$NodeEventDispatcher
2018-05-02 11:22:25,299 INFO org.apache.hadoop.metrics2.impl.MetricsConfig: loaded properties from hadoop-metrics2.properties
2018-05-02 11:22:25,300 INFO org.apache.hadoop.metrics2.impl.MetricsSystemImpl: Scheduled snapshot period at 10 second(s).
2018-05-02 11:22:25,300 INFO org.apache.hadoop.metrics2.impl.MetricsSystemImpl: ResourceManager metrics system started
2018-05-02 11:22:25,300 INFO org.apache.hadoop.yarn.event.AsyncDispatcher: Registering class org.apache.hadoop.yarn.server.resourcemanager.RMAppManagerEventType for class org.apache.hadoop.yarn.server.resourcemanager.RMAppManager
2018-05-02 11:22:25,300 INFO org.apache.hadoop.yarn.event.AsyncDispatcher: Registering class org.apache.hadoop.yarn.server.resourcemanager.amlauncher.AMLauncherEventType for class org.apache.hadoop.yarn.server.resourcemanager.amlauncher.ApplicationMasterLauncher
2018-05-02 11:22:25,300 WARN org.apache.hadoop.metrics2.util.MBeans: Failed to register MBean "Hadoop:service=ResourceManager,name=RMNMInfo": Instance already exists.
2018-05-02 11:22:25,300 INFO org.apache.hadoop.yarn.server.resourcemanager.RMNMInfo: Registered RMNMInfo MBean
2018-05-02 11:22:25,300 INFO org.apache.hadoop.util.HostsFileReader: Refreshing hosts (include/exclude) list
2018-05-02 11:22:25,301 INFO org.apache.hadoop.conf.Configuration: found resource capacity-scheduler.xml at file:/opt/hadoop-2.7.2/etc/hadoop/capacity-scheduler.xml
2018-05-02 11:22:25,311 INFO org.apache.hadoop.yarn.server.resourcemanager.scheduler.capacity.CapacitySchedulerConfiguration: max alloc mb per queue for root is undefined
2018-05-02 11:22:25,311 INFO org.apache.hadoop.yarn.server.resourcemanager.scheduler.capacity.CapacitySchedulerConfiguration: max alloc vcore per queue for root is undefined
2018-05-02 11:22:25,311 INFO org.apache.hadoop.yarn.server.resourcemanager.scheduler.capacity.ParentQueue: root, capacity=1.0, asboluteCapacity=1.0, maxCapacity=1.0, asboluteMaxCapacity=1.0, state=RUNNING, acls=ADMINISTER_QUEUE:*SUBMIT_APP:*, labels=*,
, reservationsContinueLooking=true
2018-05-02 11:22:25,311 INFO org.apache.hadoop.yarn.server.resourcemanager.scheduler.capacity.ParentQueue: Initialized parent-queue root name=root, fullname=root
2018-05-02 11:22:25,312 INFO org.apache.hadoop.yarn.server.resourcemanager.scheduler.capacity.CapacitySchedulerConfiguration: max alloc mb per queue for root.default is undefined
2018-05-02 11:22:25,312 INFO org.apache.hadoop.yarn.server.resourcemanager.scheduler.capacity.CapacitySchedulerConfiguration: max alloc vcore per queue for root.default is undefined
2018-05-02 11:22:25,313 INFO org.apache.hadoop.yarn.server.resourcemanager.scheduler.capacity.LeafQueue: Initializing default
capacity = 1.0 [= (float) configuredCapacity / 100 ]
asboluteCapacity = 1.0 [= parentAbsoluteCapacity * capacity ]
maxCapacity = 1.0 [= configuredMaxCapacity ]
absoluteMaxCapacity = 1.0 [= 1.0 maximumCapacity undefined, (parentAbsoluteMaxCapacity * maximumCapacity) / 100 otherwise ]
userLimit = 100 [= configuredUserLimit ]
userLimitFactor = 1.0 [= configuredUserLimitFactor ]
maxApplications = 10000 [= configuredMaximumSystemApplicationsPerQueue or (int)(configuredMaximumSystemApplications * absoluteCapacity)]
maxApplicationsPerUser = 10000 [= (int)(maxApplications * (userLimit / 100.0f) * userLimitFactor) ]
usedCapacity = 0.0 [= usedResourcesMemory / (clusterResourceMemory * absoluteCapacity)]
absoluteUsedCapacity = 0.0 [= usedResourcesMemory / clusterResourceMemory]
maxAMResourcePerQueuePercent = 0.1 [= configuredMaximumAMResourcePercent ]
minimumAllocationFactor = 0.875 [= (float)(maximumAllocationMemory - minimumAllocationMemory) / maximumAllocationMemory ]
maximumAllocation = <memory:8192, vCores:32> [= configuredMaxAllocation ]
numContainers = 0 [= currentNumContainers ]
state = RUNNING [= configuredState ]
acls = ADMINISTER_QUEUE:*SUBMIT_APP:* [= configuredAcls ]
nodeLocalityDelay = 40
labels=*,
nodeLocalityDelay = 40
reservationsContinueLooking = true
preemptionDisabled = true

2018-05-02 11:22:25,313 INFO org.apache.hadoop.yarn.server.resourcemanager.scheduler.capacity.CapacityScheduler: Initialized queue: default: capacity=1.0, absoluteCapacity=1.0, usedResources=<memory:0, vCores:0>, usedCapacity=0.0, absoluteUsedCapacity=0.0, numApps=0, numContainers=0
2018-05-02 11:22:25,313 INFO org.apache.hadoop.yarn.server.resourcemanager.scheduler.capacity.CapacityScheduler: Initialized queue: root: numChildQueue= 1, capacity=1.0, absoluteCapacity=1.0, usedResources=<memory:0, vCores:0>usedCapacity=0.0, numApps=0, numContainers=0
2018-05-02 11:22:25,313 INFO org.apache.hadoop.yarn.server.resourcemanager.scheduler.capacity.CapacityScheduler: Initialized root queue root: numChildQueue= 1, capacity=1.0, absoluteCapacity=1.0, usedResources=<memory:0, vCores:0>usedCapacity=0.0, numApps=0, numContainers=0
2018-05-02 11:22:25,313 INFO org.apache.hadoop.yarn.server.resourcemanager.scheduler.capacity.CapacityScheduler: Initialized queue mappings, override: false
2018-05-02 11:22:25,313 INFO org.apache.hadoop.yarn.server.resourcemanager.scheduler.capacity.CapacityScheduler: Initialized CapacityScheduler with calculator=class org.apache.hadoop.yarn.util.resource.DefaultResourceCalculator, minimumAllocation=<<memory:1024, vCores:1>>, maximumAllocation=<<memory:8192, vCores:32>>, asynchronousScheduling=false, asyncScheduleInterval=5ms
2018-05-02 11:22:25,313 INFO org.apache.hadoop.service.AbstractService: Service ResourceManager failed in state STARTED; cause: org.apache.hadoop.yarn.exceptions.YarnRuntimeException: java.net.BindException: Problem binding to [resourcemanager.ustc.edu:8031] java.net.BindException: 无法指定被请求的地址; For more details see:  http://wiki.apache.org/hadoop/BindException
org.apache.hadoop.yarn.exceptions.YarnRuntimeException: java.net.BindException: Problem binding to [resourcemanager.ustc.edu:8031] java.net.BindException: 无法指定被请求的地址; For more details see:  http://wiki.apache.org/hadoop/BindException
	at org.apache.hadoop.yarn.factories.impl.pb.RpcServerFactoryPBImpl.getServer(RpcServerFactoryPBImpl.java:139)
	at org.apache.hadoop.yarn.ipc.HadoopYarnProtoRPC.getServer(HadoopYarnProtoRPC.java:65)
	at org.apache.hadoop.yarn.ipc.YarnRPC.getServer(YarnRPC.java:54)
	at org.apache.hadoop.yarn.server.resourcemanager.ResourceTrackerService.serviceStart(ResourceTrackerService.java:162)
	at org.apache.hadoop.service.AbstractService.start(AbstractService.java:193)
	at org.apache.hadoop.service.CompositeService.serviceStart(CompositeService.java:120)
	at org.apache.hadoop.yarn.server.resourcemanager.ResourceManager$RMActiveServices.serviceStart(ResourceManager.java:579)
	at org.apache.hadoop.service.AbstractService.start(AbstractService.java:193)
	at org.apache.hadoop.yarn.server.resourcemanager.ResourceManager.startActiveServices(ResourceManager.java:964)
	at org.apache.hadoop.yarn.server.resourcemanager.ResourceManager$1.run(ResourceManager.java:1005)
	at org.apache.hadoop.yarn.server.resourcemanager.ResourceManager$1.run(ResourceManager.java:1001)
	at java.security.AccessController.doPrivileged(Native Method)
	at javax.security.auth.Subject.doAs(Subject.java:422)
	at org.apache.hadoop.security.UserGroupInformation.doAs(UserGroupInformation.java:1657)
	at org.apache.hadoop.yarn.server.resourcemanager.ResourceManager.transitionToActive(ResourceManager.java:1001)
	at org.apache.hadoop.yarn.server.resourcemanager.ResourceManager.serviceStart(ResourceManager.java:1041)
	at org.apache.hadoop.service.AbstractService.start(AbstractService.java:193)
	at org.apache.hadoop.yarn.server.resourcemanager.ResourceManager.main(ResourceManager.java:1178)
Caused by: java.net.BindException: Problem binding to [resourcemanager.ustc.edu:8031] java.net.BindException: 无法指定被请求的地址; For more details see:  http://wiki.apache.org/hadoop/BindException
	at sun.reflect.NativeConstructorAccessorImpl.newInstance0(Native Method)
	at sun.reflect.NativeConstructorAccessorImpl.newInstance(NativeConstructorAccessorImpl.java:62)
	at sun.reflect.DelegatingConstructorAccessorImpl.newInstance(DelegatingConstructorAccessorImpl.java:45)
	at java.lang.reflect.Constructor.newInstance(Constructor.java:423)
	at org.apache.hadoop.net.NetUtils.wrapWithMessage(NetUtils.java:792)
	at org.apache.hadoop.net.NetUtils.wrapException(NetUtils.java:721)
	at org.apache.hadoop.ipc.Server.bind(Server.java:425)
	at org.apache.hadoop.ipc.Server$Listener.<init>(Server.java:574)
	at org.apache.hadoop.ipc.Server.<init>(Server.java:2215)
	at org.apache.hadoop.ipc.RPC$Server.<init>(RPC.java:938)
	at org.apache.hadoop.ipc.ProtobufRpcEngine$Server.<init>(ProtobufRpcEngine.java:534)
	at org.apache.hadoop.ipc.ProtobufRpcEngine.getServer(ProtobufRpcEngine.java:509)
	at org.apache.hadoop.ipc.RPC$Builder.build(RPC.java:783)
	at org.apache.hadoop.yarn.factories.impl.pb.RpcServerFactoryPBImpl.createServer(RpcServerFactoryPBImpl.java:169)
	at org.apache.hadoop.yarn.factories.impl.pb.RpcServerFactoryPBImpl.getServer(RpcServerFactoryPBImpl.java:132)
	... 17 more
Caused by: java.net.BindException: 无法指定被请求的地址
	at sun.nio.ch.Net.bind0(Native Method)
	at sun.nio.ch.Net.bind(Net.java:433)
	at sun.nio.ch.Net.bind(Net.java:425)
	at sun.nio.ch.ServerSocketChannelImpl.bind(ServerSocketChannelImpl.java:223)
	at sun.nio.ch.ServerSocketAdaptor.bind(ServerSocketAdaptor.java:74)
	at org.apache.hadoop.ipc.Server.bind(Server.java:408)
	... 25 more
2018-05-02 11:22:25,314 INFO org.apache.hadoop.yarn.server.resourcemanager.ResourceManager: Transitioning to standby state
2018-05-02 11:22:25,314 INFO org.apache.hadoop.yarn.server.resourcemanager.ResourceManager: Transitioned to standby state
2018-05-02 11:22:25,314 FATAL org.apache.hadoop.yarn.server.resourcemanager.ResourceManager: Error starting ResourceManager
org.apache.hadoop.yarn.exceptions.YarnRuntimeException: java.net.BindException: Problem binding to [resourcemanager.ustc.edu:8031] java.net.BindException: 无法指定被请求的地址; For more details see:  http://wiki.apache.org/hadoop/BindException
	at org.apache.hadoop.yarn.factories.impl.pb.RpcServerFactoryPBImpl.getServer(RpcServerFactoryPBImpl.java:139)
	at org.apache.hadoop.yarn.ipc.HadoopYarnProtoRPC.getServer(HadoopYarnProtoRPC.java:65)
	at org.apache.hadoop.yarn.ipc.YarnRPC.getServer(YarnRPC.java:54)
	at org.apache.hadoop.yarn.server.resourcemanager.ResourceTrackerService.serviceStart(ResourceTrackerService.java:162)
	at org.apache.hadoop.service.AbstractService.start(AbstractService.java:193)
	at org.apache.hadoop.service.CompositeService.serviceStart(CompositeService.java:120)
	at org.apache.hadoop.yarn.server.resourcemanager.ResourceManager$RMActiveServices.serviceStart(ResourceManager.java:579)
	at org.apache.hadoop.service.AbstractService.start(AbstractService.java:193)
	at org.apache.hadoop.yarn.server.resourcemanager.ResourceManager.startActiveServices(ResourceManager.java:964)
	at org.apache.hadoop.yarn.server.resourcemanager.ResourceManager$1.run(ResourceManager.java:1005)
	at org.apache.hadoop.yarn.server.resourcemanager.ResourceManager$1.run(ResourceManager.java:1001)
	at java.security.AccessController.doPrivileged(Native Method)
	at javax.security.auth.Subject.doAs(Subject.java:422)
	at org.apache.hadoop.security.UserGroupInformation.doAs(UserGroupInformation.java:1657)
	at org.apache.hadoop.yarn.server.resourcemanager.ResourceManager.transitionToActive(ResourceManager.java:1001)
	at org.apache.hadoop.yarn.server.resourcemanager.ResourceManager.serviceStart(ResourceManager.java:1041)
	at org.apache.hadoop.service.AbstractService.start(AbstractService.java:193)
	at org.apache.hadoop.yarn.server.resourcemanager.ResourceManager.main(ResourceManager.java:1178)
Caused by: java.net.BindException: Problem binding to [resourcemanager.ustc.edu:8031] java.net.BindException: 无法指定被请求的地址; For more details see:  http://wiki.apache.org/hadoop/BindException
	at sun.reflect.NativeConstructorAccessorImpl.newInstance0(Native Method)
	at sun.reflect.NativeConstructorAccessorImpl.newInstance(NativeConstructorAccessorImpl.java:62)
	at sun.reflect.DelegatingConstructorAccessorImpl.newInstance(DelegatingConstructorAccessorImpl.java:45)
	at java.lang.reflect.Constructor.newInstance(Constructor.java:423)
	at org.apache.hadoop.net.NetUtils.wrapWithMessage(NetUtils.java:792)
	at org.apache.hadoop.net.NetUtils.wrapException(NetUtils.java:721)
	at org.apache.hadoop.ipc.Server.bind(Server.java:425)
	at org.apache.hadoop.ipc.Server$Listener.<init>(Server.java:574)
	at org.apache.hadoop.ipc.Server.<init>(Server.java:2215)
	at org.apache.hadoop.ipc.RPC$Server.<init>(RPC.java:938)
	at org.apache.hadoop.ipc.ProtobufRpcEngine$Server.<init>(ProtobufRpcEngine.java:534)
	at org.apache.hadoop.ipc.ProtobufRpcEngine.getServer(ProtobufRpcEngine.java:509)
	at org.apache.hadoop.ipc.RPC$Builder.build(RPC.java:783)
	at org.apache.hadoop.yarn.factories.impl.pb.RpcServerFactoryPBImpl.createServer(RpcServerFactoryPBImpl.java:169)
	at org.apache.hadoop.yarn.factories.impl.pb.RpcServerFactoryPBImpl.getServer(RpcServerFactoryPBImpl.java:132)
	... 17 more
Caused by: java.net.BindException: 无法指定被请求的地址
	at sun.nio.ch.Net.bind0(Native Method)
	at sun.nio.ch.Net.bind(Net.java:433)
	at sun.nio.ch.Net.bind(Net.java:425)
	at sun.nio.ch.ServerSocketChannelImpl.bind(ServerSocketChannelImpl.java:223)
	at sun.nio.ch.ServerSocketAdaptor.bind(ServerSocketAdaptor.java:74)
	at org.apache.hadoop.ipc.Server.bind(Server.java:408)
	... 25 more
2018-05-02 11:22:25,315 INFO org.apache.hadoop.yarn.server.resourcemanager.ResourceManager: SHUTDOWN_MSG: 
/************************************************************
SHUTDOWN_MSG: Shutting down ResourceManager at singlenode/192.168.1.117
************************************************************/
