2018-05-02 11:22:26,242 INFO org.apache.hadoop.yarn.server.nodemanager.NodeManager: STARTUP_MSG: 
/************************************************************
STARTUP_MSG: Starting NodeManager
STARTUP_MSG:   host = singlenode/192.168.1.117
STARTUP_MSG:   args = []
STARTUP_MSG:   version = 2.7.2
STARTUP_MSG:   classpath = /opt/hadoop-2.7.2/etc/hadoop:/opt/hadoop-2.7.2/etc/hadoop:/opt/hadoop-2.7.2/etc/hadoop:/opt/hadoop-2.7.2/share/hadoop/common/lib/commons-math3-3.1.1.jar:/opt/hadoop-2.7.2/share/hadoop/common/lib/commons-beanutils-core-1.8.0.jar:/opt/hadoop-2.7.2/share/hadoop/common/lib/commons-net-3.1.jar:/opt/hadoop-2.7.2/share/hadoop/common/lib/jersey-server-1.9.jar:/opt/hadoop-2.7.2/share/hadoop/common/lib/commons-codec-1.4.jar:/opt/hadoop-2.7.2/share/hadoop/common/lib/jackson-core-asl-1.9.13.jar:/opt/hadoop-2.7.2/share/hadoop/common/lib/jackson-jaxrs-1.9.13.jar:/opt/hadoop-2.7.2/share/hadoop/common/lib/jersey-json-1.9.jar:/opt/hadoop-2.7.2/share/hadoop/common/lib/jackson-xc-1.9.13.jar:/opt/hadoop-2.7.2/share/hadoop/common/lib/commons-digester-1.8.jar:/opt/hadoop-2.7.2/share/hadoop/common/lib/netty-3.6.2.Final.jar:/opt/hadoop-2.7.2/share/hadoop/common/lib/jaxb-impl-2.2.3-1.jar:/opt/hadoop-2.7.2/share/hadoop/common/lib/commons-collections-3.2.2.jar:/opt/hadoop-2.7.2/share/hadoop/common/lib/jsch-0.1.42.jar:/opt/hadoop-2.7.2/share/hadoop/common/lib/commons-beanutils-1.7.0.jar:/opt/hadoop-2.7.2/share/hadoop/common/lib/snappy-java-1.0.4.1.jar:/opt/hadoop-2.7.2/share/hadoop/common/lib/gson-2.2.4.jar:/opt/hadoop-2.7.2/share/hadoop/common/lib/curator-recipes-2.7.1.jar:/opt/hadoop-2.7.2/share/hadoop/common/lib/jsr305-3.0.0.jar:/opt/hadoop-2.7.2/share/hadoop/common/lib/servlet-api-2.5.jar:/opt/hadoop-2.7.2/share/hadoop/common/lib/curator-client-2.7.1.jar:/opt/hadoop-2.7.2/share/hadoop/common/lib/commons-logging-1.1.3.jar:/opt/hadoop-2.7.2/share/hadoop/common/lib/junit-4.11.jar:/opt/hadoop-2.7.2/share/hadoop/common/lib/jsp-api-2.1.jar:/opt/hadoop-2.7.2/share/hadoop/common/lib/jaxb-api-2.2.2.jar:/opt/hadoop-2.7.2/share/hadoop/common/lib/stax-api-1.0-2.jar:/opt/hadoop-2.7.2/share/hadoop/common/lib/commons-io-2.4.jar:/opt/hadoop-2.7.2/share/hadoop/common/lib/avro-1.7.4.jar:/opt/hadoop-2.7.2/share/hadoop/common/lib/jersey-core-1.9.jar:/opt/hadoop-2.7.2/share/hadoop/common/lib/jetty-6.1.26.jar:/opt/hadoop-2.7.2/share/hadoop/common/lib/hadoop-annotations-2.7.2.jar:/opt/hadoop-2.7.2/share/hadoop/common/lib/slf4j-log4j12-1.7.10.jar:/opt/hadoop-2.7.2/share/hadoop/common/lib/htrace-core-3.1.0-incubating.jar:/opt/hadoop-2.7.2/share/hadoop/common/lib/commons-compress-1.4.1.jar:/opt/hadoop-2.7.2/share/hadoop/common/lib/jackson-mapper-asl-1.9.13.jar:/opt/hadoop-2.7.2/share/hadoop/common/lib/apacheds-kerberos-codec-2.0.0-M15.jar:/opt/hadoop-2.7.2/share/hadoop/common/lib/slf4j-api-1.7.10.jar:/opt/hadoop-2.7.2/share/hadoop/common/lib/hamcrest-core-1.3.jar:/opt/hadoop-2.7.2/share/hadoop/common/lib/xz-1.0.jar:/opt/hadoop-2.7.2/share/hadoop/common/lib/httpclient-4.2.5.jar:/opt/hadoop-2.7.2/share/hadoop/common/lib/activation-1.1.jar:/opt/hadoop-2.7.2/share/hadoop/common/lib/guava-11.0.2.jar:/opt/hadoop-2.7.2/share/hadoop/common/lib/protobuf-java-2.5.0.jar:/opt/hadoop-2.7.2/share/hadoop/common/lib/commons-httpclient-3.1.jar:/opt/hadoop-2.7.2/share/hadoop/common/lib/jets3t-0.9.0.jar:/opt/hadoop-2.7.2/share/hadoop/common/lib/api-util-1.0.0-M20.jar:/opt/hadoop-2.7.2/share/hadoop/common/lib/mockito-all-1.8.5.jar:/opt/hadoop-2.7.2/share/hadoop/common/lib/commons-lang-2.6.jar:/opt/hadoop-2.7.2/share/hadoop/common/lib/zookeeper-3.4.6.jar:/opt/hadoop-2.7.2/share/hadoop/common/lib/jetty-util-6.1.26.jar:/opt/hadoop-2.7.2/share/hadoop/common/lib/commons-configuration-1.6.jar:/opt/hadoop-2.7.2/share/hadoop/common/lib/jettison-1.1.jar:/opt/hadoop-2.7.2/share/hadoop/common/lib/api-asn1-api-1.0.0-M20.jar:/opt/hadoop-2.7.2/share/hadoop/common/lib/xmlenc-0.52.jar:/opt/hadoop-2.7.2/share/hadoop/common/lib/hadoop-auth-2.7.2.jar:/opt/hadoop-2.7.2/share/hadoop/common/lib/httpcore-4.2.5.jar:/opt/hadoop-2.7.2/share/hadoop/common/lib/log4j-1.2.17.jar:/opt/hadoop-2.7.2/share/hadoop/common/lib/commons-cli-1.2.jar:/opt/hadoop-2.7.2/share/hadoop/common/lib/asm-3.2.jar:/opt/hadoop-2.7.2/share/hadoop/common/lib/apacheds-i18n-2.0.0-M15.jar:/opt/hadoop-2.7.2/share/hadoop/common/lib/paranamer-2.3.jar:/opt/hadoop-2.7.2/share/hadoop/common/lib/curator-framework-2.7.1.jar:/opt/hadoop-2.7.2/share/hadoop/common/lib/java-xmlbuilder-0.4.jar:/opt/hadoop-2.7.2/share/hadoop/common/hadoop-nfs-2.7.2.jar:/opt/hadoop-2.7.2/share/hadoop/common/hadoop-common-2.7.2.jar:/opt/hadoop-2.7.2/share/hadoop/common/hadoop-common-2.7.2-tests.jar:/opt/hadoop-2.7.2/share/hadoop/hdfs:/opt/hadoop-2.7.2/share/hadoop/hdfs/lib/jersey-server-1.9.jar:/opt/hadoop-2.7.2/share/hadoop/hdfs/lib/commons-codec-1.4.jar:/opt/hadoop-2.7.2/share/hadoop/hdfs/lib/jackson-core-asl-1.9.13.jar:/opt/hadoop-2.7.2/share/hadoop/hdfs/lib/netty-all-4.0.23.Final.jar:/opt/hadoop-2.7.2/share/hadoop/hdfs/lib/netty-3.6.2.Final.jar:/opt/hadoop-2.7.2/share/hadoop/hdfs/lib/jsr305-3.0.0.jar:/opt/hadoop-2.7.2/share/hadoop/hdfs/lib/servlet-api-2.5.jar:/opt/hadoop-2.7.2/share/hadoop/hdfs/lib/leveldbjni-all-1.8.jar:/opt/hadoop-2.7.2/share/hadoop/hdfs/lib/commons-logging-1.1.3.jar:/opt/hadoop-2.7.2/share/hadoop/hdfs/lib/xml-apis-1.3.04.jar:/opt/hadoop-2.7.2/share/hadoop/hdfs/lib/commons-io-2.4.jar:/opt/hadoop-2.7.2/share/hadoop/hdfs/lib/jersey-core-1.9.jar:/opt/hadoop-2.7.2/share/hadoop/hdfs/lib/jetty-6.1.26.jar:/opt/hadoop-2.7.2/share/hadoop/hdfs/lib/htrace-core-3.1.0-incubating.jar:/opt/hadoop-2.7.2/share/hadoop/hdfs/lib/jackson-mapper-asl-1.9.13.jar:/opt/hadoop-2.7.2/share/hadoop/hdfs/lib/guava-11.0.2.jar:/opt/hadoop-2.7.2/share/hadoop/hdfs/lib/commons-daemon-1.0.13.jar:/opt/hadoop-2.7.2/share/hadoop/hdfs/lib/protobuf-java-2.5.0.jar:/opt/hadoop-2.7.2/share/hadoop/hdfs/lib/xercesImpl-2.9.1.jar:/opt/hadoop-2.7.2/share/hadoop/hdfs/lib/commons-lang-2.6.jar:/opt/hadoop-2.7.2/share/hadoop/hdfs/lib/jetty-util-6.1.26.jar:/opt/hadoop-2.7.2/share/hadoop/hdfs/lib/xmlenc-0.52.jar:/opt/hadoop-2.7.2/share/hadoop/hdfs/lib/log4j-1.2.17.jar:/opt/hadoop-2.7.2/share/hadoop/hdfs/lib/commons-cli-1.2.jar:/opt/hadoop-2.7.2/share/hadoop/hdfs/lib/asm-3.2.jar:/opt/hadoop-2.7.2/share/hadoop/hdfs/hadoop-hdfs-2.7.2.jar:/opt/hadoop-2.7.2/share/hadoop/hdfs/hadoop-hdfs-2.7.2-tests.jar:/opt/hadoop-2.7.2/share/hadoop/hdfs/hadoop-hdfs-nfs-2.7.2.jar:/opt/hadoop-2.7.2/share/hadoop/yarn/lib/jersey-server-1.9.jar:/opt/hadoop-2.7.2/share/hadoop/yarn/lib/commons-codec-1.4.jar:/opt/hadoop-2.7.2/share/hadoop/yarn/lib/jackson-core-asl-1.9.13.jar:/opt/hadoop-2.7.2/share/hadoop/yarn/lib/jackson-jaxrs-1.9.13.jar:/opt/hadoop-2.7.2/share/hadoop/yarn/lib/jersey-json-1.9.jar:/opt/hadoop-2.7.2/share/hadoop/yarn/lib/jersey-client-1.9.jar:/opt/hadoop-2.7.2/share/hadoop/yarn/lib/jackson-xc-1.9.13.jar:/opt/hadoop-2.7.2/share/hadoop/yarn/lib/netty-3.6.2.Final.jar:/opt/hadoop-2.7.2/share/hadoop/yarn/lib/jaxb-impl-2.2.3-1.jar:/opt/hadoop-2.7.2/share/hadoop/yarn/lib/commons-collections-3.2.2.jar:/opt/hadoop-2.7.2/share/hadoop/yarn/lib/jsr305-3.0.0.jar:/opt/hadoop-2.7.2/share/hadoop/yarn/lib/servlet-api-2.5.jar:/opt/hadoop-2.7.2/share/hadoop/yarn/lib/leveldbjni-all-1.8.jar:/opt/hadoop-2.7.2/share/hadoop/yarn/lib/commons-logging-1.1.3.jar:/opt/hadoop-2.7.2/share/hadoop/yarn/lib/guice-3.0.jar:/opt/hadoop-2.7.2/share/hadoop/yarn/lib/jaxb-api-2.2.2.jar:/opt/hadoop-2.7.2/share/hadoop/yarn/lib/stax-api-1.0-2.jar:/opt/hadoop-2.7.2/share/hadoop/yarn/lib/jersey-guice-1.9.jar:/opt/hadoop-2.7.2/share/hadoop/yarn/lib/commons-io-2.4.jar:/opt/hadoop-2.7.2/share/hadoop/yarn/lib/jersey-core-1.9.jar:/opt/hadoop-2.7.2/share/hadoop/yarn/lib/jetty-6.1.26.jar:/opt/hadoop-2.7.2/share/hadoop/yarn/lib/aopalliance-1.0.jar:/opt/hadoop-2.7.2/share/hadoop/yarn/lib/commons-compress-1.4.1.jar:/opt/hadoop-2.7.2/share/hadoop/yarn/lib/jackson-mapper-asl-1.9.13.jar:/opt/hadoop-2.7.2/share/hadoop/yarn/lib/javax.inject-1.jar:/opt/hadoop-2.7.2/share/hadoop/yarn/lib/xz-1.0.jar:/opt/hadoop-2.7.2/share/hadoop/yarn/lib/activation-1.1.jar:/opt/hadoop-2.7.2/share/hadoop/yarn/lib/guava-11.0.2.jar:/opt/hadoop-2.7.2/share/hadoop/yarn/lib/protobuf-java-2.5.0.jar:/opt/hadoop-2.7.2/share/hadoop/yarn/lib/commons-lang-2.6.jar:/opt/hadoop-2.7.2/share/hadoop/yarn/lib/zookeeper-3.4.6.jar:/opt/hadoop-2.7.2/share/hadoop/yarn/lib/guice-servlet-3.0.jar:/opt/hadoop-2.7.2/share/hadoop/yarn/lib/jetty-util-6.1.26.jar:/opt/hadoop-2.7.2/share/hadoop/yarn/lib/jettison-1.1.jar:/opt/hadoop-2.7.2/share/hadoop/yarn/lib/zookeeper-3.4.6-tests.jar:/opt/hadoop-2.7.2/share/hadoop/yarn/lib/log4j-1.2.17.jar:/opt/hadoop-2.7.2/share/hadoop/yarn/lib/commons-cli-1.2.jar:/opt/hadoop-2.7.2/share/hadoop/yarn/lib/asm-3.2.jar:/opt/hadoop-2.7.2/share/hadoop/yarn/hadoop-yarn-common-2.7.2.jar:/opt/hadoop-2.7.2/share/hadoop/yarn/hadoop-yarn-server-tests-2.7.2.jar:/opt/hadoop-2.7.2/share/hadoop/yarn/hadoop-yarn-api-2.7.2.jar:/opt/hadoop-2.7.2/share/hadoop/yarn/hadoop-yarn-server-sharedcachemanager-2.7.2.jar:/opt/hadoop-2.7.2/share/hadoop/yarn/hadoop-yarn-applications-unmanaged-am-launcher-2.7.2.jar:/opt/hadoop-2.7.2/share/hadoop/yarn/hadoop-yarn-client-2.7.2.jar:/opt/hadoop-2.7.2/share/hadoop/yarn/hadoop-yarn-registry-2.7.2.jar:/opt/hadoop-2.7.2/share/hadoop/yarn/hadoop-yarn-applications-distributedshell-2.7.2.jar:/opt/hadoop-2.7.2/share/hadoop/yarn/hadoop-yarn-server-nodemanager-2.7.2.jar:/opt/hadoop-2.7.2/share/hadoop/yarn/hadoop-yarn-server-resourcemanager-2.7.2.jar:/opt/hadoop-2.7.2/share/hadoop/yarn/hadoop-yarn-server-common-2.7.2.jar:/opt/hadoop-2.7.2/share/hadoop/yarn/hadoop-yarn-server-web-proxy-2.7.2.jar:/opt/hadoop-2.7.2/share/hadoop/yarn/hadoop-yarn-server-applicationhistoryservice-2.7.2.jar:/opt/hadoop-2.7.2/share/hadoop/mapreduce/lib/jersey-server-1.9.jar:/opt/hadoop-2.7.2/share/hadoop/mapreduce/lib/jackson-core-asl-1.9.13.jar:/opt/hadoop-2.7.2/share/hadoop/mapreduce/lib/netty-3.6.2.Final.jar:/opt/hadoop-2.7.2/share/hadoop/mapreduce/lib/snappy-java-1.0.4.1.jar:/opt/hadoop-2.7.2/share/hadoop/mapreduce/lib/leveldbjni-all-1.8.jar:/opt/hadoop-2.7.2/share/hadoop/mapreduce/lib/junit-4.11.jar:/opt/hadoop-2.7.2/share/hadoop/mapreduce/lib/guice-3.0.jar:/opt/hadoop-2.7.2/share/hadoop/mapreduce/lib/jersey-guice-1.9.jar:/opt/hadoop-2.7.2/share/hadoop/mapreduce/lib/commons-io-2.4.jar:/opt/hadoop-2.7.2/share/hadoop/mapreduce/lib/avro-1.7.4.jar:/opt/hadoop-2.7.2/share/hadoop/mapreduce/lib/jersey-core-1.9.jar:/opt/hadoop-2.7.2/share/hadoop/mapreduce/lib/hadoop-annotations-2.7.2.jar:/opt/hadoop-2.7.2/share/hadoop/mapreduce/lib/aopalliance-1.0.jar:/opt/hadoop-2.7.2/share/hadoop/mapreduce/lib/commons-compress-1.4.1.jar:/opt/hadoop-2.7.2/share/hadoop/mapreduce/lib/jackson-mapper-asl-1.9.13.jar:/opt/hadoop-2.7.2/share/hadoop/mapreduce/lib/hamcrest-core-1.3.jar:/opt/hadoop-2.7.2/share/hadoop/mapreduce/lib/javax.inject-1.jar:/opt/hadoop-2.7.2/share/hadoop/mapreduce/lib/xz-1.0.jar:/opt/hadoop-2.7.2/share/hadoop/mapreduce/lib/protobuf-java-2.5.0.jar:/opt/hadoop-2.7.2/share/hadoop/mapreduce/lib/guice-servlet-3.0.jar:/opt/hadoop-2.7.2/share/hadoop/mapreduce/lib/log4j-1.2.17.jar:/opt/hadoop-2.7.2/share/hadoop/mapreduce/lib/asm-3.2.jar:/opt/hadoop-2.7.2/share/hadoop/mapreduce/lib/paranamer-2.3.jar:/opt/hadoop-2.7.2/share/hadoop/mapreduce/hadoop-mapreduce-client-hs-2.7.2.jar:/opt/hadoop-2.7.2/share/hadoop/mapreduce/hadoop-mapreduce-client-core-2.7.2.jar:/opt/hadoop-2.7.2/share/hadoop/mapreduce/hadoop-mapreduce-client-shuffle-2.7.2.jar:/opt/hadoop-2.7.2/share/hadoop/mapreduce/hadoop-mapreduce-examples-2.7.2.jar:/opt/hadoop-2.7.2/share/hadoop/mapreduce/hadoop-mapreduce-client-hs-plugins-2.7.2.jar:/opt/hadoop-2.7.2/share/hadoop/mapreduce/hadoop-mapreduce-client-common-2.7.2.jar:/opt/hadoop-2.7.2/share/hadoop/mapreduce/hadoop-mapreduce-client-app-2.7.2.jar:/opt/hadoop-2.7.2/share/hadoop/mapreduce/hadoop-mapreduce-client-jobclient-2.7.2-tests.jar:/opt/hadoop-2.7.2/share/hadoop/mapreduce/hadoop-mapreduce-client-jobclient-2.7.2.jar:/contrib/capacity-scheduler/*.jar:/contrib/capacity-scheduler/*.jar:/opt/hadoop-2.7.2/share/hadoop/yarn/hadoop-yarn-common-2.7.2.jar:/opt/hadoop-2.7.2/share/hadoop/yarn/hadoop-yarn-server-tests-2.7.2.jar:/opt/hadoop-2.7.2/share/hadoop/yarn/hadoop-yarn-api-2.7.2.jar:/opt/hadoop-2.7.2/share/hadoop/yarn/hadoop-yarn-server-sharedcachemanager-2.7.2.jar:/opt/hadoop-2.7.2/share/hadoop/yarn/hadoop-yarn-applications-unmanaged-am-launcher-2.7.2.jar:/opt/hadoop-2.7.2/share/hadoop/yarn/hadoop-yarn-client-2.7.2.jar:/opt/hadoop-2.7.2/share/hadoop/yarn/hadoop-yarn-registry-2.7.2.jar:/opt/hadoop-2.7.2/share/hadoop/yarn/hadoop-yarn-applications-distributedshell-2.7.2.jar:/opt/hadoop-2.7.2/share/hadoop/yarn/hadoop-yarn-server-nodemanager-2.7.2.jar:/opt/hadoop-2.7.2/share/hadoop/yarn/hadoop-yarn-server-resourcemanager-2.7.2.jar:/opt/hadoop-2.7.2/share/hadoop/yarn/hadoop-yarn-server-common-2.7.2.jar:/opt/hadoop-2.7.2/share/hadoop/yarn/hadoop-yarn-server-web-proxy-2.7.2.jar:/opt/hadoop-2.7.2/share/hadoop/yarn/hadoop-yarn-server-applicationhistoryservice-2.7.2.jar:/opt/hadoop-2.7.2/share/hadoop/yarn/lib/jersey-server-1.9.jar:/opt/hadoop-2.7.2/share/hadoop/yarn/lib/commons-codec-1.4.jar:/opt/hadoop-2.7.2/share/hadoop/yarn/lib/jackson-core-asl-1.9.13.jar:/opt/hadoop-2.7.2/share/hadoop/yarn/lib/jackson-jaxrs-1.9.13.jar:/opt/hadoop-2.7.2/share/hadoop/yarn/lib/jersey-json-1.9.jar:/opt/hadoop-2.7.2/share/hadoop/yarn/lib/jersey-client-1.9.jar:/opt/hadoop-2.7.2/share/hadoop/yarn/lib/jackson-xc-1.9.13.jar:/opt/hadoop-2.7.2/share/hadoop/yarn/lib/netty-3.6.2.Final.jar:/opt/hadoop-2.7.2/share/hadoop/yarn/lib/jaxb-impl-2.2.3-1.jar:/opt/hadoop-2.7.2/share/hadoop/yarn/lib/commons-collections-3.2.2.jar:/opt/hadoop-2.7.2/share/hadoop/yarn/lib/jsr305-3.0.0.jar:/opt/hadoop-2.7.2/share/hadoop/yarn/lib/servlet-api-2.5.jar:/opt/hadoop-2.7.2/share/hadoop/yarn/lib/leveldbjni-all-1.8.jar:/opt/hadoop-2.7.2/share/hadoop/yarn/lib/commons-logging-1.1.3.jar:/opt/hadoop-2.7.2/share/hadoop/yarn/lib/guice-3.0.jar:/opt/hadoop-2.7.2/share/hadoop/yarn/lib/jaxb-api-2.2.2.jar:/opt/hadoop-2.7.2/share/hadoop/yarn/lib/stax-api-1.0-2.jar:/opt/hadoop-2.7.2/share/hadoop/yarn/lib/jersey-guice-1.9.jar:/opt/hadoop-2.7.2/share/hadoop/yarn/lib/commons-io-2.4.jar:/opt/hadoop-2.7.2/share/hadoop/yarn/lib/jersey-core-1.9.jar:/opt/hadoop-2.7.2/share/hadoop/yarn/lib/jetty-6.1.26.jar:/opt/hadoop-2.7.2/share/hadoop/yarn/lib/aopalliance-1.0.jar:/opt/hadoop-2.7.2/share/hadoop/yarn/lib/commons-compress-1.4.1.jar:/opt/hadoop-2.7.2/share/hadoop/yarn/lib/jackson-mapper-asl-1.9.13.jar:/opt/hadoop-2.7.2/share/hadoop/yarn/lib/javax.inject-1.jar:/opt/hadoop-2.7.2/share/hadoop/yarn/lib/xz-1.0.jar:/opt/hadoop-2.7.2/share/hadoop/yarn/lib/activation-1.1.jar:/opt/hadoop-2.7.2/share/hadoop/yarn/lib/guava-11.0.2.jar:/opt/hadoop-2.7.2/share/hadoop/yarn/lib/protobuf-java-2.5.0.jar:/opt/hadoop-2.7.2/share/hadoop/yarn/lib/commons-lang-2.6.jar:/opt/hadoop-2.7.2/share/hadoop/yarn/lib/zookeeper-3.4.6.jar:/opt/hadoop-2.7.2/share/hadoop/yarn/lib/guice-servlet-3.0.jar:/opt/hadoop-2.7.2/share/hadoop/yarn/lib/jetty-util-6.1.26.jar:/opt/hadoop-2.7.2/share/hadoop/yarn/lib/jettison-1.1.jar:/opt/hadoop-2.7.2/share/hadoop/yarn/lib/zookeeper-3.4.6-tests.jar:/opt/hadoop-2.7.2/share/hadoop/yarn/lib/log4j-1.2.17.jar:/opt/hadoop-2.7.2/share/hadoop/yarn/lib/commons-cli-1.2.jar:/opt/hadoop-2.7.2/share/hadoop/yarn/lib/asm-3.2.jar:/opt/hadoop-2.7.2/etc/hadoop/nm-config/log4j.properties
STARTUP_MSG:   build = https://git-wip-us.apache.org/repos/asf/hadoop.git -r b165c4fe8a74265c792ce23f546c64604acf0e41; compiled by 'jenkins' on 2016-01-26T00:08Z
STARTUP_MSG:   java = 1.8.0_161
************************************************************/
2018-05-02 11:22:26,247 INFO org.apache.hadoop.yarn.server.nodemanager.NodeManager: registered UNIX signal handlers for [TERM, HUP, INT]
2018-05-02 11:22:26,706 INFO org.apache.hadoop.yarn.event.AsyncDispatcher: Registering class org.apache.hadoop.yarn.server.nodemanager.containermanager.container.ContainerEventType for class org.apache.hadoop.yarn.server.nodemanager.containermanager.ContainerManagerImpl$ContainerEventDispatcher
2018-05-02 11:22:26,706 INFO org.apache.hadoop.yarn.event.AsyncDispatcher: Registering class org.apache.hadoop.yarn.server.nodemanager.containermanager.application.ApplicationEventType for class org.apache.hadoop.yarn.server.nodemanager.containermanager.ContainerManagerImpl$ApplicationEventDispatcher
2018-05-02 11:22:26,706 INFO org.apache.hadoop.yarn.event.AsyncDispatcher: Registering class org.apache.hadoop.yarn.server.nodemanager.containermanager.localizer.event.LocalizationEventType for class org.apache.hadoop.yarn.server.nodemanager.containermanager.localizer.ResourceLocalizationService
2018-05-02 11:22:26,706 INFO org.apache.hadoop.yarn.event.AsyncDispatcher: Registering class org.apache.hadoop.yarn.server.nodemanager.containermanager.AuxServicesEventType for class org.apache.hadoop.yarn.server.nodemanager.containermanager.AuxServices
2018-05-02 11:22:26,707 INFO org.apache.hadoop.yarn.event.AsyncDispatcher: Registering class org.apache.hadoop.yarn.server.nodemanager.containermanager.monitor.ContainersMonitorEventType for class org.apache.hadoop.yarn.server.nodemanager.containermanager.monitor.ContainersMonitorImpl
2018-05-02 11:22:26,707 INFO org.apache.hadoop.yarn.event.AsyncDispatcher: Registering class org.apache.hadoop.yarn.server.nodemanager.containermanager.launcher.ContainersLauncherEventType for class org.apache.hadoop.yarn.server.nodemanager.containermanager.launcher.ContainersLauncher
2018-05-02 11:22:26,716 INFO org.apache.hadoop.yarn.event.AsyncDispatcher: Registering class org.apache.hadoop.yarn.server.nodemanager.ContainerManagerEventType for class org.apache.hadoop.yarn.server.nodemanager.containermanager.ContainerManagerImpl
2018-05-02 11:22:26,716 INFO org.apache.hadoop.yarn.event.AsyncDispatcher: Registering class org.apache.hadoop.yarn.server.nodemanager.NodeManagerEventType for class org.apache.hadoop.yarn.server.nodemanager.NodeManager
2018-05-02 11:22:26,734 INFO org.apache.hadoop.metrics2.impl.MetricsConfig: loaded properties from hadoop-metrics2.properties
2018-05-02 11:22:26,763 INFO org.apache.hadoop.metrics2.impl.MetricsSystemImpl: Scheduled snapshot period at 10 second(s).
2018-05-02 11:22:26,763 INFO org.apache.hadoop.metrics2.impl.MetricsSystemImpl: NodeManager metrics system started
2018-05-02 11:22:26,826 INFO org.apache.hadoop.yarn.event.AsyncDispatcher: Registering class org.apache.hadoop.yarn.server.nodemanager.containermanager.loghandler.event.LogHandlerEventType for class org.apache.hadoop.yarn.server.nodemanager.containermanager.loghandler.NonAggregatingLogHandler
2018-05-02 11:22:26,826 INFO org.apache.hadoop.yarn.event.AsyncDispatcher: Registering class org.apache.hadoop.yarn.server.nodemanager.containermanager.localizer.sharedcache.SharedCacheUploadEventType for class org.apache.hadoop.yarn.server.nodemanager.containermanager.localizer.sharedcache.SharedCacheUploadService
2018-05-02 11:22:26,826 INFO org.apache.hadoop.yarn.server.nodemanager.containermanager.localizer.ResourceLocalizationService: per directory file limit = 8192
2018-05-02 11:22:26,891 INFO org.apache.hadoop.yarn.event.AsyncDispatcher: Registering class org.apache.hadoop.yarn.server.nodemanager.containermanager.localizer.event.LocalizerEventType for class org.apache.hadoop.yarn.server.nodemanager.containermanager.localizer.ResourceLocalizationService$LocalizerTracker
2018-05-02 11:22:26,956 WARN org.apache.hadoop.yarn.server.nodemanager.containermanager.AuxServices: The Auxilurary Service named 'mapreduce_shuffle' in the configuration is for class org.apache.hadoop.mapred.ShuffleHandler which has a name of 'httpshuffle'. Because these are not the same tools trying to send ServiceData and read Service Meta Data may have issues unless the refer to the name in the config.
2018-05-02 11:22:26,956 INFO org.apache.hadoop.yarn.server.nodemanager.containermanager.AuxServices: Adding auxiliary service httpshuffle, "mapreduce_shuffle"
2018-05-02 11:22:27,007 INFO org.apache.hadoop.yarn.server.nodemanager.containermanager.monitor.ContainersMonitorImpl:  Using ResourceCalculatorPlugin : org.apache.hadoop.yarn.util.LinuxResourceCalculatorPlugin@35b74c5c
2018-05-02 11:22:27,007 INFO org.apache.hadoop.yarn.server.nodemanager.containermanager.monitor.ContainersMonitorImpl:  Using ResourceCalculatorProcessTree : null
2018-05-02 11:22:27,007 INFO org.apache.hadoop.yarn.server.nodemanager.containermanager.monitor.ContainersMonitorImpl: Physical memory check enabled: true
2018-05-02 11:22:27,007 INFO org.apache.hadoop.yarn.server.nodemanager.containermanager.monitor.ContainersMonitorImpl: Virtual memory check enabled: true
2018-05-02 11:22:27,012 WARN org.apache.hadoop.yarn.server.nodemanager.containermanager.monitor.ContainersMonitorImpl: NodeManager configured with 8 G physical memory allocated to containers, which is more than 80% of the total physical memory available (7.7 G). Thrashing might happen.
2018-05-02 11:22:27,016 INFO org.apache.hadoop.yarn.server.nodemanager.NodeStatusUpdaterImpl: Initialized nodemanager for null: physical-memory=8192 virtual-memory=17204 virtual-cores=8
2018-05-02 11:22:27,039 INFO org.apache.hadoop.service.AbstractService: Service NodeManager failed in state STARTED; cause: org.apache.hadoop.yarn.exceptions.YarnRuntimeException: Failed NodeManager login
org.apache.hadoop.yarn.exceptions.YarnRuntimeException: Failed NodeManager login
	at org.apache.hadoop.yarn.server.nodemanager.NodeManager.serviceStart(NodeManager.java:269)
	at org.apache.hadoop.service.AbstractService.start(AbstractService.java:193)
	at org.apache.hadoop.yarn.server.nodemanager.NodeManager.initAndStartNodeManager(NodeManager.java:486)
	at org.apache.hadoop.yarn.server.nodemanager.NodeManager.main(NodeManager.java:533)
Caused by: java.io.IOException: Login failure for nm/singlenode.ustc.edu@SINGLENODE.COM from keytab /etc/security/keytab/nm.service.keytab: javax.security.auth.login.LoginException: Unable to obtain password from user

	at org.apache.hadoop.security.UserGroupInformation.loginUserFromKeytab(UserGroupInformation.java:962)
	at org.apache.hadoop.security.SecurityUtil.login(SecurityUtil.java:246)
	at org.apache.hadoop.security.SecurityUtil.login(SecurityUtil.java:210)
	at org.apache.hadoop.yarn.server.nodemanager.NodeManager.doSecureLogin(NodeManager.java:136)
	at org.apache.hadoop.yarn.server.nodemanager.NodeManager.serviceStart(NodeManager.java:267)
	... 3 more
Caused by: javax.security.auth.login.LoginException: Unable to obtain password from user

	at com.sun.security.auth.module.Krb5LoginModule.promptForPass(Krb5LoginModule.java:897)
	at com.sun.security.auth.module.Krb5LoginModule.attemptAuthentication(Krb5LoginModule.java:760)
	at com.sun.security.auth.module.Krb5LoginModule.login(Krb5LoginModule.java:617)
	at sun.reflect.NativeMethodAccessorImpl.invoke0(Native Method)
	at sun.reflect.NativeMethodAccessorImpl.invoke(NativeMethodAccessorImpl.java:62)
	at sun.reflect.DelegatingMethodAccessorImpl.invoke(DelegatingMethodAccessorImpl.java:43)
	at java.lang.reflect.Method.invoke(Method.java:498)
	at javax.security.auth.login.LoginContext.invoke(LoginContext.java:755)
	at javax.security.auth.login.LoginContext.access$000(LoginContext.java:195)
	at javax.security.auth.login.LoginContext$4.run(LoginContext.java:682)
	at javax.security.auth.login.LoginContext$4.run(LoginContext.java:680)
	at java.security.AccessController.doPrivileged(Native Method)
	at javax.security.auth.login.LoginContext.invokePriv(LoginContext.java:680)
	at javax.security.auth.login.LoginContext.login(LoginContext.java:587)
	at org.apache.hadoop.security.UserGroupInformation.loginUserFromKeytab(UserGroupInformation.java:953)
	... 7 more
2018-05-02 11:22:27,042 INFO org.apache.hadoop.metrics2.impl.MetricsSystemImpl: Stopping NodeManager metrics system...
2018-05-02 11:22:27,042 INFO org.apache.hadoop.metrics2.impl.MetricsSystemImpl: NodeManager metrics system stopped.
2018-05-02 11:22:27,042 INFO org.apache.hadoop.metrics2.impl.MetricsSystemImpl: NodeManager metrics system shutdown complete.
2018-05-02 11:22:27,042 FATAL org.apache.hadoop.yarn.server.nodemanager.NodeManager: Error starting NodeManager
org.apache.hadoop.yarn.exceptions.YarnRuntimeException: Failed NodeManager login
	at org.apache.hadoop.yarn.server.nodemanager.NodeManager.serviceStart(NodeManager.java:269)
	at org.apache.hadoop.service.AbstractService.start(AbstractService.java:193)
	at org.apache.hadoop.yarn.server.nodemanager.NodeManager.initAndStartNodeManager(NodeManager.java:486)
	at org.apache.hadoop.yarn.server.nodemanager.NodeManager.main(NodeManager.java:533)
Caused by: java.io.IOException: Login failure for nm/singlenode.ustc.edu@SINGLENODE.COM from keytab /etc/security/keytab/nm.service.keytab: javax.security.auth.login.LoginException: Unable to obtain password from user

	at org.apache.hadoop.security.UserGroupInformation.loginUserFromKeytab(UserGroupInformation.java:962)
	at org.apache.hadoop.security.SecurityUtil.login(SecurityUtil.java:246)
	at org.apache.hadoop.security.SecurityUtil.login(SecurityUtil.java:210)
	at org.apache.hadoop.yarn.server.nodemanager.NodeManager.doSecureLogin(NodeManager.java:136)
	at org.apache.hadoop.yarn.server.nodemanager.NodeManager.serviceStart(NodeManager.java:267)
	... 3 more
Caused by: javax.security.auth.login.LoginException: Unable to obtain password from user

	at com.sun.security.auth.module.Krb5LoginModule.promptForPass(Krb5LoginModule.java:897)
	at com.sun.security.auth.module.Krb5LoginModule.attemptAuthentication(Krb5LoginModule.java:760)
	at com.sun.security.auth.module.Krb5LoginModule.login(Krb5LoginModule.java:617)
	at sun.reflect.NativeMethodAccessorImpl.invoke0(Native Method)
	at sun.reflect.NativeMethodAccessorImpl.invoke(NativeMethodAccessorImpl.java:62)
	at sun.reflect.DelegatingMethodAccessorImpl.invoke(DelegatingMethodAccessorImpl.java:43)
	at java.lang.reflect.Method.invoke(Method.java:498)
	at javax.security.auth.login.LoginContext.invoke(LoginContext.java:755)
	at javax.security.auth.login.LoginContext.access$000(LoginContext.java:195)
	at javax.security.auth.login.LoginContext$4.run(LoginContext.java:682)
	at javax.security.auth.login.LoginContext$4.run(LoginContext.java:680)
	at java.security.AccessController.doPrivileged(Native Method)
	at javax.security.auth.login.LoginContext.invokePriv(LoginContext.java:680)
	at javax.security.auth.login.LoginContext.login(LoginContext.java:587)
	at org.apache.hadoop.security.UserGroupInformation.loginUserFromKeytab(UserGroupInformation.java:953)
	... 7 more
2018-05-02 11:22:27,043 INFO org.apache.hadoop.yarn.server.nodemanager.NodeManager: SHUTDOWN_MSG: 
/************************************************************
SHUTDOWN_MSG: Shutting down NodeManager at singlenode/192.168.1.117
************************************************************/
