2018-02-23 19:25:06,335 INFO org.apache.hadoop.yarn.server.nodemanager.NodeManager: STARTUP_MSG: 
/************************************************************
STARTUP_MSG: Starting NodeManager
STARTUP_MSG:   host = ustc-optiplex-7050/127.0.1.1
STARTUP_MSG:   args = []
STARTUP_MSG:   version = 2.7.2
STARTUP_MSG:   classpath = /opt/hadoop-2.7.2/etc/hadoop:/opt/hadoop-2.7.2/etc/hadoop:/opt/hadoop-2.7.2/etc/hadoop:/opt/hadoop-2.7.2/share/hadoop/common/lib/commons-math3-3.1.1.jar:/opt/hadoop-2.7.2/share/hadoop/common/lib/commons-beanutils-core-1.8.0.jar:/opt/hadoop-2.7.2/share/hadoop/common/lib/commons-net-3.1.jar:/opt/hadoop-2.7.2/share/hadoop/common/lib/jersey-server-1.9.jar:/opt/hadoop-2.7.2/share/hadoop/common/lib/commons-codec-1.4.jar:/opt/hadoop-2.7.2/share/hadoop/common/lib/jackson-core-asl-1.9.13.jar:/opt/hadoop-2.7.2/share/hadoop/common/lib/jackson-jaxrs-1.9.13.jar:/opt/hadoop-2.7.2/share/hadoop/common/lib/jersey-json-1.9.jar:/opt/hadoop-2.7.2/share/hadoop/common/lib/jackson-xc-1.9.13.jar:/opt/hadoop-2.7.2/share/hadoop/common/lib/commons-digester-1.8.jar:/opt/hadoop-2.7.2/share/hadoop/common/lib/netty-3.6.2.Final.jar:/opt/hadoop-2.7.2/share/hadoop/common/lib/jaxb-impl-2.2.3-1.jar:/opt/hadoop-2.7.2/share/hadoop/common/lib/commons-collections-3.2.2.jar:/opt/hadoop-2.7.2/share/hadoop/common/lib/jsch-0.1.42.jar:/opt/hadoop-2.7.2/share/hadoop/common/lib/commons-beanutils-1.7.0.jar:/opt/hadoop-2.7.2/share/hadoop/common/lib/snappy-java-1.0.4.1.jar:/opt/hadoop-2.7.2/share/hadoop/common/lib/gson-2.2.4.jar:/opt/hadoop-2.7.2/share/hadoop/common/lib/curator-recipes-2.7.1.jar:/opt/hadoop-2.7.2/share/hadoop/common/lib/jsr305-3.0.0.jar:/opt/hadoop-2.7.2/share/hadoop/common/lib/servlet-api-2.5.jar:/opt/hadoop-2.7.2/share/hadoop/common/lib/curator-client-2.7.1.jar:/opt/hadoop-2.7.2/share/hadoop/common/lib/commons-logging-1.1.3.jar:/opt/hadoop-2.7.2/share/hadoop/common/lib/junit-4.11.jar:/opt/hadoop-2.7.2/share/hadoop/common/lib/jsp-api-2.1.jar:/opt/hadoop-2.7.2/share/hadoop/common/lib/jaxb-api-2.2.2.jar:/opt/hadoop-2.7.2/share/hadoop/common/lib/stax-api-1.0-2.jar:/opt/hadoop-2.7.2/share/hadoop/common/lib/commons-io-2.4.jar:/opt/hadoop-2.7.2/share/hadoop/common/lib/avro-1.7.4.jar:/opt/hadoop-2.7.2/share/hadoop/common/lib/jersey-core-1.9.jar:/opt/hadoop-2.7.2/share/hadoop/common/lib/jetty-6.1.26.jar:/opt/hadoop-2.7.2/share/hadoop/common/lib/hadoop-annotations-2.7.2.jar:/opt/hadoop-2.7.2/share/hadoop/common/lib/slf4j-log4j12-1.7.10.jar:/opt/hadoop-2.7.2/share/hadoop/common/lib/htrace-core-3.1.0-incubating.jar:/opt/hadoop-2.7.2/share/hadoop/common/lib/commons-compress-1.4.1.jar:/opt/hadoop-2.7.2/share/hadoop/common/lib/jackson-mapper-asl-1.9.13.jar:/opt/hadoop-2.7.2/share/hadoop/common/lib/apacheds-kerberos-codec-2.0.0-M15.jar:/opt/hadoop-2.7.2/share/hadoop/common/lib/slf4j-api-1.7.10.jar:/opt/hadoop-2.7.2/share/hadoop/common/lib/hamcrest-core-1.3.jar:/opt/hadoop-2.7.2/share/hadoop/common/lib/xz-1.0.jar:/opt/hadoop-2.7.2/share/hadoop/common/lib/httpclient-4.2.5.jar:/opt/hadoop-2.7.2/share/hadoop/common/lib/activation-1.1.jar:/opt/hadoop-2.7.2/share/hadoop/common/lib/guava-11.0.2.jar:/opt/hadoop-2.7.2/share/hadoop/common/lib/protobuf-java-2.5.0.jar:/opt/hadoop-2.7.2/share/hadoop/common/lib/commons-httpclient-3.1.jar:/opt/hadoop-2.7.2/share/hadoop/common/lib/jets3t-0.9.0.jar:/opt/hadoop-2.7.2/share/hadoop/common/lib/api-util-1.0.0-M20.jar:/opt/hadoop-2.7.2/share/hadoop/common/lib/mockito-all-1.8.5.jar:/opt/hadoop-2.7.2/share/hadoop/common/lib/commons-lang-2.6.jar:/opt/hadoop-2.7.2/share/hadoop/common/lib/zookeeper-3.4.6.jar:/opt/hadoop-2.7.2/share/hadoop/common/lib/jetty-util-6.1.26.jar:/opt/hadoop-2.7.2/share/hadoop/common/lib/commons-configuration-1.6.jar:/opt/hadoop-2.7.2/share/hadoop/common/lib/jettison-1.1.jar:/opt/hadoop-2.7.2/share/hadoop/common/lib/api-asn1-api-1.0.0-M20.jar:/opt/hadoop-2.7.2/share/hadoop/common/lib/xmlenc-0.52.jar:/opt/hadoop-2.7.2/share/hadoop/common/lib/hadoop-auth-2.7.2.jar:/opt/hadoop-2.7.2/share/hadoop/common/lib/httpcore-4.2.5.jar:/opt/hadoop-2.7.2/share/hadoop/common/lib/log4j-1.2.17.jar:/opt/hadoop-2.7.2/share/hadoop/common/lib/commons-cli-1.2.jar:/opt/hadoop-2.7.2/share/hadoop/common/lib/asm-3.2.jar:/opt/hadoop-2.7.2/share/hadoop/common/lib/apacheds-i18n-2.0.0-M15.jar:/opt/hadoop-2.7.2/share/hadoop/common/lib/paranamer-2.3.jar:/opt/hadoop-2.7.2/share/hadoop/common/lib/curator-framework-2.7.1.jar:/opt/hadoop-2.7.2/share/hadoop/common/lib/java-xmlbuilder-0.4.jar:/opt/hadoop-2.7.2/share/hadoop/common/hadoop-nfs-2.7.2.jar:/opt/hadoop-2.7.2/share/hadoop/common/hadoop-common-2.7.2.jar:/opt/hadoop-2.7.2/share/hadoop/common/hadoop-common-2.7.2-tests.jar:/opt/hadoop-2.7.2/share/hadoop/hdfs:/opt/hadoop-2.7.2/share/hadoop/hdfs/lib/jersey-server-1.9.jar:/opt/hadoop-2.7.2/share/hadoop/hdfs/lib/commons-codec-1.4.jar:/opt/hadoop-2.7.2/share/hadoop/hdfs/lib/jackson-core-asl-1.9.13.jar:/opt/hadoop-2.7.2/share/hadoop/hdfs/lib/netty-all-4.0.23.Final.jar:/opt/hadoop-2.7.2/share/hadoop/hdfs/lib/netty-3.6.2.Final.jar:/opt/hadoop-2.7.2/share/hadoop/hdfs/lib/jsr305-3.0.0.jar:/opt/hadoop-2.7.2/share/hadoop/hdfs/lib/servlet-api-2.5.jar:/opt/hadoop-2.7.2/share/hadoop/hdfs/lib/leveldbjni-all-1.8.jar:/opt/hadoop-2.7.2/share/hadoop/hdfs/lib/commons-logging-1.1.3.jar:/opt/hadoop-2.7.2/share/hadoop/hdfs/lib/xml-apis-1.3.04.jar:/opt/hadoop-2.7.2/share/hadoop/hdfs/lib/commons-io-2.4.jar:/opt/hadoop-2.7.2/share/hadoop/hdfs/lib/jersey-core-1.9.jar:/opt/hadoop-2.7.2/share/hadoop/hdfs/lib/jetty-6.1.26.jar:/opt/hadoop-2.7.2/share/hadoop/hdfs/lib/htrace-core-3.1.0-incubating.jar:/opt/hadoop-2.7.2/share/hadoop/hdfs/lib/jackson-mapper-asl-1.9.13.jar:/opt/hadoop-2.7.2/share/hadoop/hdfs/lib/guava-11.0.2.jar:/opt/hadoop-2.7.2/share/hadoop/hdfs/lib/commons-daemon-1.0.13.jar:/opt/hadoop-2.7.2/share/hadoop/hdfs/lib/protobuf-java-2.5.0.jar:/opt/hadoop-2.7.2/share/hadoop/hdfs/lib/xercesImpl-2.9.1.jar:/opt/hadoop-2.7.2/share/hadoop/hdfs/lib/commons-lang-2.6.jar:/opt/hadoop-2.7.2/share/hadoop/hdfs/lib/jetty-util-6.1.26.jar:/opt/hadoop-2.7.2/share/hadoop/hdfs/lib/xmlenc-0.52.jar:/opt/hadoop-2.7.2/share/hadoop/hdfs/lib/log4j-1.2.17.jar:/opt/hadoop-2.7.2/share/hadoop/hdfs/lib/commons-cli-1.2.jar:/opt/hadoop-2.7.2/share/hadoop/hdfs/lib/asm-3.2.jar:/opt/hadoop-2.7.2/share/hadoop/hdfs/hadoop-hdfs-2.7.2.jar:/opt/hadoop-2.7.2/share/hadoop/hdfs/hadoop-hdfs-2.7.2-tests.jar:/opt/hadoop-2.7.2/share/hadoop/hdfs/hadoop-hdfs-nfs-2.7.2.jar:/opt/hadoop-2.7.2/share/hadoop/yarn/lib/jersey-server-1.9.jar:/opt/hadoop-2.7.2/share/hadoop/yarn/lib/commons-codec-1.4.jar:/opt/hadoop-2.7.2/share/hadoop/yarn/lib/jackson-core-asl-1.9.13.jar:/opt/hadoop-2.7.2/share/hadoop/yarn/lib/jackson-jaxrs-1.9.13.jar:/opt/hadoop-2.7.2/share/hadoop/yarn/lib/jersey-json-1.9.jar:/opt/hadoop-2.7.2/share/hadoop/yarn/lib/jersey-client-1.9.jar:/opt/hadoop-2.7.2/share/hadoop/yarn/lib/jackson-xc-1.9.13.jar:/opt/hadoop-2.7.2/share/hadoop/yarn/lib/netty-3.6.2.Final.jar:/opt/hadoop-2.7.2/share/hadoop/yarn/lib/jaxb-impl-2.2.3-1.jar:/opt/hadoop-2.7.2/share/hadoop/yarn/lib/commons-collections-3.2.2.jar:/opt/hadoop-2.7.2/share/hadoop/yarn/lib/jsr305-3.0.0.jar:/opt/hadoop-2.7.2/share/hadoop/yarn/lib/servlet-api-2.5.jar:/opt/hadoop-2.7.2/share/hadoop/yarn/lib/leveldbjni-all-1.8.jar:/opt/hadoop-2.7.2/share/hadoop/yarn/lib/commons-logging-1.1.3.jar:/opt/hadoop-2.7.2/share/hadoop/yarn/lib/guice-3.0.jar:/opt/hadoop-2.7.2/share/hadoop/yarn/lib/jaxb-api-2.2.2.jar:/opt/hadoop-2.7.2/share/hadoop/yarn/lib/stax-api-1.0-2.jar:/opt/hadoop-2.7.2/share/hadoop/yarn/lib/jersey-guice-1.9.jar:/opt/hadoop-2.7.2/share/hadoop/yarn/lib/commons-io-2.4.jar:/opt/hadoop-2.7.2/share/hadoop/yarn/lib/jersey-core-1.9.jar:/opt/hadoop-2.7.2/share/hadoop/yarn/lib/jetty-6.1.26.jar:/opt/hadoop-2.7.2/share/hadoop/yarn/lib/aopalliance-1.0.jar:/opt/hadoop-2.7.2/share/hadoop/yarn/lib/commons-compress-1.4.1.jar:/opt/hadoop-2.7.2/share/hadoop/yarn/lib/jackson-mapper-asl-1.9.13.jar:/opt/hadoop-2.7.2/share/hadoop/yarn/lib/javax.inject-1.jar:/opt/hadoop-2.7.2/share/hadoop/yarn/lib/xz-1.0.jar:/opt/hadoop-2.7.2/share/hadoop/yarn/lib/activation-1.1.jar:/opt/hadoop-2.7.2/share/hadoop/yarn/lib/guava-11.0.2.jar:/opt/hadoop-2.7.2/share/hadoop/yarn/lib/protobuf-java-2.5.0.jar:/opt/hadoop-2.7.2/share/hadoop/yarn/lib/commons-lang-2.6.jar:/opt/hadoop-2.7.2/share/hadoop/yarn/lib/zookeeper-3.4.6.jar:/opt/hadoop-2.7.2/share/hadoop/yarn/lib/guice-servlet-3.0.jar:/opt/hadoop-2.7.2/share/hadoop/yarn/lib/jetty-util-6.1.26.jar:/opt/hadoop-2.7.2/share/hadoop/yarn/lib/jettison-1.1.jar:/opt/hadoop-2.7.2/share/hadoop/yarn/lib/zookeeper-3.4.6-tests.jar:/opt/hadoop-2.7.2/share/hadoop/yarn/lib/log4j-1.2.17.jar:/opt/hadoop-2.7.2/share/hadoop/yarn/lib/commons-cli-1.2.jar:/opt/hadoop-2.7.2/share/hadoop/yarn/lib/asm-3.2.jar:/opt/hadoop-2.7.2/share/hadoop/yarn/hadoop-yarn-common-2.7.2.jar:/opt/hadoop-2.7.2/share/hadoop/yarn/hadoop-yarn-server-tests-2.7.2.jar:/opt/hadoop-2.7.2/share/hadoop/yarn/hadoop-yarn-api-2.7.2.jar:/opt/hadoop-2.7.2/share/hadoop/yarn/hadoop-yarn-server-sharedcachemanager-2.7.2.jar:/opt/hadoop-2.7.2/share/hadoop/yarn/hadoop-yarn-applications-unmanaged-am-launcher-2.7.2.jar:/opt/hadoop-2.7.2/share/hadoop/yarn/hadoop-yarn-client-2.7.2.jar:/opt/hadoop-2.7.2/share/hadoop/yarn/hadoop-yarn-registry-2.7.2.jar:/opt/hadoop-2.7.2/share/hadoop/yarn/hadoop-yarn-applications-distributedshell-2.7.2.jar:/opt/hadoop-2.7.2/share/hadoop/yarn/hadoop-yarn-server-nodemanager-2.7.2.jar:/opt/hadoop-2.7.2/share/hadoop/yarn/hadoop-yarn-server-resourcemanager-2.7.2.jar:/opt/hadoop-2.7.2/share/hadoop/yarn/hadoop-yarn-server-common-2.7.2.jar:/opt/hadoop-2.7.2/share/hadoop/yarn/hadoop-yarn-server-web-proxy-2.7.2.jar:/opt/hadoop-2.7.2/share/hadoop/yarn/hadoop-yarn-server-applicationhistoryservice-2.7.2.jar:/opt/hadoop-2.7.2/share/hadoop/mapreduce/lib/jersey-server-1.9.jar:/opt/hadoop-2.7.2/share/hadoop/mapreduce/lib/jackson-core-asl-1.9.13.jar:/opt/hadoop-2.7.2/share/hadoop/mapreduce/lib/netty-3.6.2.Final.jar:/opt/hadoop-2.7.2/share/hadoop/mapreduce/lib/snappy-java-1.0.4.1.jar:/opt/hadoop-2.7.2/share/hadoop/mapreduce/lib/leveldbjni-all-1.8.jar:/opt/hadoop-2.7.2/share/hadoop/mapreduce/lib/junit-4.11.jar:/opt/hadoop-2.7.2/share/hadoop/mapreduce/lib/guice-3.0.jar:/opt/hadoop-2.7.2/share/hadoop/mapreduce/lib/jersey-guice-1.9.jar:/opt/hadoop-2.7.2/share/hadoop/mapreduce/lib/commons-io-2.4.jar:/opt/hadoop-2.7.2/share/hadoop/mapreduce/lib/avro-1.7.4.jar:/opt/hadoop-2.7.2/share/hadoop/mapreduce/lib/jersey-core-1.9.jar:/opt/hadoop-2.7.2/share/hadoop/mapreduce/lib/hadoop-annotations-2.7.2.jar:/opt/hadoop-2.7.2/share/hadoop/mapreduce/lib/aopalliance-1.0.jar:/opt/hadoop-2.7.2/share/hadoop/mapreduce/lib/commons-compress-1.4.1.jar:/opt/hadoop-2.7.2/share/hadoop/mapreduce/lib/jackson-mapper-asl-1.9.13.jar:/opt/hadoop-2.7.2/share/hadoop/mapreduce/lib/hamcrest-core-1.3.jar:/opt/hadoop-2.7.2/share/hadoop/mapreduce/lib/javax.inject-1.jar:/opt/hadoop-2.7.2/share/hadoop/mapreduce/lib/xz-1.0.jar:/opt/hadoop-2.7.2/share/hadoop/mapreduce/lib/protobuf-java-2.5.0.jar:/opt/hadoop-2.7.2/share/hadoop/mapreduce/lib/guice-servlet-3.0.jar:/opt/hadoop-2.7.2/share/hadoop/mapreduce/lib/log4j-1.2.17.jar:/opt/hadoop-2.7.2/share/hadoop/mapreduce/lib/asm-3.2.jar:/opt/hadoop-2.7.2/share/hadoop/mapreduce/lib/paranamer-2.3.jar:/opt/hadoop-2.7.2/share/hadoop/mapreduce/hadoop-mapreduce-client-hs-2.7.2.jar:/opt/hadoop-2.7.2/share/hadoop/mapreduce/hadoop-mapreduce-client-core-2.7.2.jar:/opt/hadoop-2.7.2/share/hadoop/mapreduce/hadoop-mapreduce-client-shuffle-2.7.2.jar:/opt/hadoop-2.7.2/share/hadoop/mapreduce/hadoop-mapreduce-examples-2.7.2.jar:/opt/hadoop-2.7.2/share/hadoop/mapreduce/hadoop-mapreduce-client-hs-plugins-2.7.2.jar:/opt/hadoop-2.7.2/share/hadoop/mapreduce/hadoop-mapreduce-client-common-2.7.2.jar:/opt/hadoop-2.7.2/share/hadoop/mapreduce/hadoop-mapreduce-client-app-2.7.2.jar:/opt/hadoop-2.7.2/share/hadoop/mapreduce/hadoop-mapreduce-client-jobclient-2.7.2-tests.jar:/opt/hadoop-2.7.2/share/hadoop/mapreduce/hadoop-mapreduce-client-jobclient-2.7.2.jar:/contrib/capacity-scheduler/*.jar:/contrib/capacity-scheduler/*.jar:/opt/hadoop-2.7.2/share/hadoop/yarn/hadoop-yarn-common-2.7.2.jar:/opt/hadoop-2.7.2/share/hadoop/yarn/hadoop-yarn-server-tests-2.7.2.jar:/opt/hadoop-2.7.2/share/hadoop/yarn/hadoop-yarn-api-2.7.2.jar:/opt/hadoop-2.7.2/share/hadoop/yarn/hadoop-yarn-server-sharedcachemanager-2.7.2.jar:/opt/hadoop-2.7.2/share/hadoop/yarn/hadoop-yarn-applications-unmanaged-am-launcher-2.7.2.jar:/opt/hadoop-2.7.2/share/hadoop/yarn/hadoop-yarn-client-2.7.2.jar:/opt/hadoop-2.7.2/share/hadoop/yarn/hadoop-yarn-registry-2.7.2.jar:/opt/hadoop-2.7.2/share/hadoop/yarn/hadoop-yarn-applications-distributedshell-2.7.2.jar:/opt/hadoop-2.7.2/share/hadoop/yarn/hadoop-yarn-server-nodemanager-2.7.2.jar:/opt/hadoop-2.7.2/share/hadoop/yarn/hadoop-yarn-server-resourcemanager-2.7.2.jar:/opt/hadoop-2.7.2/share/hadoop/yarn/hadoop-yarn-server-common-2.7.2.jar:/opt/hadoop-2.7.2/share/hadoop/yarn/hadoop-yarn-server-web-proxy-2.7.2.jar:/opt/hadoop-2.7.2/share/hadoop/yarn/hadoop-yarn-server-applicationhistoryservice-2.7.2.jar:/opt/hadoop-2.7.2/share/hadoop/yarn/lib/jersey-server-1.9.jar:/opt/hadoop-2.7.2/share/hadoop/yarn/lib/commons-codec-1.4.jar:/opt/hadoop-2.7.2/share/hadoop/yarn/lib/jackson-core-asl-1.9.13.jar:/opt/hadoop-2.7.2/share/hadoop/yarn/lib/jackson-jaxrs-1.9.13.jar:/opt/hadoop-2.7.2/share/hadoop/yarn/lib/jersey-json-1.9.jar:/opt/hadoop-2.7.2/share/hadoop/yarn/lib/jersey-client-1.9.jar:/opt/hadoop-2.7.2/share/hadoop/yarn/lib/jackson-xc-1.9.13.jar:/opt/hadoop-2.7.2/share/hadoop/yarn/lib/netty-3.6.2.Final.jar:/opt/hadoop-2.7.2/share/hadoop/yarn/lib/jaxb-impl-2.2.3-1.jar:/opt/hadoop-2.7.2/share/hadoop/yarn/lib/commons-collections-3.2.2.jar:/opt/hadoop-2.7.2/share/hadoop/yarn/lib/jsr305-3.0.0.jar:/opt/hadoop-2.7.2/share/hadoop/yarn/lib/servlet-api-2.5.jar:/opt/hadoop-2.7.2/share/hadoop/yarn/lib/leveldbjni-all-1.8.jar:/opt/hadoop-2.7.2/share/hadoop/yarn/lib/commons-logging-1.1.3.jar:/opt/hadoop-2.7.2/share/hadoop/yarn/lib/guice-3.0.jar:/opt/hadoop-2.7.2/share/hadoop/yarn/lib/jaxb-api-2.2.2.jar:/opt/hadoop-2.7.2/share/hadoop/yarn/lib/stax-api-1.0-2.jar:/opt/hadoop-2.7.2/share/hadoop/yarn/lib/jersey-guice-1.9.jar:/opt/hadoop-2.7.2/share/hadoop/yarn/lib/commons-io-2.4.jar:/opt/hadoop-2.7.2/share/hadoop/yarn/lib/jersey-core-1.9.jar:/opt/hadoop-2.7.2/share/hadoop/yarn/lib/jetty-6.1.26.jar:/opt/hadoop-2.7.2/share/hadoop/yarn/lib/aopalliance-1.0.jar:/opt/hadoop-2.7.2/share/hadoop/yarn/lib/commons-compress-1.4.1.jar:/opt/hadoop-2.7.2/share/hadoop/yarn/lib/jackson-mapper-asl-1.9.13.jar:/opt/hadoop-2.7.2/share/hadoop/yarn/lib/javax.inject-1.jar:/opt/hadoop-2.7.2/share/hadoop/yarn/lib/xz-1.0.jar:/opt/hadoop-2.7.2/share/hadoop/yarn/lib/activation-1.1.jar:/opt/hadoop-2.7.2/share/hadoop/yarn/lib/guava-11.0.2.jar:/opt/hadoop-2.7.2/share/hadoop/yarn/lib/protobuf-java-2.5.0.jar:/opt/hadoop-2.7.2/share/hadoop/yarn/lib/commons-lang-2.6.jar:/opt/hadoop-2.7.2/share/hadoop/yarn/lib/zookeeper-3.4.6.jar:/opt/hadoop-2.7.2/share/hadoop/yarn/lib/guice-servlet-3.0.jar:/opt/hadoop-2.7.2/share/hadoop/yarn/lib/jetty-util-6.1.26.jar:/opt/hadoop-2.7.2/share/hadoop/yarn/lib/jettison-1.1.jar:/opt/hadoop-2.7.2/share/hadoop/yarn/lib/zookeeper-3.4.6-tests.jar:/opt/hadoop-2.7.2/share/hadoop/yarn/lib/log4j-1.2.17.jar:/opt/hadoop-2.7.2/share/hadoop/yarn/lib/commons-cli-1.2.jar:/opt/hadoop-2.7.2/share/hadoop/yarn/lib/asm-3.2.jar:/opt/hadoop-2.7.2/etc/hadoop/nm-config/log4j.properties
STARTUP_MSG:   build = https://git-wip-us.apache.org/repos/asf/hadoop.git -r b165c4fe8a74265c792ce23f546c64604acf0e41; compiled by 'jenkins' on 2016-01-26T00:08Z
STARTUP_MSG:   java = 1.8.0_161
************************************************************/
2018-02-23 19:25:06,340 INFO org.apache.hadoop.yarn.server.nodemanager.NodeManager: registered UNIX signal handlers for [TERM, HUP, INT]
2018-02-23 19:25:06,979 INFO org.apache.hadoop.yarn.event.AsyncDispatcher: Registering class org.apache.hadoop.yarn.server.nodemanager.containermanager.container.ContainerEventType for class org.apache.hadoop.yarn.server.nodemanager.containermanager.ContainerManagerImpl$ContainerEventDispatcher
2018-02-23 19:25:06,980 INFO org.apache.hadoop.yarn.event.AsyncDispatcher: Registering class org.apache.hadoop.yarn.server.nodemanager.containermanager.application.ApplicationEventType for class org.apache.hadoop.yarn.server.nodemanager.containermanager.ContainerManagerImpl$ApplicationEventDispatcher
2018-02-23 19:25:06,980 INFO org.apache.hadoop.yarn.event.AsyncDispatcher: Registering class org.apache.hadoop.yarn.server.nodemanager.containermanager.localizer.event.LocalizationEventType for class org.apache.hadoop.yarn.server.nodemanager.containermanager.localizer.ResourceLocalizationService
2018-02-23 19:25:06,980 INFO org.apache.hadoop.yarn.event.AsyncDispatcher: Registering class org.apache.hadoop.yarn.server.nodemanager.containermanager.AuxServicesEventType for class org.apache.hadoop.yarn.server.nodemanager.containermanager.AuxServices
2018-02-23 19:25:06,981 INFO org.apache.hadoop.yarn.event.AsyncDispatcher: Registering class org.apache.hadoop.yarn.server.nodemanager.containermanager.monitor.ContainersMonitorEventType for class org.apache.hadoop.yarn.server.nodemanager.containermanager.monitor.ContainersMonitorImpl
2018-02-23 19:25:06,981 INFO org.apache.hadoop.yarn.event.AsyncDispatcher: Registering class org.apache.hadoop.yarn.server.nodemanager.containermanager.launcher.ContainersLauncherEventType for class org.apache.hadoop.yarn.server.nodemanager.containermanager.launcher.ContainersLauncher
2018-02-23 19:25:07,000 INFO org.apache.hadoop.yarn.event.AsyncDispatcher: Registering class org.apache.hadoop.yarn.server.nodemanager.ContainerManagerEventType for class org.apache.hadoop.yarn.server.nodemanager.containermanager.ContainerManagerImpl
2018-02-23 19:25:07,000 INFO org.apache.hadoop.yarn.event.AsyncDispatcher: Registering class org.apache.hadoop.yarn.server.nodemanager.NodeManagerEventType for class org.apache.hadoop.yarn.server.nodemanager.NodeManager
2018-02-23 19:25:07,023 INFO org.apache.hadoop.metrics2.impl.MetricsConfig: loaded properties from hadoop-metrics2.properties
2018-02-23 19:25:07,080 INFO org.apache.hadoop.metrics2.impl.MetricsSystemImpl: Scheduled snapshot period at 10 second(s).
2018-02-23 19:25:07,080 INFO org.apache.hadoop.metrics2.impl.MetricsSystemImpl: NodeManager metrics system started
2018-02-23 19:25:07,120 INFO org.apache.hadoop.yarn.event.AsyncDispatcher: Registering class org.apache.hadoop.yarn.server.nodemanager.containermanager.loghandler.event.LogHandlerEventType for class org.apache.hadoop.yarn.server.nodemanager.containermanager.loghandler.NonAggregatingLogHandler
2018-02-23 19:25:07,122 INFO org.apache.hadoop.yarn.event.AsyncDispatcher: Registering class org.apache.hadoop.yarn.server.nodemanager.containermanager.localizer.sharedcache.SharedCacheUploadEventType for class org.apache.hadoop.yarn.server.nodemanager.containermanager.localizer.sharedcache.SharedCacheUploadService
2018-02-23 19:25:07,122 INFO org.apache.hadoop.yarn.server.nodemanager.containermanager.localizer.ResourceLocalizationService: per directory file limit = 8192
2018-02-23 19:25:07,207 INFO org.apache.hadoop.yarn.event.AsyncDispatcher: Registering class org.apache.hadoop.yarn.server.nodemanager.containermanager.localizer.event.LocalizerEventType for class org.apache.hadoop.yarn.server.nodemanager.containermanager.localizer.ResourceLocalizationService$LocalizerTracker
2018-02-23 19:25:07,244 WARN org.apache.hadoop.yarn.server.nodemanager.containermanager.AuxServices: The Auxilurary Service named 'mapreduce_shuffle' in the configuration is for class org.apache.hadoop.mapred.ShuffleHandler which has a name of 'httpshuffle'. Because these are not the same tools trying to send ServiceData and read Service Meta Data may have issues unless the refer to the name in the config.
2018-02-23 19:25:07,245 INFO org.apache.hadoop.yarn.server.nodemanager.containermanager.AuxServices: Adding auxiliary service httpshuffle, "mapreduce_shuffle"
2018-02-23 19:25:07,279 INFO org.apache.hadoop.yarn.server.nodemanager.containermanager.monitor.ContainersMonitorImpl:  Using ResourceCalculatorPlugin : org.apache.hadoop.yarn.util.LinuxResourceCalculatorPlugin@1cf56a1c
2018-02-23 19:25:07,279 INFO org.apache.hadoop.yarn.server.nodemanager.containermanager.monitor.ContainersMonitorImpl:  Using ResourceCalculatorProcessTree : null
2018-02-23 19:25:07,279 INFO org.apache.hadoop.yarn.server.nodemanager.containermanager.monitor.ContainersMonitorImpl: Physical memory check enabled: true
2018-02-23 19:25:07,279 INFO org.apache.hadoop.yarn.server.nodemanager.containermanager.monitor.ContainersMonitorImpl: Virtual memory check enabled: true
2018-02-23 19:25:07,281 WARN org.apache.hadoop.yarn.server.nodemanager.containermanager.monitor.ContainersMonitorImpl: NodeManager configured with 8 G physical memory allocated to containers, which is more than 80% of the total physical memory available (7.7 G). Thrashing might happen.
2018-02-23 19:25:07,283 INFO org.apache.hadoop.yarn.server.nodemanager.NodeStatusUpdaterImpl: Initialized nodemanager for null: physical-memory=8192 virtual-memory=17204 virtual-cores=8
2018-02-23 19:25:07,303 INFO org.apache.hadoop.ipc.CallQueueManager: Using callQueue class java.util.concurrent.LinkedBlockingQueue
2018-02-23 19:25:07,317 INFO org.apache.hadoop.ipc.Server: Starting Socket Reader #1 for port 46541
2018-02-23 19:25:07,364 INFO org.apache.hadoop.yarn.factories.impl.pb.RpcServerFactoryPBImpl: Adding protocol org.apache.hadoop.yarn.api.ContainerManagementProtocolPB to the server
2018-02-23 19:25:07,364 INFO org.apache.hadoop.yarn.server.nodemanager.containermanager.ContainerManagerImpl: Blocking new container-requests as container manager rpc server is still starting.
2018-02-23 19:25:07,365 INFO org.apache.hadoop.ipc.Server: IPC Server Responder: starting
2018-02-23 19:25:07,365 INFO org.apache.hadoop.ipc.Server: IPC Server listener on 46541: starting
2018-02-23 19:25:07,369 INFO org.apache.hadoop.yarn.server.nodemanager.security.NMContainerTokenSecretManager: Updating node address : ustc-OptiPlex-7050:46541
2018-02-23 19:25:07,376 INFO org.apache.hadoop.ipc.CallQueueManager: Using callQueue class java.util.concurrent.LinkedBlockingQueue
2018-02-23 19:25:07,377 INFO org.apache.hadoop.ipc.Server: Starting Socket Reader #1 for port 8040
2018-02-23 19:25:07,379 INFO org.apache.hadoop.yarn.factories.impl.pb.RpcServerFactoryPBImpl: Adding protocol org.apache.hadoop.yarn.server.nodemanager.api.LocalizationProtocolPB to the server
2018-02-23 19:25:07,380 INFO org.apache.hadoop.ipc.Server: IPC Server Responder: starting
2018-02-23 19:25:07,380 INFO org.apache.hadoop.ipc.Server: IPC Server listener on 8040: starting
2018-02-23 19:25:07,381 INFO org.apache.hadoop.yarn.server.nodemanager.containermanager.localizer.ResourceLocalizationService: Localizer started on port 8040
2018-02-23 19:25:07,407 INFO org.apache.hadoop.mapred.IndexCache: IndexCache created with max memory = 10485760
2018-02-23 19:25:07,419 INFO org.apache.hadoop.mapred.ShuffleHandler: httpshuffle listening on port 13562
2018-02-23 19:25:07,424 INFO org.apache.hadoop.yarn.server.nodemanager.containermanager.ContainerManagerImpl: ContainerManager started at ustc-optiplex-7050/127.0.1.1:46541
2018-02-23 19:25:07,424 INFO org.apache.hadoop.yarn.server.nodemanager.containermanager.ContainerManagerImpl: ContainerManager bound to 0.0.0.0/0.0.0.0:0
2018-02-23 19:25:07,425 INFO org.apache.hadoop.yarn.server.nodemanager.webapp.WebServer: Instantiating NMWebApp at 0.0.0.0:8042
2018-02-23 19:25:07,482 INFO org.mortbay.log: Logging to org.slf4j.impl.Log4jLoggerAdapter(org.mortbay.log) via org.mortbay.log.Slf4jLog
2018-02-23 19:25:07,486 INFO org.apache.hadoop.security.authentication.server.AuthenticationFilter: Unable to initialize FileSignerSecretProvider, falling back to use random secrets.
2018-02-23 19:25:07,488 INFO org.apache.hadoop.http.HttpRequestLog: Http request log for http.requests.nodemanager is not defined
2018-02-23 19:25:07,492 INFO org.apache.hadoop.http.HttpServer2: Added global filter 'safety' (class=org.apache.hadoop.http.HttpServer2$QuotingInputFilter)
2018-02-23 19:25:07,493 INFO org.apache.hadoop.http.HttpServer2: Added filter static_user_filter (class=org.apache.hadoop.http.lib.StaticUserWebFilter$StaticUserFilter) to context node
2018-02-23 19:25:07,493 INFO org.apache.hadoop.http.HttpServer2: Added filter static_user_filter (class=org.apache.hadoop.http.lib.StaticUserWebFilter$StaticUserFilter) to context static
2018-02-23 19:25:07,493 INFO org.apache.hadoop.http.HttpServer2: Added filter static_user_filter (class=org.apache.hadoop.http.lib.StaticUserWebFilter$StaticUserFilter) to context logs
2018-02-23 19:25:07,494 INFO org.apache.hadoop.http.HttpServer2: adding path spec: /node/*
2018-02-23 19:25:07,494 INFO org.apache.hadoop.http.HttpServer2: adding path spec: /ws/*
2018-02-23 19:25:07,659 INFO org.apache.hadoop.yarn.webapp.WebApps: Registered webapp guice modules
2018-02-23 19:25:07,660 INFO org.apache.hadoop.http.HttpServer2: Jetty bound to port 8042
2018-02-23 19:25:07,660 INFO org.mortbay.log: jetty-6.1.26
2018-02-23 19:25:07,672 INFO org.mortbay.log: Extract jar:file:/opt/hadoop-2.7.2/share/hadoop/yarn/hadoop-yarn-common-2.7.2.jar!/webapps/node to /tmp/Jetty_0_0_0_0_8042_node____19tj0x/webapp
2018-02-23 19:25:08,131 INFO org.mortbay.log: Started HttpServer2$SelectChannelConnectorWithSafeStartup@0.0.0.0:8042
2018-02-23 19:25:08,131 INFO org.apache.hadoop.yarn.webapp.WebApps: Web app node started at 8042
2018-02-23 19:25:08,134 INFO org.apache.hadoop.yarn.client.RMProxy: Connecting to ResourceManager at /0.0.0.0:8031
2018-02-23 19:25:08,149 INFO org.apache.hadoop.yarn.server.nodemanager.NodeStatusUpdaterImpl: Sending out 0 NM container statuses: []
2018-02-23 19:25:08,153 INFO org.apache.hadoop.yarn.server.nodemanager.NodeStatusUpdaterImpl: Registering with RM using containers :[]
2018-02-23 19:25:08,262 INFO org.apache.hadoop.yarn.server.nodemanager.security.NMContainerTokenSecretManager: Rolling master-key for container-tokens, got key with id 1385713259
2018-02-23 19:25:08,264 INFO org.apache.hadoop.yarn.server.nodemanager.security.NMTokenSecretManagerInNM: Rolling master-key for container-tokens, got key with id 697895187
2018-02-23 19:25:08,264 INFO org.apache.hadoop.yarn.server.nodemanager.NodeStatusUpdaterImpl: Registered with ResourceManager as ustc-OptiPlex-7050:46541 with total resource of <memory:8192, vCores:8>
2018-02-23 19:25:08,264 INFO org.apache.hadoop.yarn.server.nodemanager.NodeStatusUpdaterImpl: Notifying ContainerManager to unblock new container-requests
2018-02-23 19:39:03,758 INFO SecurityLogger.org.apache.hadoop.ipc.Server: Auth successful for appattempt_1519385105809_0001_000001 (auth:SIMPLE)
2018-02-23 19:39:03,805 INFO org.apache.hadoop.yarn.server.nodemanager.containermanager.ContainerManagerImpl: Start request for container_1519385105809_0001_01_000001 by user root
2018-02-23 19:39:03,818 INFO org.apache.hadoop.yarn.server.nodemanager.containermanager.ContainerManagerImpl: Creating a new application reference for app application_1519385105809_0001
2018-02-23 19:39:03,823 INFO org.apache.hadoop.yarn.server.nodemanager.NMAuditLogger: USER=root	IP=127.0.0.1	OPERATION=Start Container Request	TARGET=ContainerManageImpl	RESULT=SUCCESS	APPID=application_1519385105809_0001	CONTAINERID=container_1519385105809_0001_01_000001
2018-02-23 19:39:03,823 INFO org.apache.hadoop.yarn.server.nodemanager.containermanager.application.ApplicationImpl: Application application_1519385105809_0001 transitioned from NEW to INITING
2018-02-23 19:39:03,823 INFO org.apache.hadoop.yarn.server.nodemanager.containermanager.application.ApplicationImpl: Adding container_1519385105809_0001_01_000001 to application application_1519385105809_0001
2018-02-23 19:39:03,825 INFO org.apache.hadoop.yarn.server.nodemanager.containermanager.application.ApplicationImpl: Application application_1519385105809_0001 transitioned from INITING to RUNNING
2018-02-23 19:39:03,828 INFO org.apache.hadoop.yarn.server.nodemanager.containermanager.container.ContainerImpl: Container container_1519385105809_0001_01_000001 transitioned from NEW to LOCALIZING
2018-02-23 19:39:03,828 INFO org.apache.hadoop.yarn.server.nodemanager.containermanager.AuxServices: Got event CONTAINER_INIT for appId application_1519385105809_0001
2018-02-23 19:39:03,836 INFO org.apache.hadoop.yarn.server.nodemanager.containermanager.localizer.LocalizedResource: Resource hdfs://singlenode:9000/tmp/hadoop-yarn/staging/root/.staging/job_1519385105809_0001/job.splitmetainfo transitioned from INIT to DOWNLOADING
2018-02-23 19:39:03,836 INFO org.apache.hadoop.yarn.server.nodemanager.containermanager.localizer.LocalizedResource: Resource hdfs://singlenode:9000/tmp/hadoop-yarn/staging/root/.staging/job_1519385105809_0001/job.jar transitioned from INIT to DOWNLOADING
2018-02-23 19:39:03,836 INFO org.apache.hadoop.yarn.server.nodemanager.containermanager.localizer.LocalizedResource: Resource hdfs://singlenode:9000/tmp/hadoop-yarn/staging/root/.staging/job_1519385105809_0001/job.split transitioned from INIT to DOWNLOADING
2018-02-23 19:39:03,836 INFO org.apache.hadoop.yarn.server.nodemanager.containermanager.localizer.LocalizedResource: Resource hdfs://singlenode:9000/tmp/hadoop-yarn/staging/root/.staging/job_1519385105809_0001/job.xml transitioned from INIT to DOWNLOADING
2018-02-23 19:39:03,836 INFO org.apache.hadoop.yarn.server.nodemanager.containermanager.localizer.ResourceLocalizationService: Created localizer for container_1519385105809_0001_01_000001
2018-02-23 19:39:03,882 INFO org.apache.hadoop.yarn.server.nodemanager.containermanager.localizer.ResourceLocalizationService: Writing credentials to the nmPrivate file /opt/hadoop-2.7.2/tmp/nm-local-dir/nmPrivate/container_1519385105809_0001_01_000001.tokens. Credentials list: 
2018-02-23 19:39:03,896 INFO org.apache.hadoop.yarn.server.nodemanager.DefaultContainerExecutor: Initializing user root
2018-02-23 19:39:03,910 INFO org.apache.hadoop.yarn.server.nodemanager.DefaultContainerExecutor: Copying from /opt/hadoop-2.7.2/tmp/nm-local-dir/nmPrivate/container_1519385105809_0001_01_000001.tokens to /opt/hadoop-2.7.2/tmp/nm-local-dir/usercache/root/appcache/application_1519385105809_0001/container_1519385105809_0001_01_000001.tokens
2018-02-23 19:39:03,911 INFO org.apache.hadoop.yarn.server.nodemanager.DefaultContainerExecutor: Localizer CWD set to /opt/hadoop-2.7.2/tmp/nm-local-dir/usercache/root/appcache/application_1519385105809_0001 = file:/opt/hadoop-2.7.2/tmp/nm-local-dir/usercache/root/appcache/application_1519385105809_0001
2018-02-23 19:39:04,245 INFO org.apache.hadoop.yarn.server.nodemanager.containermanager.localizer.LocalizedResource: Resource hdfs://singlenode:9000/tmp/hadoop-yarn/staging/root/.staging/job_1519385105809_0001/job.splitmetainfo(->/opt/hadoop-2.7.2/tmp/nm-local-dir/usercache/root/appcache/application_1519385105809_0001/filecache/10/job.splitmetainfo) transitioned from DOWNLOADING to LOCALIZED
2018-02-23 19:39:04,265 INFO org.apache.hadoop.yarn.server.nodemanager.containermanager.localizer.LocalizedResource: Resource hdfs://singlenode:9000/tmp/hadoop-yarn/staging/root/.staging/job_1519385105809_0001/job.jar(->/opt/hadoop-2.7.2/tmp/nm-local-dir/usercache/root/appcache/application_1519385105809_0001/filecache/11/job.jar) transitioned from DOWNLOADING to LOCALIZED
2018-02-23 19:39:04,277 INFO org.apache.hadoop.yarn.server.nodemanager.containermanager.localizer.LocalizedResource: Resource hdfs://singlenode:9000/tmp/hadoop-yarn/staging/root/.staging/job_1519385105809_0001/job.split(->/opt/hadoop-2.7.2/tmp/nm-local-dir/usercache/root/appcache/application_1519385105809_0001/filecache/12/job.split) transitioned from DOWNLOADING to LOCALIZED
2018-02-23 19:39:04,290 INFO org.apache.hadoop.yarn.server.nodemanager.containermanager.localizer.LocalizedResource: Resource hdfs://singlenode:9000/tmp/hadoop-yarn/staging/root/.staging/job_1519385105809_0001/job.xml(->/opt/hadoop-2.7.2/tmp/nm-local-dir/usercache/root/appcache/application_1519385105809_0001/filecache/13/job.xml) transitioned from DOWNLOADING to LOCALIZED
2018-02-23 19:39:04,291 INFO org.apache.hadoop.yarn.server.nodemanager.containermanager.container.ContainerImpl: Container container_1519385105809_0001_01_000001 transitioned from LOCALIZING to LOCALIZED
2018-02-23 19:39:04,307 INFO org.apache.hadoop.yarn.server.nodemanager.containermanager.container.ContainerImpl: Container container_1519385105809_0001_01_000001 transitioned from LOCALIZED to RUNNING
2018-02-23 19:39:04,310 INFO org.apache.hadoop.yarn.server.nodemanager.DefaultContainerExecutor: launchContainer: [bash, /opt/hadoop-2.7.2/tmp/nm-local-dir/usercache/root/appcache/application_1519385105809_0001/container_1519385105809_0001_01_000001/default_container_executor.sh]
2018-02-23 19:39:04,464 INFO org.apache.hadoop.yarn.server.nodemanager.containermanager.monitor.ContainersMonitorImpl: Starting resource-monitoring for container_1519385105809_0001_01_000001
2018-02-23 19:39:04,482 WARN org.apache.hadoop.yarn.util.ProcfsBasedProcessTree: Unexpected: procfs stat file is not in the expected format for process with pid 4539
2018-02-23 19:39:04,482 WARN org.apache.hadoop.yarn.util.ProcfsBasedProcessTree: Unexpected: procfs stat file is not in the expected format for process with pid 4596
2018-02-23 19:39:04,483 WARN org.apache.hadoop.yarn.util.ProcfsBasedProcessTree: Unexpected: procfs stat file is not in the expected format for process with pid 5453
2018-02-23 19:39:04,485 WARN org.apache.hadoop.yarn.util.ProcfsBasedProcessTree: Unexpected: procfs stat file is not in the expected format for process with pid 10309
2018-02-23 19:39:04,488 INFO org.apache.hadoop.yarn.server.nodemanager.containermanager.monitor.ContainersMonitorImpl: Memory usage of ProcessTree 11503 for container-id container_1519385105809_0001_01_000001: 44.0 MB of 2 GB physical memory used; 2.6 GB of 4.2 GB virtual memory used
2018-02-23 19:39:07,520 WARN org.apache.hadoop.yarn.util.ProcfsBasedProcessTree: Unexpected: procfs stat file is not in the expected format for process with pid 4539
2018-02-23 19:39:07,520 WARN org.apache.hadoop.yarn.util.ProcfsBasedProcessTree: Unexpected: procfs stat file is not in the expected format for process with pid 4596
2018-02-23 19:39:07,520 WARN org.apache.hadoop.yarn.util.ProcfsBasedProcessTree: Unexpected: procfs stat file is not in the expected format for process with pid 5453
2018-02-23 19:39:07,521 WARN org.apache.hadoop.yarn.util.ProcfsBasedProcessTree: Unexpected: procfs stat file is not in the expected format for process with pid 10309
2018-02-23 19:39:07,522 INFO org.apache.hadoop.yarn.server.nodemanager.containermanager.monitor.ContainersMonitorImpl: Memory usage of ProcessTree 11503 for container-id container_1519385105809_0001_01_000001: 350.6 MB of 2 GB physical memory used; 2.8 GB of 4.2 GB virtual memory used
2018-02-23 19:39:08,978 INFO SecurityLogger.org.apache.hadoop.ipc.Server: Auth successful for appattempt_1519385105809_0001_000001 (auth:SIMPLE)
2018-02-23 19:39:08,981 INFO org.apache.hadoop.yarn.server.nodemanager.containermanager.ContainerManagerImpl: Start request for container_1519385105809_0001_01_000002 by user root
2018-02-23 19:39:08,981 INFO org.apache.hadoop.yarn.server.nodemanager.NMAuditLogger: USER=root	IP=127.0.0.1	OPERATION=Start Container Request	TARGET=ContainerManageImpl	RESULT=SUCCESS	APPID=application_1519385105809_0001	CONTAINERID=container_1519385105809_0001_01_000002
2018-02-23 19:39:08,981 INFO org.apache.hadoop.yarn.server.nodemanager.containermanager.application.ApplicationImpl: Adding container_1519385105809_0001_01_000002 to application application_1519385105809_0001
2018-02-23 19:39:08,981 INFO org.apache.hadoop.yarn.server.nodemanager.containermanager.container.ContainerImpl: Container container_1519385105809_0001_01_000002 transitioned from NEW to LOCALIZING
2018-02-23 19:39:08,982 INFO org.apache.hadoop.yarn.server.nodemanager.containermanager.AuxServices: Got event CONTAINER_INIT for appId application_1519385105809_0001
2018-02-23 19:39:08,982 INFO org.apache.hadoop.yarn.server.nodemanager.containermanager.AuxServices: Got event APPLICATION_INIT for appId application_1519385105809_0001
2018-02-23 19:39:08,982 INFO org.apache.hadoop.yarn.server.nodemanager.containermanager.AuxServices: Got APPLICATION_INIT for service mapreduce_shuffle
2018-02-23 19:39:08,984 INFO org.apache.hadoop.mapred.ShuffleHandler: Added token for job_1519385105809_0001
2018-02-23 19:39:08,984 INFO org.apache.hadoop.yarn.server.nodemanager.containermanager.container.ContainerImpl: Container container_1519385105809_0001_01_000002 transitioned from LOCALIZING to LOCALIZED
2018-02-23 19:39:08,997 INFO org.apache.hadoop.yarn.server.nodemanager.containermanager.container.ContainerImpl: Container container_1519385105809_0001_01_000002 transitioned from LOCALIZED to RUNNING
2018-02-23 19:39:08,999 INFO org.apache.hadoop.yarn.server.nodemanager.DefaultContainerExecutor: launchContainer: [bash, /opt/hadoop-2.7.2/tmp/nm-local-dir/usercache/root/appcache/application_1519385105809_0001/container_1519385105809_0001_01_000002/default_container_executor.sh]
2018-02-23 19:39:10,381 INFO SecurityLogger.org.apache.hadoop.ipc.Server: Auth successful for appattempt_1519385105809_0001_000001 (auth:SIMPLE)
2018-02-23 19:39:10,385 INFO org.apache.hadoop.yarn.server.nodemanager.containermanager.ContainerManagerImpl: Stopping container with container Id: container_1519385105809_0001_01_000002
2018-02-23 19:39:10,385 INFO org.apache.hadoop.yarn.server.nodemanager.NMAuditLogger: USER=root	IP=127.0.0.1	OPERATION=Stop Container Request	TARGET=ContainerManageImpl	RESULT=SUCCESS	APPID=application_1519385105809_0001	CONTAINERID=container_1519385105809_0001_01_000002
2018-02-23 19:39:10,385 INFO org.apache.hadoop.yarn.server.nodemanager.containermanager.container.ContainerImpl: Container container_1519385105809_0001_01_000002 transitioned from RUNNING to KILLING
2018-02-23 19:39:10,385 INFO org.apache.hadoop.yarn.server.nodemanager.containermanager.launcher.ContainerLaunch: Cleaning up container container_1519385105809_0001_01_000002
2018-02-23 19:39:10,523 INFO org.apache.hadoop.yarn.server.nodemanager.containermanager.monitor.ContainersMonitorImpl: Starting resource-monitoring for container_1519385105809_0001_01_000002
2018-02-23 19:39:10,539 WARN org.apache.hadoop.yarn.util.ProcfsBasedProcessTree: Unexpected: procfs stat file is not in the expected format for process with pid 4539
2018-02-23 19:39:10,539 WARN org.apache.hadoop.yarn.util.ProcfsBasedProcessTree: Unexpected: procfs stat file is not in the expected format for process with pid 4596
2018-02-23 19:39:10,539 WARN org.apache.hadoop.yarn.util.ProcfsBasedProcessTree: Unexpected: procfs stat file is not in the expected format for process with pid 5453
2018-02-23 19:39:10,541 WARN org.apache.hadoop.yarn.util.ProcfsBasedProcessTree: Unexpected: procfs stat file is not in the expected format for process with pid 10309
2018-02-23 19:39:10,545 INFO org.apache.hadoop.yarn.server.nodemanager.containermanager.monitor.ContainersMonitorImpl: Memory usage of ProcessTree 11503 for container-id container_1519385105809_0001_01_000001: 377.5 MB of 2 GB physical memory used; 2.8 GB of 4.2 GB virtual memory used
2018-02-23 19:39:10,639 WARN org.apache.hadoop.yarn.server.nodemanager.DefaultContainerExecutor: Exit code from container container_1519385105809_0001_01_000002 is : 143
2018-02-23 19:39:10,642 INFO org.apache.hadoop.yarn.server.nodemanager.containermanager.container.ContainerImpl: Container container_1519385105809_0001_01_000002 transitioned from KILLING to CONTAINER_CLEANEDUP_AFTER_KILL
2018-02-23 19:39:10,644 INFO org.apache.hadoop.yarn.server.nodemanager.DefaultContainerExecutor: Deleting absolute path : /opt/hadoop-2.7.2/tmp/nm-local-dir/usercache/root/appcache/application_1519385105809_0001/container_1519385105809_0001_01_000002
2018-02-23 19:39:10,645 INFO org.apache.hadoop.yarn.server.nodemanager.NMAuditLogger: USER=root	OPERATION=Container Finished - Killed	TARGET=ContainerImpl	RESULT=SUCCESS	APPID=application_1519385105809_0001	CONTAINERID=container_1519385105809_0001_01_000002
2018-02-23 19:39:10,647 INFO org.apache.hadoop.yarn.server.nodemanager.containermanager.container.ContainerImpl: Container container_1519385105809_0001_01_000002 transitioned from CONTAINER_CLEANEDUP_AFTER_KILL to DONE
2018-02-23 19:39:10,647 INFO org.apache.hadoop.yarn.server.nodemanager.containermanager.application.ApplicationImpl: Removing container_1519385105809_0001_01_000002 from application application_1519385105809_0001
2018-02-23 19:39:10,647 INFO org.apache.hadoop.yarn.server.nodemanager.containermanager.AuxServices: Got event CONTAINER_STOP for appId application_1519385105809_0001
2018-02-23 19:39:12,903 INFO SecurityLogger.org.apache.hadoop.ipc.Server: Auth successful for appattempt_1519385105809_0001_000001 (auth:SIMPLE)
2018-02-23 19:39:12,905 INFO org.apache.hadoop.yarn.server.nodemanager.containermanager.ContainerManagerImpl: Start request for container_1519385105809_0001_01_000003 by user root
2018-02-23 19:39:12,906 INFO org.apache.hadoop.yarn.server.nodemanager.NMAuditLogger: USER=root	IP=127.0.0.1	OPERATION=Start Container Request	TARGET=ContainerManageImpl	RESULT=SUCCESS	APPID=application_1519385105809_0001	CONTAINERID=container_1519385105809_0001_01_000003
2018-02-23 19:39:12,906 INFO org.apache.hadoop.yarn.server.nodemanager.containermanager.application.ApplicationImpl: Adding container_1519385105809_0001_01_000003 to application application_1519385105809_0001
2018-02-23 19:39:12,906 INFO org.apache.hadoop.yarn.server.nodemanager.containermanager.container.ContainerImpl: Container container_1519385105809_0001_01_000003 transitioned from NEW to LOCALIZING
2018-02-23 19:39:12,906 INFO org.apache.hadoop.yarn.server.nodemanager.containermanager.AuxServices: Got event CONTAINER_INIT for appId application_1519385105809_0001
2018-02-23 19:39:12,906 INFO org.apache.hadoop.yarn.server.nodemanager.containermanager.AuxServices: Got event APPLICATION_INIT for appId application_1519385105809_0001
2018-02-23 19:39:12,906 INFO org.apache.hadoop.yarn.server.nodemanager.containermanager.AuxServices: Got APPLICATION_INIT for service mapreduce_shuffle
2018-02-23 19:39:12,906 INFO org.apache.hadoop.mapred.ShuffleHandler: Added token for job_1519385105809_0001
2018-02-23 19:39:12,906 INFO org.apache.hadoop.yarn.server.nodemanager.containermanager.container.ContainerImpl: Container container_1519385105809_0001_01_000003 transitioned from LOCALIZING to LOCALIZED
2018-02-23 19:39:12,916 INFO org.apache.hadoop.yarn.server.nodemanager.containermanager.container.ContainerImpl: Container container_1519385105809_0001_01_000003 transitioned from LOCALIZED to RUNNING
2018-02-23 19:39:12,918 INFO org.apache.hadoop.yarn.server.nodemanager.DefaultContainerExecutor: launchContainer: [bash, /opt/hadoop-2.7.2/tmp/nm-local-dir/usercache/root/appcache/application_1519385105809_0001/container_1519385105809_0001_01_000003/default_container_executor.sh]
2018-02-23 19:39:13,392 INFO org.apache.hadoop.yarn.server.nodemanager.NodeStatusUpdaterImpl: Removed completed containers from NM context: [container_1519385105809_0001_01_000002]
2018-02-23 19:39:13,545 INFO org.apache.hadoop.yarn.server.nodemanager.containermanager.monitor.ContainersMonitorImpl: Starting resource-monitoring for container_1519385105809_0001_01_000003
2018-02-23 19:39:13,545 INFO org.apache.hadoop.yarn.server.nodemanager.containermanager.monitor.ContainersMonitorImpl: Stopping resource-monitoring for container_1519385105809_0001_01_000002
2018-02-23 19:39:13,553 WARN org.apache.hadoop.yarn.util.ProcfsBasedProcessTree: Unexpected: procfs stat file is not in the expected format for process with pid 4539
2018-02-23 19:39:13,553 WARN org.apache.hadoop.yarn.util.ProcfsBasedProcessTree: Unexpected: procfs stat file is not in the expected format for process with pid 4596
2018-02-23 19:39:13,553 WARN org.apache.hadoop.yarn.util.ProcfsBasedProcessTree: Unexpected: procfs stat file is not in the expected format for process with pid 5453
2018-02-23 19:39:13,555 WARN org.apache.hadoop.yarn.util.ProcfsBasedProcessTree: Unexpected: procfs stat file is not in the expected format for process with pid 10309
2018-02-23 19:39:13,557 INFO org.apache.hadoop.yarn.server.nodemanager.containermanager.monitor.ContainersMonitorImpl: Memory usage of ProcessTree 11503 for container-id container_1519385105809_0001_01_000001: 377.6 MB of 2 GB physical memory used; 2.8 GB of 4.2 GB virtual memory used
2018-02-23 19:39:13,566 WARN org.apache.hadoop.yarn.util.ProcfsBasedProcessTree: Unexpected: procfs stat file is not in the expected format for process with pid 4539
2018-02-23 19:39:13,566 WARN org.apache.hadoop.yarn.util.ProcfsBasedProcessTree: Unexpected: procfs stat file is not in the expected format for process with pid 4596
2018-02-23 19:39:13,566 WARN org.apache.hadoop.yarn.util.ProcfsBasedProcessTree: Unexpected: procfs stat file is not in the expected format for process with pid 5453
2018-02-23 19:39:13,568 WARN org.apache.hadoop.yarn.util.ProcfsBasedProcessTree: Unexpected: procfs stat file is not in the expected format for process with pid 10309
2018-02-23 19:39:13,570 INFO org.apache.hadoop.yarn.server.nodemanager.containermanager.monitor.ContainersMonitorImpl: Memory usage of ProcessTree 11682 for container-id container_1519385105809_0001_01_000003: 98.3 MB of 1 GB physical memory used; 1.8 GB of 2.1 GB virtual memory used
2018-02-23 19:39:14,286 INFO org.apache.hadoop.mapred.ShuffleHandler: Setting connection close header...
2018-02-23 19:39:14,517 INFO SecurityLogger.org.apache.hadoop.ipc.Server: Auth successful for appattempt_1519385105809_0001_000001 (auth:SIMPLE)
2018-02-23 19:39:14,519 INFO org.apache.hadoop.yarn.server.nodemanager.containermanager.ContainerManagerImpl: Stopping container with container Id: container_1519385105809_0001_01_000003
2018-02-23 19:39:14,519 INFO org.apache.hadoop.yarn.server.nodemanager.NMAuditLogger: USER=root	IP=127.0.0.1	OPERATION=Stop Container Request	TARGET=ContainerManageImpl	RESULT=SUCCESS	APPID=application_1519385105809_0001	CONTAINERID=container_1519385105809_0001_01_000003
2018-02-23 19:39:14,519 INFO org.apache.hadoop.yarn.server.nodemanager.containermanager.container.ContainerImpl: Container container_1519385105809_0001_01_000003 transitioned from RUNNING to KILLING
2018-02-23 19:39:14,519 INFO org.apache.hadoop.yarn.server.nodemanager.containermanager.launcher.ContainerLaunch: Cleaning up container container_1519385105809_0001_01_000003
2018-02-23 19:39:14,540 WARN org.apache.hadoop.yarn.server.nodemanager.DefaultContainerExecutor: Exit code from container container_1519385105809_0001_01_000003 is : 143
2018-02-23 19:39:14,552 INFO org.apache.hadoop.yarn.server.nodemanager.containermanager.container.ContainerImpl: Container container_1519385105809_0001_01_000003 transitioned from KILLING to CONTAINER_CLEANEDUP_AFTER_KILL
2018-02-23 19:39:14,552 INFO org.apache.hadoop.yarn.server.nodemanager.DefaultContainerExecutor: Deleting absolute path : /opt/hadoop-2.7.2/tmp/nm-local-dir/usercache/root/appcache/application_1519385105809_0001/container_1519385105809_0001_01_000003
2018-02-23 19:39:14,554 INFO org.apache.hadoop.yarn.server.nodemanager.NMAuditLogger: USER=root	OPERATION=Container Finished - Killed	TARGET=ContainerImpl	RESULT=SUCCESS	APPID=application_1519385105809_0001	CONTAINERID=container_1519385105809_0001_01_000003
2018-02-23 19:39:14,554 INFO org.apache.hadoop.yarn.server.nodemanager.containermanager.container.ContainerImpl: Container container_1519385105809_0001_01_000003 transitioned from CONTAINER_CLEANEDUP_AFTER_KILL to DONE
2018-02-23 19:39:14,554 INFO org.apache.hadoop.yarn.server.nodemanager.containermanager.application.ApplicationImpl: Removing container_1519385105809_0001_01_000003 from application application_1519385105809_0001
2018-02-23 19:39:14,554 INFO org.apache.hadoop.yarn.server.nodemanager.containermanager.AuxServices: Got event CONTAINER_STOP for appId application_1519385105809_0001
2018-02-23 19:39:16,570 INFO org.apache.hadoop.yarn.server.nodemanager.containermanager.monitor.ContainersMonitorImpl: Stopping resource-monitoring for container_1519385105809_0001_01_000003
2018-02-23 19:39:16,595 WARN org.apache.hadoop.yarn.util.ProcfsBasedProcessTree: Unexpected: procfs stat file is not in the expected format for process with pid 4539
2018-02-23 19:39:16,596 WARN org.apache.hadoop.yarn.util.ProcfsBasedProcessTree: Unexpected: procfs stat file is not in the expected format for process with pid 4596
2018-02-23 19:39:16,596 WARN org.apache.hadoop.yarn.util.ProcfsBasedProcessTree: Unexpected: procfs stat file is not in the expected format for process with pid 5453
2018-02-23 19:39:16,598 WARN org.apache.hadoop.yarn.util.ProcfsBasedProcessTree: Unexpected: procfs stat file is not in the expected format for process with pid 10309
2018-02-23 19:39:16,600 INFO org.apache.hadoop.yarn.server.nodemanager.containermanager.monitor.ContainersMonitorImpl: Memory usage of ProcessTree 11503 for container-id container_1519385105809_0001_01_000001: 379.2 MB of 2 GB physical memory used; 2.8 GB of 4.2 GB virtual memory used
2018-02-23 19:39:19,615 WARN org.apache.hadoop.yarn.util.ProcfsBasedProcessTree: Unexpected: procfs stat file is not in the expected format for process with pid 4539
2018-02-23 19:39:19,615 WARN org.apache.hadoop.yarn.util.ProcfsBasedProcessTree: Unexpected: procfs stat file is not in the expected format for process with pid 4596
2018-02-23 19:39:19,615 WARN org.apache.hadoop.yarn.util.ProcfsBasedProcessTree: Unexpected: procfs stat file is not in the expected format for process with pid 5453
2018-02-23 19:39:19,616 WARN org.apache.hadoop.yarn.util.ProcfsBasedProcessTree: Unexpected: procfs stat file is not in the expected format for process with pid 10309
2018-02-23 19:39:19,617 INFO org.apache.hadoop.yarn.server.nodemanager.containermanager.monitor.ContainersMonitorImpl: Memory usage of ProcessTree 11503 for container-id container_1519385105809_0001_01_000001: 379.2 MB of 2 GB physical memory used; 2.8 GB of 4.2 GB virtual memory used
2018-02-23 19:39:20,952 INFO org.apache.hadoop.yarn.server.nodemanager.containermanager.launcher.ContainerLaunch: Container container_1519385105809_0001_01_000001 succeeded 
2018-02-23 19:39:20,952 INFO org.apache.hadoop.yarn.server.nodemanager.containermanager.container.ContainerImpl: Container container_1519385105809_0001_01_000001 transitioned from RUNNING to EXITED_WITH_SUCCESS
2018-02-23 19:39:20,953 INFO org.apache.hadoop.yarn.server.nodemanager.containermanager.launcher.ContainerLaunch: Cleaning up container container_1519385105809_0001_01_000001
2018-02-23 19:39:20,963 INFO org.apache.hadoop.yarn.server.nodemanager.NMAuditLogger: USER=root	OPERATION=Container Finished - Succeeded	TARGET=ContainerImpl	RESULT=SUCCESS	APPID=application_1519385105809_0001	CONTAINERID=container_1519385105809_0001_01_000001
2018-02-23 19:39:20,963 INFO org.apache.hadoop.yarn.server.nodemanager.DefaultContainerExecutor: Deleting absolute path : /opt/hadoop-2.7.2/tmp/nm-local-dir/usercache/root/appcache/application_1519385105809_0001/container_1519385105809_0001_01_000001
2018-02-23 19:39:20,963 INFO org.apache.hadoop.yarn.server.nodemanager.containermanager.container.ContainerImpl: Container container_1519385105809_0001_01_000001 transitioned from EXITED_WITH_SUCCESS to DONE
2018-02-23 19:39:20,963 INFO org.apache.hadoop.yarn.server.nodemanager.containermanager.application.ApplicationImpl: Removing container_1519385105809_0001_01_000001 from application application_1519385105809_0001
2018-02-23 19:39:20,963 INFO org.apache.hadoop.yarn.server.nodemanager.containermanager.AuxServices: Got event CONTAINER_STOP for appId application_1519385105809_0001
2018-02-23 19:39:21,544 INFO SecurityLogger.org.apache.hadoop.ipc.Server: Auth successful for appattempt_1519385105809_0001_000001 (auth:SIMPLE)
2018-02-23 19:39:21,549 INFO org.apache.hadoop.yarn.server.nodemanager.containermanager.ContainerManagerImpl: Stopping container with container Id: container_1519385105809_0001_01_000001
2018-02-23 19:39:21,549 INFO org.apache.hadoop.yarn.server.nodemanager.NMAuditLogger: USER=root	IP=127.0.0.1	OPERATION=Stop Container Request	TARGET=ContainerManageImpl	RESULT=SUCCESS	APPID=application_1519385105809_0001	CONTAINERID=container_1519385105809_0001_01_000001
2018-02-23 19:39:21,551 INFO org.apache.hadoop.yarn.server.nodemanager.NodeStatusUpdaterImpl: Removed completed containers from NM context: [container_1519385105809_0001_01_000001]
2018-02-23 19:39:21,554 INFO org.apache.hadoop.yarn.server.nodemanager.containermanager.application.ApplicationImpl: Application application_1519385105809_0001 transitioned from RUNNING to APPLICATION_RESOURCES_CLEANINGUP
2018-02-23 19:39:21,554 INFO org.apache.hadoop.yarn.server.nodemanager.DefaultContainerExecutor: Deleting absolute path : /opt/hadoop-2.7.2/tmp/nm-local-dir/usercache/root/appcache/application_1519385105809_0001
2018-02-23 19:39:21,555 INFO org.apache.hadoop.yarn.server.nodemanager.containermanager.AuxServices: Got event APPLICATION_STOP for appId application_1519385105809_0001
2018-02-23 19:39:21,556 INFO org.apache.hadoop.yarn.server.nodemanager.containermanager.application.ApplicationImpl: Application application_1519385105809_0001 transitioned from APPLICATION_RESOURCES_CLEANINGUP to FINISHED
2018-02-23 19:39:21,557 INFO org.apache.hadoop.yarn.server.nodemanager.containermanager.loghandler.NonAggregatingLogHandler: Scheduling Log Deletion for application: application_1519385105809_0001, with delay of 10800 seconds
2018-02-23 19:39:22,618 INFO org.apache.hadoop.yarn.server.nodemanager.containermanager.monitor.ContainersMonitorImpl: Stopping resource-monitoring for container_1519385105809_0001_01_000001
2018-02-23 21:16:38,622 ERROR org.apache.hadoop.yarn.server.nodemanager.NodeManager: RECEIVED SIGNAL 15: SIGTERM
2018-02-23 21:16:38,658 INFO org.mortbay.log: Stopped HttpServer2$SelectChannelConnectorWithSafeStartup@0.0.0.0:8042
2018-02-23 21:16:38,661 INFO org.apache.hadoop.yarn.server.nodemanager.containermanager.ContainerManagerImpl: Applications still running : [application_1519385105809_0001]
2018-02-23 21:16:38,661 INFO org.apache.hadoop.yarn.server.nodemanager.containermanager.ContainerManagerImpl: Waiting for Applications to be Finished
2018-02-23 21:16:42,661 INFO org.apache.hadoop.yarn.server.nodemanager.containermanager.ContainerManagerImpl: Done waiting for Applications to be Finished. Still alive: [application_1519385105809_0001]
2018-02-23 21:16:42,662 INFO org.apache.hadoop.ipc.Server: Stopping server on 46541
2018-02-23 21:16:42,662 INFO org.apache.hadoop.ipc.Server: Stopping IPC Server Responder
2018-02-23 21:16:42,662 INFO org.apache.hadoop.ipc.Server: Stopping IPC Server listener on 46541
2018-02-23 21:16:52,664 WARN org.apache.hadoop.yarn.server.nodemanager.containermanager.monitor.ContainersMonitorImpl: org.apache.hadoop.yarn.server.nodemanager.containermanager.monitor.ContainersMonitorImpl is interrupted. Exiting.
2018-02-23 21:16:52,684 INFO org.apache.hadoop.ipc.Server: Stopping server on 8040
2018-02-23 21:16:52,684 INFO org.apache.hadoop.ipc.Server: Stopping IPC Server listener on 8040
2018-02-23 21:16:52,684 INFO org.apache.hadoop.ipc.Server: Stopping IPC Server Responder
2018-02-23 21:16:52,685 INFO org.apache.hadoop.yarn.server.nodemanager.containermanager.localizer.ResourceLocalizationService: Public cache exiting
2018-02-23 21:16:52,685 INFO org.apache.hadoop.metrics2.impl.MetricsSystemImpl: Stopping NodeManager metrics system...
2018-02-23 21:16:52,685 INFO org.apache.hadoop.metrics2.impl.MetricsSystemImpl: NodeManager metrics system stopped.
2018-02-23 21:16:52,685 INFO org.apache.hadoop.metrics2.impl.MetricsSystemImpl: NodeManager metrics system shutdown complete.
2018-02-23 21:16:52,686 INFO org.apache.hadoop.yarn.server.nodemanager.NodeManager: SHUTDOWN_MSG: 
/************************************************************
SHUTDOWN_MSG: Shutting down NodeManager at ustc-optiplex-7050/127.0.1.1
************************************************************/
